
     ######################################################################
   ##########################################################################
  ###                                                                      ###
 ###            Tinker  ---  Software Tools for Molecular Design            ###
 ##                                                                          ##
 ##                         Version 8.9.2  June 2021                         ##
 ##                                                                          ##
 ##               Copyright (c)  Jay William Ponder  1990-2021               ##
 ###                           All Rights Reserved                          ###
  ###                                                                      ###
   ##########################################################################
     ######################################################################


 Simulation Trajectory A and Thermodynamic State 0 :  

 
 Number of Frames :         781
 Temperature :           300.00

 Simulation Trajectory B and Thermodynamic State 1 :  

 
 Number of Frames :         317
 Temperature :           300.00

 Free Energy Difference via FEP Method :

 Free Energy via Forward FEP              -0.0885 +/-   0.0004 Kcal/mol
 Free Energy via Backward FEP             -0.0792 +/-   0.0006 Kcal/mol

 Free Energy Difference via BAR Method :

 BAR Iteration   0                        -0.0835 Kcal/mol
 BAR Iteration   1                        -0.0838 Kcal/mol
 BAR Iteration   2                        -0.0838 Kcal/mol

 Free Energy via BAR Iteration            -0.0838 +/-   0.0006 Kcal/mol
 Free Energy via BAR Bootstrap            -0.0838 +/-   0.0004 Kcal/mol

 Enthalpy from Potential Energy Averages :

 Average Energy for State 0               30.6534 +/-   0.1362 Kcal/mol
 Average Energy for State 1               30.5163 +/-   0.2142 Kcal/mol
 Enthalpy via Direct Estimate             -0.1371 +/-   0.2539 Kcal/mol

 Enthalpy and Entropy via FEP Method :

 Enthalpy via Forward FEP                 -0.0785 +/-   0.2717 Kcal/mol
 Entropy via Forward FEP                 0.000033 Kcal/mol/K
 Forward FEP -T*dS Value                  -0.0100 Kcal/mol

 Enthalpy via Backward FEP                -0.0775 +/-   0.4286 Kcal/mol
 Entropy via Backward FEP                0.000006 Kcal/mol/K
 Backward FEP -T*dS Value                 -0.0017 Kcal/mol

 Enthalpy and Entropy via BAR Method :

 Enthalpy via BAR Estimate                -0.0783 +/-   0.0022 Kcal/mol
 Entropy via BAR Estimate                0.000018 Kcal/mol/K
 BAR Estimate of -T*dS                    -0.0055 Kcal/mol
