
     ######################################################################
   ##########################################################################
  ###                                                                      ###
 ###            Tinker  ---  Software Tools for Molecular Design            ###
 ##                                                                          ##
 ##                         Version 8.9.2  June 2021                         ##
 ##                                                                          ##
 ##               Copyright (c)  Jay William Ponder  1990-2021               ##
 ###                           All Rights Reserved                          ###
  ###                                                                      ###
   ##########################################################################
     ######################################################################


 Simulation Trajectory A and Thermodynamic State 0 :  

 
 Number of Frames :         320
 Temperature :           300.00

 Simulation Trajectory B and Thermodynamic State 1 :  

 
 Number of Frames :         338
 Temperature :           300.00

 Free Energy Difference via FEP Method :

 Free Energy via Forward FEP              -1.0848 +/-   0.0156 Kcal/mol
 Free Energy via Backward FEP             -1.1328 +/-   0.0162 Kcal/mol

 Free Energy Difference via BAR Method :

 BAR Iteration   0                        -1.1312 Kcal/mol
 BAR Iteration   1                        -1.1229 Kcal/mol
 BAR Iteration   2                        -1.1231 Kcal/mol
 BAR Iteration   3                        -1.1231 Kcal/mol

 Free Energy via BAR Iteration            -1.1231 +/-   0.0195 Kcal/mol
 Free Energy via BAR Bootstrap            -1.1231 +/-   0.0115 Kcal/mol

 Enthalpy from Potential Energy Averages :

 Average Energy for State 0               24.5182 +/-   0.1935 Kcal/mol
 Average Energy for State 1               24.8327 +/-   0.1940 Kcal/mol
 Enthalpy via Direct Estimate              0.3145 +/-   0.2744 Kcal/mol

 Enthalpy and Entropy via FEP Method :

 Enthalpy via Forward FEP                 -0.8252 +/-   0.4147 Kcal/mol
 Entropy via Forward FEP                 0.000865 Kcal/mol/K
 Forward FEP -T*dS Value                  -0.2596 Kcal/mol

 Enthalpy via Backward FEP                -0.6487 +/-   0.3983 Kcal/mol
 Entropy via Backward FEP                0.001614 Kcal/mol/K
 Backward FEP -T*dS Value                 -0.4841 Kcal/mol

 Enthalpy and Entropy via BAR Method :

 Enthalpy via BAR Estimate                -0.6947 +/-   0.0748 Kcal/mol
 Entropy via BAR Estimate                0.001428 Kcal/mol/K
 BAR Estimate of -T*dS                    -0.4284 Kcal/mol
