
******** Analysis of SolvSimEle0_Vdw0.45_Gas/solvwaterboxproddyn.bar ********

             start_A  end_A start_B  end_B       g_A        g_B dF(kcal/mol) se_dF(kcal/mol)        dH       TdS     se_dH    dF_fwd    dF_bwd    dE_fwd    dE_bwd sd_dE_fwd sd_dE_bwd   overlap
all              0.0  391.0     0.0  414.0       1.0        1.0     0.015904        0.001577  0.024175  0.008271  0.008953  0.026296  0.008258  0.026548  0.005583  0.016968   0.05935  0.998595
uncorr           0.0  391.0     0.0  414.0  8.319149  11.828571     0.023961        0.003814 -0.015458 -0.039418  0.028182  0.028303  0.020065  0.028387  0.018194  0.009993  0.049653    0.9992
equ            345.0  391.0   350.0  414.0       1.0   1.672071     0.018187        0.001632   0.03533  0.017143  0.009744  0.026296  0.008196  0.026548  0.005575  0.016968  0.058711  0.998867
blockave_all   156.0  234.2   165.2  248.0       1.0        1.0     0.015907        0.004151  0.024546  0.008639  0.009309  0.026321  0.008112  0.026562  0.005629   0.01394  0.048522  0.998642
block1all        0.0   78.0     0.0   82.0       1.0        1.0     0.027006        0.000915  0.027256   0.00025  0.004463  0.029215  0.025039   0.02925  0.024865  0.006452  0.014587  0.999906
block2all       78.0  156.0    82.0  165.0       1.0        1.0     0.007324        0.004999 -0.007003 -0.014327  0.027492    0.0293 -0.008554  0.029342 -0.013967  0.007128  0.084394  0.997181
block3all      156.0  234.0   165.0  248.0       1.0        1.0     0.005477         0.00494  0.021166  0.015689  0.024945  0.028046  -0.01107  0.028115 -0.016324  0.009101  0.082394  0.997246
block4all      234.0  312.0   248.0  331.0       1.0        1.0     0.021829        0.001649  0.030663  0.008834  0.007941  0.024749  0.019314  0.024979  0.018837  0.016411  0.024113  0.999692
block5all      312.0  391.0   331.0  414.0       1.0        1.0     0.017899        0.002678  0.050651  0.032751  0.019926  0.020298  0.015828  0.021122  0.014735  0.030606  0.037121  0.999184

           dF_equ    dF_all  se_dF_block  se_dF_bar    dF_fwd    dF_bwd  ddF_fwd_bwd       dH     se_dH     sd_dE  overlap_all  overlap_equ    nA    nB
SUMMARY  0.018187  0.015904     0.004151   0.001632  0.026296  0.008258     0.018039  0.03533  0.009744  0.061728     0.998595     0.998867  46.0  38.0

******** Analysis of SolvSimEle0_Vdw0.52_Gas/solvwaterboxproddyn.bar ********

             start_A  end_A start_B  end_B        g_A        g_B dF(kcal/mol) se_dF(kcal/mol)        dH       TdS     se_dH    dF_fwd    dF_bwd    dE_fwd    dE_bwd sd_dE_fwd sd_dE_bwd   overlap
all              0.0  372.0     0.0  404.0        1.0        1.0    -0.072781        0.003091 -0.009444  0.063337   0.01812 -0.113853 -0.044266 -0.102945 -0.046269  0.107884  0.051724  0.994821
uncorr           0.0  372.0     0.0  404.0  28.615385  11.222222     -0.06651        0.013692   0.02429    0.0908   0.06825 -0.138098 -0.053055 -0.111808   -0.0588   0.15888  0.091502  0.995274
equ            210.0  372.0   340.0  404.0   2.930035        1.0    -0.056965        0.002801  -0.00178  0.055184  0.017384 -0.111071 -0.044266 -0.100829 -0.046269  0.104245  0.051724  0.997884
blockave_all   148.4  222.8   161.2  242.0        1.0        1.0    -0.072796        0.014073 -0.007661  0.065135  0.015801 -0.110361 -0.044385 -0.102757 -0.046229  0.082303  0.042132  0.995339
block1all        0.0   74.0     0.0   80.0        1.0        1.0    -0.028169        0.001391 -0.013575  0.014594  0.008155   -0.0265 -0.029713 -0.026254  -0.02996  0.017079  0.017248  0.999791
block2all       74.0  148.0    80.0  161.0        1.0        1.0     -0.07281        0.006816  0.041514  0.114324  0.042568 -0.126164 -0.033996 -0.116019 -0.034398   0.10719  0.022007   0.99497
block3all      148.0  223.0   161.0  242.0        1.0        1.0    -0.115185        0.009878  0.007203  0.122389  0.051245 -0.215639 -0.040437 -0.198037 -0.040931  0.140002   0.02438  0.989421
block4all      223.0  297.0   242.0  323.0        1.0        1.0    -0.083129        0.005779 -0.054476  0.028653  0.037496 -0.100568 -0.068145 -0.095997 -0.072236  0.070482  0.074708  0.996379
block5all      297.0  372.0   323.0  404.0        1.0        1.0    -0.064687        0.005952  -0.01897  0.045717  0.038436 -0.082932 -0.049635 -0.077477  -0.05362   0.07676  0.072315  0.996133

           dF_equ    dF_all  se_dF_block  se_dF_bar    dF_fwd    dF_bwd  ddF_fwd_bwd       dH     se_dH     sd_dE  overlap_all  overlap_equ    nA    nB
SUMMARY -0.056965 -0.072781     0.014073   0.002801 -0.113853 -0.044266     0.069587 -0.00178  0.017384  0.119642     0.994821     0.997884  55.0  64.0

******** Analysis of SolvSimEle0_Vdw0.56_Gas/solvwaterboxproddyn.bar ********

             start_A  end_A start_B  end_B       g_A        g_B dF(kcal/mol) se_dF(kcal/mol)        dH       TdS     se_dH    dF_fwd    dF_bwd    dE_fwd    dE_bwd sd_dE_fwd sd_dE_bwd   overlap
all              0.0  359.0     0.0  385.0       1.0        1.0    -0.130169        0.004446 -0.033006  0.097163  0.026192 -0.102518 -0.149008 -0.095917  -0.16492  0.082279  0.147893  0.989771
uncorr           0.0  359.0     0.0  385.0  4.378049  32.083333    -0.116557        0.011223 -0.021655  0.094903  0.083397 -0.108962  -0.16754 -0.101399 -0.177736  0.089224  0.112899  0.996574
equ              0.0  359.0   210.0  385.0  4.900411   3.006437    -0.137507        0.008843 -0.000532  0.136975  0.050805 -0.098101 -0.151998 -0.094489 -0.170293  0.063692  0.160564  0.989873
blockave_all   143.2  215.0   154.0  231.0       1.0        1.0    -0.130538        0.025505 -0.044484  0.086054  0.033221 -0.101588 -0.152938 -0.095805  -0.16492  0.068915  0.110232  0.991353
block1all        0.0   71.0     0.0   77.0       1.0        1.0    -0.056018         0.00174  -0.03257  0.023449  0.010713 -0.055685 -0.056284 -0.055334 -0.056682  0.020385  0.021862  0.999686
block2all       71.0  143.0    77.0  154.0       1.0        1.0    -0.147715        0.010744  0.057138  0.204853  0.067274 -0.107903 -0.177543 -0.099838 -0.194852  0.091574   0.14853  0.988059
block3all      143.0  215.0   154.0  231.0       1.0        1.0    -0.213046        0.014643 -0.143591  0.069456  0.081226 -0.145886 -0.266058 -0.131117 -0.295065  0.122478  0.195994  0.978044
block4all      215.0  287.0   231.0  308.0       1.0        1.0    -0.113639        0.005823 -0.080661  0.032978  0.031307 -0.080746 -0.141315 -0.079342 -0.146275  0.040322  0.079362  0.996462
block5all      287.0  359.0   308.0  385.0       1.0        1.0     -0.12227        0.007258 -0.022737  0.099533  0.052059 -0.117721 -0.123492 -0.113393 -0.131725  0.069814  0.105412  0.994515

           dF_equ    dF_all  se_dF_block  se_dF_bar    dF_fwd    dF_bwd  ddF_fwd_bwd        dH     se_dH    sd_dE  overlap_all  overlap_equ    nA    nB
SUMMARY -0.137507 -0.130169     0.025505   0.008843 -0.102518 -0.149008     0.046491 -0.000532  0.050805  0.16924     0.989771     0.989873  73.0  58.0

******** Analysis of SolvSimEle0_Vdw0.58_Gas/solvwaterboxproddyn.bar ********

             start_A  end_A start_B  end_B       g_A      g_B dF(kcal/mol) se_dF(kcal/mol)        dH       TdS     se_dH    dF_fwd    dF_bwd    dE_fwd    dE_bwd sd_dE_fwd sd_dE_bwd   overlap
all              0.0  363.0     0.0  371.0       1.0      1.0    -0.067155        0.001864 -0.033979  0.033177  0.011393 -0.055466 -0.076356 -0.054823 -0.079499  0.027217  0.064604  0.998209
uncorr           0.0  363.0     0.0  371.0    4.5375  4.52439    -0.069234        0.004076 -0.024323  0.044911  0.021859 -0.055949  -0.07994 -0.055306 -0.083233  0.027234  0.065668  0.998122
equ              0.0  363.0     0.0  371.0  5.175234   5.0804    -0.067928         0.00413 -0.027984  0.039943  0.020987 -0.056528 -0.076967 -0.055816 -0.079855  0.028638  0.062204  0.998288
blockave_all   144.8  217.4   148.0  222.2       1.0      1.0    -0.067143        0.005147 -0.040076  0.027067  0.009165 -0.055409 -0.076572 -0.054822 -0.079466  0.024323  0.054957  0.998279
block1all        0.0   72.0     0.0   74.0       1.0      1.0    -0.053643        0.002242   -0.0464  0.007243  0.013451 -0.059259 -0.048846 -0.058312 -0.049136  0.032996  0.018778  0.999484
block2all       72.0  145.0    74.0  148.0       1.0      1.0    -0.063963        0.004478 -0.007674  0.056289  0.023068 -0.046125 -0.078164 -0.045949 -0.082061  0.014439  0.071877  0.997931
block3all      145.0  217.0   148.0  222.0       1.0      1.0    -0.078094        0.006081 -0.050886  0.027207  0.035406  -0.05095 -0.098416 -0.050775 -0.105447  0.014427   0.09726  0.996217
block4all      217.0  290.0   222.0  296.0       1.0      1.0    -0.059979        0.002389 -0.061067 -0.001088  0.015155 -0.051507 -0.067936 -0.051084  -0.06878  0.022249  0.032034   0.99941
block5all      290.0  363.0   296.0  371.0       1.0      1.0    -0.080036        0.003978 -0.034353  0.045684  0.029093 -0.069204 -0.089497 -0.067988 -0.091905  0.037506  0.054835  0.998355

           dF_equ    dF_all  se_dF_block  se_dF_bar    dF_fwd    dF_bwd  ddF_fwd_bwd        dH     se_dH     sd_dE  overlap_all  overlap_equ    nA    nB
SUMMARY -0.067928 -0.067155     0.005147    0.00413 -0.055466 -0.076356      0.02089 -0.027984  0.020987  0.070103     0.998209     0.998288  70.0  73.0

******** Analysis of SolvSimEle0_Vdw0.62_Gas/solvwaterboxproddyn.bar ********

             start_A  end_A start_B  end_B       g_A        g_B dF(kcal/mol) se_dF(kcal/mol)        dH       TdS     se_dH    dF_fwd    dF_bwd    dE_fwd    dE_bwd sd_dE_fwd sd_dE_bwd   overlap
all              0.0  348.0     0.0  352.0       1.0        1.0    -0.113694        0.002556  -0.06546  0.048234  0.014623 -0.104998 -0.121421 -0.101844 -0.125895  0.057129  0.076792  0.996794
uncorr           0.0  348.0     0.0  352.0  3.222222  10.666667    -0.108392        0.005229 -0.044403  0.063989  0.025457 -0.111032  -0.10241 -0.107691 -0.104491  0.060018   0.05086  0.998063
equ             16.0  348.0   288.0  352.0  3.696346   2.053514    -0.119641        0.004169 -0.098437  0.021204  0.024437 -0.102722 -0.128237 -0.099736 -0.132637  0.056265  0.074902  0.997042
blockave_all   138.8  208.4   140.4  210.8       1.0        1.0    -0.113691        0.008144 -0.072384  0.041307  0.011636 -0.104753 -0.121875 -0.101764 -0.125876  0.051448  0.066659  0.996971
block1all        0.0   69.0     0.0   70.0       1.0        1.0    -0.107998        0.004796 -0.093521  0.014477  0.030718 -0.087372 -0.125864  -0.08658 -0.129424  0.030519  0.068692  0.997756
block2all       69.0  139.0    70.0  140.0       1.0        1.0    -0.125728        0.007307  -0.10717  0.018558  0.037997 -0.120705 -0.133057 -0.113091 -0.139126  0.086081  0.087796  0.994769
block3all      139.0  208.0   140.0  211.0       1.0        1.0    -0.090882        0.002337 -0.052566  0.038316  0.013617 -0.089906 -0.091812 -0.089281 -0.092465  0.027118  0.028102  0.999463
block4all      208.0  278.0   211.0  281.0       1.0        1.0    -0.106217        0.004042 -0.056096  0.050121  0.025581 -0.112492 -0.100607 -0.110273  -0.10225  0.050216  0.045234  0.998394
block5all      278.0  348.0   281.0  352.0       1.0        1.0    -0.137627        0.007485 -0.052564  0.085063  0.041667 -0.113291 -0.158036 -0.109597 -0.166114  0.063306  0.103468  0.994474

           dF_equ    dF_all  se_dF_block  se_dF_bar    dF_fwd    dF_bwd  ddF_fwd_bwd        dH     se_dH     sd_dE  overlap_all  overlap_equ    nA    nB
SUMMARY -0.119641 -0.113694     0.008144   0.004169 -0.104998 -0.121421     0.016423 -0.098437  0.024437  0.095711     0.996794     0.997042  89.0  31.0

******** Analysis of SolvSimEle0_Vdw0.64_Gas/solvwaterboxproddyn.bar ********

             start_A  end_A start_B  end_B       g_A       g_B dF(kcal/mol) se_dF(kcal/mol)        dH       TdS     se_dH    dF_fwd    dF_bwd    dE_fwd    dE_bwd sd_dE_fwd sd_dE_bwd   overlap
all              0.0  329.0     0.0  359.0       1.0       1.0    -0.130408        0.002423 -0.076493  0.053915  0.013506   -0.1293 -0.130549 -0.126668 -0.134597  0.053681  0.075149  0.997171
uncorr           0.0  329.0     0.0  359.0  3.194175  3.263636    -0.130274        0.004112 -0.079003   0.05127  0.021739 -0.129373 -0.129935 -0.127192 -0.133594  0.049755    0.0692  0.997486
equ              0.0  329.0    15.0  359.0    6.8875  3.747146    -0.131565        0.005271 -0.098819  0.032746  0.031032 -0.146149 -0.126803 -0.139864 -0.129505  0.080363  0.058744  0.997547
blockave_all   131.2  197.0   143.2  215.0       1.0       1.0    -0.130373        0.004037 -0.078185  0.052188  0.011368 -0.128995 -0.130642 -0.126639 -0.134538  0.047757  0.067439  0.997217
block1all        0.0   65.0     0.0   71.0       1.0       1.0    -0.115062        0.003164  -0.09845  0.016612  0.018585  -0.11809 -0.112064 -0.117082 -0.113332  0.034236  0.039241  0.999045
block2all       65.0  131.0    71.0  143.0       1.0       1.0    -0.135595        0.006887 -0.103359  0.032236  0.037148 -0.123233 -0.141199 -0.122105 -0.149783  0.036364  0.113636  0.995425
block3all      131.0  197.0   143.0  215.0       1.0       1.0     -0.13636        0.005494 -0.069086  0.067274  0.030295 -0.163189 -0.117332 -0.156717 -0.118333  0.083348  0.034834  0.997084
block4all      197.0  263.0   215.0  287.0       1.0       1.0    -0.135588        0.004999 -0.079979  0.055609   0.02718 -0.128179 -0.141269 -0.126092 -0.144693   0.04908  0.065936  0.997585
block5all      263.0  329.0   287.0  359.0       1.0       1.0     -0.12926        0.005621 -0.040053  0.089207  0.032564 -0.112284 -0.141346 -0.111198 -0.146547  0.035755  0.083549  0.996948

           dF_equ    dF_all  se_dF_block  se_dF_bar  dF_fwd    dF_bwd  ddF_fwd_bwd        dH     se_dH     sd_dE  overlap_all  overlap_equ    nA    nB
SUMMARY -0.131565 -0.130408     0.004037   0.005271 -0.1293 -0.130549     0.001249 -0.098819  0.031032  0.092353     0.997171     0.997547  47.0  91.0

******** Analysis of SolvSimEle0_Vdw0.67_Gas/solvwaterboxproddyn.bar ********

             start_A  end_A start_B  end_B       g_A       g_B dF(kcal/mol) se_dF(kcal/mol)        dH       TdS     se_dH    dF_fwd    dF_bwd    dE_fwd    dE_bwd sd_dE_fwd sd_dE_bwd   overlap
all              0.0  322.0     0.0  341.0       1.0       1.0    -0.263479        0.004353 -0.138134  0.125345  0.027015 -0.278225 -0.256187 -0.263487 -0.265888  0.118656  0.116374  0.991246
uncorr           0.0  322.0     0.0  341.0  2.775862  3.186916    -0.268081         0.00834 -0.123292  0.144789  0.044854 -0.292981 -0.257679 -0.270177 -0.267483  0.140721  0.114992   0.98932
equ             12.0  322.0     0.0  341.0  3.280748  6.380902    -0.269876        0.011616 -0.011075  0.258802  0.065383 -0.299255 -0.248101 -0.272707 -0.256153  0.152315  0.103292  0.987109
blockave_all   128.4  192.8   136.0  204.2       1.0       1.0    -0.263472        0.006692 -0.138872    0.1246  0.026429 -0.277765 -0.256613 -0.263412 -0.265933  0.115366    0.1067  0.991353
block1all        0.0   64.0     0.0   68.0       1.0       1.0    -0.246516         0.00843 -0.136542  0.109974  0.049522 -0.276598 -0.241038 -0.251122 -0.245246  0.136841  0.072738  0.993451
block2all       64.0  128.0    68.0  136.0       1.0       1.0    -0.255095        0.007912 -0.237939  0.017156  0.044855  -0.26945 -0.247737 -0.258973 -0.252369  0.106497  0.075857  0.994226
block3all      128.0  193.0   136.0  204.0       1.0       1.0    -0.283817         0.01228 -0.085489  0.198327  0.088684 -0.261268 -0.298853 -0.250543 -0.320085  0.104373  0.176625  0.986095
block4all      193.0  257.0   204.0  272.0       1.0       1.0    -0.258497        0.008279  -0.13062  0.127877  0.053945 -0.262793 -0.253445 -0.256039  -0.26165  0.088418  0.102285  0.993681
block5all      257.0  322.0   272.0  341.0       1.0       1.0    -0.273435        0.010709 -0.103767  0.169668  0.052823 -0.318714 -0.241993 -0.300382 -0.250317    0.1407  0.105996  0.989314

           dF_equ    dF_all  se_dF_block  se_dF_bar    dF_fwd    dF_bwd  ddF_fwd_bwd        dH     se_dH     sd_dE  overlap_all  overlap_equ    nA    nB
SUMMARY -0.269876 -0.263479     0.006692   0.011616 -0.278225 -0.256187     0.022039 -0.011075  0.065383  0.166199     0.991246     0.987109  94.0  53.0

******** Analysis of SolvSimEle0_Vdw0.6_Gas/solvwaterboxproddyn.bar ********

             start_A  end_A start_B  end_B       g_A       g_B dF(kcal/mol) se_dF(kcal/mol)        dH       TdS     se_dH    dF_fwd    dF_bwd    dE_fwd    dE_bwd sd_dE_fwd sd_dE_bwd   overlap
all              0.0  342.0     0.0  374.0       1.0       1.0    -0.084568        0.001814 -0.057509  0.027059  0.011112 -0.096114 -0.075874 -0.093115 -0.077058  0.057381   0.03848  0.998348
uncorr           0.0  342.0     0.0  374.0   10.6875  5.753846    -0.084179         0.00484 -0.044511  0.039668  0.029129 -0.107449 -0.074011 -0.104384 -0.075302  0.058913  0.040021  0.998588
equ             88.0  342.0     0.0  374.0  8.735474   6.72225    -0.082179        0.004432 -0.080108  0.002071  0.026903 -0.098544 -0.072413 -0.095767 -0.073064  0.056257   0.02809  0.998741
blockave_all   136.4  204.8   149.2  224.0       1.0       1.0     -0.08458        0.007131 -0.060956  0.023623  0.002846 -0.095668 -0.075998 -0.093112 -0.077068  0.048233  0.033386  0.998486
block1all        0.0   68.0     0.0   74.0       1.0       1.0    -0.085444        0.003439 -0.054517  0.030927  0.022299 -0.091863 -0.079225 -0.090694 -0.080785  0.036881  0.044188  0.998822
block2all       68.0  136.0    74.0  149.0       1.0       1.0    -0.085524        0.004784 -0.071224  0.014299  0.025427 -0.116026 -0.062445 -0.111176 -0.062729  0.073764  0.018467  0.997708
block3all      136.0  205.0   149.0  224.0       1.0       1.0    -0.067724         0.00165  -0.05802  0.009704  0.010746 -0.066237 -0.069157 -0.065875 -0.069453  0.020651  0.018852  0.999725
block4all      205.0  273.0   224.0  299.0       1.0       1.0    -0.074525        0.002604 -0.058761  0.015764  0.018093 -0.077231 -0.072244 -0.076328 -0.072985  0.032373  0.030061   0.99932
block5all      273.0  342.0   299.0  374.0       1.0       1.0    -0.109681        0.005584 -0.062258  0.047423  0.032818  -0.12698 -0.096921 -0.121487 -0.099385  0.077497  0.055363  0.996857

           dF_equ    dF_all  se_dF_block  se_dF_bar    dF_fwd    dF_bwd  ddF_fwd_bwd        dH     se_dH     sd_dE  overlap_all  overlap_equ    nA    nB
SUMMARY -0.082179 -0.084568     0.007131   0.004432 -0.096114 -0.075874     0.020241 -0.080108  0.026903  0.069089     0.998348     0.998741  29.0  55.0

******** Analysis of SolvSimEle0_Vdw0.75_Gas/solvwaterboxproddyn.bar ********

             start_A  end_A start_B  end_B       g_A       g_B dF(kcal/mol) se_dF(kcal/mol)        dH       TdS     se_dH    dF_fwd    dF_bwd    dE_fwd    dE_bwd sd_dE_fwd sd_dE_bwd   overlap
all              0.0  325.0     0.0  327.0       1.0       1.0    -0.826886        0.010306 -0.494855  0.332031  0.066144 -0.847266 -0.820835 -0.782882 -0.891983  0.243261  0.356386  0.953544
uncorr           0.0  325.0     0.0  327.0  1.846591   1.96988    -0.825786        0.013437 -0.539943  0.285843  0.091488 -0.814201 -0.829211 -0.772581 -0.887713  0.213488  0.289801  0.958635
equ             72.0  325.0     8.0  327.0  1.030941  2.320197    -0.837556        0.014061 -0.460109  0.377447  0.088119 -0.848219 -0.833574 -0.783407 -0.914549  0.243912  0.401471  0.948834
blockave_all   130.0  195.0   130.4  195.8       1.0       1.0    -0.826962        0.012635 -0.503216  0.323745  0.114591 -0.844788 -0.821598 -0.782882 -0.891701  0.237648  0.339912  0.953827
block1all        0.0   65.0     0.0   65.0       1.0       1.0    -0.805853        0.022394 -0.862043  -0.05619  0.118298 -0.745859 -0.833504 -0.721228 -0.919123  0.168044  0.413617  0.956147
block2all       65.0  130.0    65.0  130.0       1.0       1.0     -0.79994        0.020034 -0.440868  0.359072  0.123016 -0.888104 -0.773797 -0.796118 -0.812763  0.265426  0.224747  0.964593
block3all      130.0  195.0   130.0  196.0       1.0       1.0    -0.852659        0.022267 -0.576402  0.276258  0.138508 -0.896338  -0.82737 -0.833877 -0.887402  0.251588  0.317537  0.956306
block4all      195.0  260.0   196.0  261.0       1.0       1.0    -0.814671        0.022164 -0.486162  0.328509  0.136555 -0.867618 -0.800018 -0.790894 -0.851003  0.268082  0.279506  0.957005
block5all      260.0  325.0   261.0  327.0       1.0       1.0    -0.861685        0.027447 -0.150607  0.711078  0.187961 -0.826021   -0.8733 -0.772291 -0.988215  0.235099  0.464152  0.935086

           dF_equ    dF_all  se_dF_block  se_dF_bar    dF_fwd    dF_bwd  ddF_fwd_bwd        dH     se_dH     sd_dE  overlap_all  overlap_equ     nA     nB
SUMMARY -0.837556 -0.826886     0.012635   0.014061 -0.847266 -0.820835     0.026431 -0.460109  0.088119  0.431494     0.953544     0.948834  245.0  137.0

******** Analysis of SolvSimEle0_Vdw0.7_Gas/solvwaterboxproddyn.bar ********

             start_A  end_A start_B  end_B       g_A       g_B dF(kcal/mol) se_dF(kcal/mol)        dH       TdS     se_dH    dF_fwd    dF_bwd    dE_fwd    dE_bwd sd_dE_fwd sd_dE_bwd   overlap
all              0.0  316.0     0.0  333.0       1.0       1.0     -0.35974         0.00555 -0.184738  0.175002  0.038825 -0.361485 -0.356834 -0.346395 -0.377149   0.12272  0.175739  0.986142
uncorr           0.0  316.0     0.0  333.0  2.092715  2.822034    -0.354816        0.007564 -0.249359  0.105457  0.050068 -0.366491 -0.345259 -0.351705 -0.356937  0.123618  0.123999  0.989529
equ              8.0  316.0    12.0  333.0  2.061898  3.280518    -0.359407        0.009526 -0.190924  0.168484  0.058738 -0.355706 -0.350768 -0.345664 -0.377924  0.105326  0.215792  0.984703
blockave_all   126.0  189.2   132.8  199.4       1.0       1.0    -0.359746         0.00981 -0.199069  0.160677  0.036911 -0.361084 -0.357196 -0.346337 -0.377052  0.120014   0.17039  0.986373
block1all        0.0   63.0     0.0   66.0       1.0       1.0    -0.353612        0.012909 -0.255774  0.097839  0.082165  -0.38316 -0.337965 -0.358384  -0.35937  0.148799  0.207611  0.985109
block2all       63.0  126.0    66.0  133.0       1.0       1.0    -0.342458        0.010964 -0.248567   0.09389  0.062579 -0.327958 -0.347289 -0.321308 -0.364878    0.0877  0.155497  0.989136
block3all      126.0  189.0   133.0  199.0       1.0       1.0    -0.349071        0.011515 -0.077731   0.27134  0.124903   -0.3535 -0.346333 -0.339041 -0.362344  0.118912   0.15355  0.988117
block4all      189.0  252.0   199.0  266.0       1.0       1.0    -0.355667        0.010433 -0.264712  0.090955  0.064846 -0.360099 -0.351202 -0.348298  -0.36411  0.112544  0.127143  0.990152
block5all      252.0  316.0   266.0  333.0       1.0       1.0    -0.397923         0.01513  -0.14856  0.249363  0.085101 -0.380705 -0.403192 -0.364652 -0.434557  0.132116  0.208149   0.97935

           dF_equ   dF_all  se_dF_block  se_dF_bar    dF_fwd    dF_bwd  ddF_fwd_bwd        dH     se_dH     sd_dE  overlap_all  overlap_equ     nA    nB
SUMMARY -0.359407 -0.35974      0.00981   0.009526 -0.361485 -0.356834     0.004651 -0.190924  0.058738  0.214346     0.986142     0.984703  149.0  97.0

******** Analysis of SolvSimEle0_Vdw0.85_Gas/solvwaterboxproddyn.bar ********

             start_A  end_A start_B  end_B       g_A       g_B dF(kcal/mol) se_dF(kcal/mol)        dH       TdS     se_dH    dF_fwd    dF_bwd    dE_fwd    dE_bwd sd_dE_fwd sd_dE_bwd   overlap
all              0.0  322.0     0.0  333.0       1.0       1.0    -1.394015         0.01227  -1.06288  0.331135  0.072636 -1.400801 -1.408882  -1.30746 -1.492866  0.300087  0.339182  0.935148
uncorr           0.0  322.0     0.0  333.0  1.252918  1.160279    -1.387041        0.013357  -1.07186  0.315182  0.080633 -1.396695 -1.403761 -1.300318 -1.485758  0.302823  0.337771  0.936367
equ             28.0  322.0     0.0  333.0  1.510382  1.130332    -1.399036        0.013966 -1.047462  0.351574  0.083701 -1.415801 -1.410114  -1.31219 -1.498205  0.308086  0.348328   0.93651
blockave_all   128.4  192.8   132.8  199.4       1.0       1.0    -1.394112        0.015592 -1.084931  0.309181  0.066864 -1.399451 -1.409195 -1.307629 -1.492623  0.296175   0.33504  0.935645
block1all        0.0   64.0     0.0   66.0       1.0       1.0    -1.377069        0.027544 -0.880526  0.496542  0.153291 -1.457618 -1.370556 -1.324222 -1.440329   0.35353  0.293972  0.935133
block2all       64.0  128.0    66.0  133.0       1.0       1.0    -1.451845        0.029152 -1.112357  0.339488  0.156197   -1.4336 -1.433838 -1.369266  -1.54694  0.275862  0.395738  0.927406
block3all      128.0  193.0   133.0  199.0       1.0       1.0    -1.359671          0.0257   -1.2831  0.076571  0.128059  -1.33239 -1.392633 -1.263191 -1.464005   0.27024  0.307926  0.942624
block4all      193.0  257.0   199.0  266.0       1.0       1.0    -1.386924        0.027852 -1.013559  0.373366  0.177803 -1.380662 -1.425558 -1.283686  -1.50179  0.313276   0.32733  0.933312
block5all      257.0  322.0   266.0  333.0       1.0       1.0    -1.395051        0.026279 -1.135114  0.259937   0.17818 -1.392986 -1.423392  -1.29778 -1.510054  0.267966  0.350231  0.939749

           dF_equ    dF_all  se_dF_block  se_dF_bar    dF_fwd    dF_bwd  ddF_fwd_bwd        dH     se_dH     sd_dE  overlap_all  overlap_equ     nA     nB
SUMMARY -1.399036 -1.394015     0.015592   0.013966 -1.400801 -1.408882     0.008081 -1.047462  0.083701  0.452876     0.935148      0.93651  194.0  294.0

******** Analysis of SolvSimEle0_Vdw0.8_Gas/solvwaterboxproddyn.bar ********

             start_A  end_A start_B  end_B       g_A       g_B dF(kcal/mol) se_dF(kcal/mol)        dH       TdS     se_dH    dF_fwd    dF_bwd    dE_fwd    dE_bwd sd_dE_fwd sd_dE_bwd   overlap
all              0.0  320.0     0.0  338.0       1.0       1.0     -1.12348        0.011684 -0.609122  0.514358   0.07655 -1.084971 -1.132516 -1.035928 -1.231693  0.230173  0.400878  0.940607
uncorr           0.0  320.0     0.0  338.0  1.111111  1.827027    -1.130319        0.014851 -0.550641  0.579677  0.097506 -1.085169 -1.150914 -1.034933 -1.265105  0.232635  0.443664   0.93474
equ              0.0  320.0    36.0  338.0  1.112951   1.13827    -1.127255        0.012493 -0.577544   0.54971   0.08415 -1.085169 -1.141628 -1.034933 -1.241346  0.232635  0.404392  0.939856
blockave_all   128.0  192.0   134.8  202.4       1.0       1.0    -1.123795        0.015726 -0.608069  0.515726  0.085363 -1.084414 -1.133828 -1.035928 -1.231609  0.228786  0.389602  0.940907
block1all        0.0   64.0     0.0   67.0       1.0       1.0    -1.064797        0.020951 -0.873157   0.19164  0.112102 -1.042567 -1.071793 -1.005988 -1.126627  0.206202  0.265979  0.961139
block2all       64.0  128.0    67.0  135.0       1.0       1.0    -1.132517        0.026332 -0.573606  0.558912  0.176348 -1.122319 -1.131297 -1.062767 -1.235201  0.257863   0.45892  0.939561
block3all      128.0  192.0   135.0  202.0       1.0       1.0     -1.15608        0.028445 -0.601544  0.554536  0.173493 -1.077579 -1.196306 -1.027345 -1.308094  0.228847  0.414795  0.930644
block4all      192.0  256.0   202.0  270.0       1.0       1.0    -1.142413        0.028417 -0.339296  0.803117  0.211918  -1.09404 -1.142933 -1.045455 -1.267787  0.228602  0.449941  0.930302
block5all      256.0  320.0   270.0  338.0       1.0       1.0    -1.123167        0.025551 -0.652741  0.470426  0.158699 -1.085565 -1.126812 -1.038086 -1.220335  0.222416  0.358375  0.942888

           dF_equ   dF_all  se_dF_block  se_dF_bar    dF_fwd    dF_bwd  ddF_fwd_bwd        dH    se_dH     sd_dE  overlap_all  overlap_equ     nA     nB
SUMMARY -1.127255 -1.12348     0.015726   0.012493 -1.084971 -1.132516     0.047545 -0.577544  0.08415  0.462258     0.940607     0.939856  287.0  265.0

******** Analysis of SolvSimEle0_Vdw0.95_Gas/solvwaterboxproddyn.bar ********

             start_A  end_A start_B  end_B  g_A       g_B dF(kcal/mol) se_dF(kcal/mol)        dH       TdS     se_dH    dF_fwd    dF_bwd    dE_fwd    dE_bwd sd_dE_fwd sd_dE_bwd   overlap
all              0.0  312.0     0.0  333.0  1.0       1.0    -1.741198        0.015232 -1.356341  0.384856  0.088606 -1.710339 -1.761097 -1.600746 -1.893554  0.349693  0.419449  0.904836
uncorr           0.0  312.0     0.0  333.0  1.0  1.256604    -1.744862        0.016379 -1.383804  0.361058  0.095022 -1.710339 -1.770542 -1.600746 -1.906974  0.349693  0.426281  0.902385
equ              0.0  312.0    36.0  333.0  1.0  1.308766    -1.731069        0.016215 -1.427884  0.303185  0.094658 -1.710339 -1.749054 -1.600746 -1.878216  0.349693  0.419093  0.906129
blockave_all   124.4  186.8   132.8  199.4  1.0       1.0    -1.741122        0.016019 -1.355167  0.385954  0.080686 -1.709214 -1.762635 -1.600814 -1.893744  0.346246  0.415068  0.905209
block1all        0.0   62.0     0.0   66.0  1.0       1.0    -1.759829        0.035679 -1.167538  0.592291  0.211556 -1.719992 -1.795617 -1.598477 -1.935989  0.357391  0.430726  0.897247
block2all       62.0  124.0    66.0  133.0  1.0       1.0    -1.693671        0.032139 -1.651102  0.042569  0.175393  -1.67244 -1.717185 -1.567035 -1.825067  0.347767  0.372192  0.914415
block3all      124.0  187.0   133.0  199.0  1.0       1.0    -1.716526        0.038995 -1.277665  0.438861  0.216129 -1.658548 -1.734329 -1.537071 -1.914695  0.370343  0.491074  0.878797
block4all      187.0  249.0   199.0  266.0  1.0       1.0    -1.751926         0.03112 -1.361447  0.390479  0.177744 -1.756481 -1.736168 -1.658274 -1.856437  0.340956   0.40111  0.919326
block5all      249.0  312.0   266.0  333.0  1.0       1.0    -1.783656        0.031627 -1.318085  0.465571  0.202999 -1.738609 -1.829877 -1.643211 -1.936531  0.314774  0.380237   0.91626

           dF_equ    dF_all  se_dF_block  se_dF_bar    dF_fwd    dF_bwd  ddF_fwd_bwd        dH     se_dH     sd_dE  overlap_all  overlap_equ     nA     nB
SUMMARY -1.731069 -1.741198     0.016019   0.016215 -1.710339 -1.761097     0.050758 -1.427884  0.094658  0.546098     0.904836     0.906129  312.0  226.0

******** Analysis of SolvSimEle0_Vdw0.9_Gas/solvwaterboxproddyn.bar ********

             start_A  end_A start_B  end_B       g_A       g_B dF(kcal/mol) se_dF(kcal/mol)        dH       TdS     se_dH    dF_fwd    dF_bwd    dE_fwd    dE_bwd sd_dE_fwd sd_dE_bwd   overlap
all              0.0  320.0     0.0  333.0       1.0       1.0    -1.631263        0.013757 -1.171779  0.459484   0.07967  -1.65315 -1.623071  -1.54685 -1.732722  0.337918  0.400177  0.920046
uncorr           0.0  320.0     0.0  333.0  1.207547   1.26616    -1.626757         0.01519 -1.175167   0.45159  0.082791 -1.652218 -1.616929 -1.545614 -1.723629  0.338269  0.395876  0.921197
equ             36.0  320.0     4.0  333.0  1.294997  1.497822    -1.645432        0.016717 -1.212477  0.432956  0.091618  -1.67745 -1.617575 -1.568763 -1.738532  0.339712   0.42339  0.915798
blockave_all   128.0  192.0   132.8  199.4       1.0       1.0    -1.631494        0.010341 -1.165723  0.465772  0.117799 -1.649409 -1.624346  -1.54685 -1.732628  0.331574  0.395238  0.920143
block1all        0.0   64.0     0.0   66.0       1.0       1.0    -1.667939        0.033648  -0.81973  0.848209  0.216875 -1.709815 -1.620873 -1.600061 -1.762859  0.349647   0.46936  0.906191
block2all       64.0  128.0    66.0  133.0       1.0       1.0    -1.639345        0.031197 -1.073543  0.565802  0.170209  -1.54701 -1.691483 -1.479383 -1.805819  0.280335  0.378441  0.917731
block3all      128.0  192.0   133.0  199.0       1.0       1.0    -1.620019         0.03223 -1.497318  0.122701  0.169441  -1.72965 -1.579697 -1.580045 -1.670982  0.415065  0.351481  0.913258
block4all      192.0  256.0   199.0  266.0       1.0       1.0    -1.608824        0.030336 -1.089227  0.519597  0.182716 -1.655383 -1.584501 -1.537738 -1.700949  0.332698  0.411949  0.921859
block5all      256.0  320.0   266.0  333.0       1.0       1.0    -1.621344        0.025931 -1.348795  0.272549  0.138495 -1.605189 -1.645178 -1.537023 -1.722528  0.280122  0.364961  0.941678

           dF_equ    dF_all  se_dF_block  se_dF_bar   dF_fwd    dF_bwd  ddF_fwd_bwd        dH     se_dH     sd_dE  overlap_all  overlap_equ     nA     nB
SUMMARY -1.645432 -1.631263     0.010341   0.016717 -1.65315 -1.623071     0.030078 -1.212477  0.091618  0.523765     0.920046     0.915798  219.0  219.0

******** Analysis of SolvSimEle0_Vdw1_Gas/solvwaterboxproddyn.bar ********

             start_A  end_A start_B  end_B       g_A       g_B dF(kcal/mol) se_dF(kcal/mol)        dH       TdS     se_dH    dF_fwd    dF_bwd    dE_fwd    dE_bwd sd_dE_fwd sd_dE_bwd   overlap
all              0.0  950.0     0.0  324.0       1.0       1.0    -1.647334        0.011094 -1.382991  0.264343  0.070032 -1.642058  -1.65458 -1.528625 -1.781624  0.355495  0.404453  0.922781
uncorr           0.0  950.0     0.0  324.0   2.60989  1.018868    -1.660798        0.014254 -1.440502  0.220296  0.086885 -1.651141 -1.657511 -1.547321 -1.783803  0.343846     0.403  0.911644
equ            169.0  950.0     0.0  324.0  1.207813       1.0    -1.646701        0.011801 -1.400322  0.246379  0.073896 -1.642103  -1.65458 -1.527126 -1.781624  0.356281  0.404453  0.917506
blockave_all   380.0  570.0   129.2  194.0       1.0       1.0    -1.646584         0.02101 -1.371881  0.274703  0.067456 -1.639781 -1.658682 -1.528625 -1.781605  0.351045  0.399342  0.923429
block1all        0.0  190.0     0.0   64.0       1.0       1.0    -1.580649        0.024649 -1.365131  0.215519  0.145727 -1.539574 -1.651502 -1.445714 -1.775414  0.325879  0.407568  0.924343
block2all      190.0  380.0    64.0  129.0       1.0       1.0    -1.618119        0.026141 -1.556018  0.062102  0.168162 -1.650113 -1.592303 -1.502535 -1.715418  0.400044  0.385481  0.914804
block3all      380.0  570.0   129.0  194.0       1.0       1.0    -1.672644         0.02393 -1.146666  0.525977  0.160781 -1.690315 -1.573349 -1.584064 -1.727178  0.342069  0.433957  0.927604
block4all      570.0  760.0   194.0  259.0       1.0       1.0    -1.662638         0.02328 -1.446736  0.215902  0.144647 -1.642709 -1.726324 -1.543598 -1.819622  0.334834  0.353281  0.931221
block5all      760.0  950.0   259.0  324.0       1.0       1.0     -1.69887        0.025401 -1.344854  0.354016   0.15799 -1.676193 -1.749933 -1.567215 -1.870392    0.3524  0.416421  0.919172

           dF_equ    dF_all  se_dF_block  se_dF_bar    dF_fwd   dF_bwd  ddF_fwd_bwd        dH     se_dH     sd_dE  overlap_all  overlap_equ     nA     nB
SUMMARY -1.646701 -1.647334      0.02101   0.011801 -1.642058 -1.65458     0.012523 -1.400322  0.073896  0.538478     0.922781     0.917506  646.0  324.0

******** Analysis of SolvSimEle1_Vdw1_Gas/solvwaterboxproddyn.bar ********

             start_A  end_A start_B  end_B        g_A        g_B dF(kcal/mol) se_dF(kcal/mol)        dH       TdS     se_dH    dF_fwd    dF_bwd    dE_fwd    dE_bwd sd_dE_fwd sd_dE_bwd   overlap
all              0.0  766.0     0.0  804.0        1.0        1.0    -0.089991        0.000916 -0.062127  0.027863  0.005899 -0.091888 -0.088049 -0.090854 -0.089213  0.035313  0.037208  0.999074
uncorr           0.0  766.0     0.0  804.0   36.47619  30.923077    -0.091844        0.005327 -0.085841  0.006003  0.035096  -0.09535 -0.088593 -0.094443 -0.089828  0.033097  0.038316   0.99909
equ             80.0  766.0   275.0  804.0  24.363489  19.561716    -0.087994        0.004598 -0.057303   0.03069  0.026106 -0.090384 -0.085682 -0.089445 -0.087205  0.033589  0.042638  0.998951
blockave_all   306.0  459.2   321.2  482.0        1.0        1.0    -0.089981        0.005299  -0.06436  0.025621  0.012459 -0.091659 -0.088083 -0.090852 -0.089205  0.029424  0.035275  0.999153
block1all        0.0  153.0     0.0  160.0        1.0        1.0    -0.071195        0.002474  -0.01677  0.054424  0.015167 -0.060546 -0.080658 -0.059425 -0.082526  0.036463   0.04709  0.998655
block2all      153.0  306.0   160.0  321.0        1.0        1.0    -0.099261        0.002038 -0.073393  0.025868  0.014103 -0.104598 -0.092701 -0.104297 -0.094517  0.019014  0.046422  0.999084
block3all      306.0  459.0   321.0  482.0        1.0        1.0    -0.099289        0.001357 -0.086409   0.01288  0.009138 -0.106588 -0.092072  -0.10629 -0.092659  0.018816  0.026479  0.999594
block4all      459.0  612.0   482.0  643.0        1.0        1.0    -0.094322        0.002028 -0.080851   0.01347  0.012684 -0.093173 -0.096506 -0.091525 -0.097027  0.044482  0.025002  0.999093
block5all      612.0  766.0   643.0  804.0        1.0        1.0     -0.08584        0.001728 -0.064377  0.021463  0.009772 -0.093392 -0.078478 -0.092722 -0.079294  0.028342  0.031381  0.999339

           dF_equ    dF_all  se_dF_block  se_dF_bar    dF_fwd    dF_bwd  ddF_fwd_bwd        dH     se_dH     sd_dE  overlap_all  overlap_equ    nA    nB
SUMMARY -0.087994 -0.089991     0.005299   0.004598 -0.091888 -0.088049     0.003838 -0.057303  0.026106  0.051297     0.999074     0.998951  28.0  27.0

******** Analysis of SolvSimEle0.1_Vdw1_Gas/solvwaterboxproddyn.bar ********

             start_A  end_A start_B  end_B        g_A       g_B dF(kcal/mol) se_dF(kcal/mol)        dH       TdS     se_dH    dF_fwd    dF_bwd    dE_fwd    dE_bwd sd_dE_fwd sd_dE_bwd overlap
all              0.0  298.0     0.0  980.0        1.0       1.0    -0.010445        0.000018 -0.010115   0.00033  0.000107 -0.010234  -0.01051 -0.010234  -0.01051  0.000558  0.000655     1.0
uncorr           0.0  298.0     0.0  980.0  27.090909      70.0    -0.010468        0.000111 -0.009893  0.000575  0.000439 -0.010437 -0.010493 -0.010436 -0.010493  0.000446  0.000627     1.0
equ            264.0  298.0   286.0  980.0   1.113441  8.989575    -0.010312        0.000031 -0.009978  0.000334  0.000194 -0.010225 -0.010525 -0.010225 -0.010526  0.000552  0.000676     1.0
blockave_all   118.8  178.4   392.0  588.0        1.0       1.0    -0.010445        0.000094 -0.010186  0.000259  0.000071 -0.010233  -0.01051 -0.010233  -0.01051  0.000488  0.000578     1.0
block1all        0.0   59.0     0.0  196.0        1.0       1.0    -0.010666        0.000046 -0.010401  0.000265  0.000276 -0.009914 -0.010893 -0.009914 -0.010893  0.000448  0.000655     1.0
block2all       59.0  119.0   196.0  392.0        1.0       1.0    -0.010622        0.000047 -0.010205  0.000417  0.000284 -0.010033 -0.010802 -0.010033 -0.010803  0.000437  0.000733     1.0
block3all      119.0  178.0   392.0  588.0        1.0       1.0    -0.010145        0.000028 -0.010103  0.000042  0.000183 -0.010117 -0.010153 -0.010117 -0.010153  0.000523  0.000426     1.0
block4all      178.0  238.0   588.0  784.0        1.0       1.0    -0.010364        0.000037 -0.009978  0.000386  0.000229 -0.010507  -0.01032 -0.010507  -0.01032  0.000513  0.000604     1.0
block5all      238.0  298.0   784.0  980.0        1.0       1.0     -0.01043        0.000031 -0.010243  0.000187  0.000186 -0.010594  -0.01038 -0.010593  -0.01038  0.000518   0.00047     1.0

           dF_equ    dF_all  se_dF_block  se_dF_bar    dF_fwd   dF_bwd  ddF_fwd_bwd        dH     se_dH     sd_dE  overlap_all  overlap_equ    nA    nB
SUMMARY -0.010312 -0.010445     0.000094   0.000031 -0.010234 -0.01051     0.000275 -0.009978  0.000194  0.000861          1.0          1.0  30.0  77.0

******** Analysis of SolvSimEle0.2_Vdw1_Gas/solvwaterboxproddyn.bar ********

             start_A  end_A start_B  end_B       g_A        g_B dF(kcal/mol) se_dF(kcal/mol)        dH       TdS     se_dH    dF_fwd    dF_bwd    dE_fwd    dE_bwd sd_dE_fwd sd_dE_bwd   overlap
all              0.0  312.0     0.0  310.0       1.0        1.0    -0.029527        0.000072 -0.028722  0.000804  0.000472 -0.029752   -0.0293  -0.02975 -0.029302  0.001811   0.00177  0.999998
uncorr           0.0  312.0     0.0  310.0      20.8  34.444444    -0.029323        0.000485 -0.024297  0.005026  0.002344 -0.029441 -0.029141 -0.029436 -0.029144  0.002486  0.002042  0.999996
equ            272.0  312.0   196.0  310.0  1.201802   3.765919    -0.029647        0.000099 -0.028787  0.000861  0.000605 -0.029756 -0.029303 -0.029753 -0.029306  0.001816  0.001828  0.999998
blockave_all   124.4  186.8   124.0  186.0       1.0        1.0    -0.029525        0.000472  -0.02894  0.000585  0.000655 -0.029747   -0.0293 -0.029745 -0.029302  0.001476   0.00147  0.999998
block1all        0.0   62.0     0.0   62.0       1.0        1.0    -0.028345        0.000125  -0.02747  0.000876  0.000874 -0.028523 -0.028168 -0.028521 -0.028169  0.001428  0.001321  0.999999
block2all       62.0  124.0    62.0  124.0       1.0        1.0       -0.029        0.000129 -0.028203  0.000797  0.000978 -0.029434 -0.028566 -0.029432 -0.028568  0.001436   0.00131  0.999999
block3all      124.0  187.0   124.0  186.0       1.0        1.0    -0.029186         0.00013 -0.028082  0.001104  0.000751 -0.029511 -0.028856  -0.02951 -0.028858  0.001188  0.001608  0.999999
block4all      187.0  249.0   186.0  248.0       1.0        1.0    -0.030002        0.000121 -0.030942  -0.00094  0.000877 -0.029745 -0.030259 -0.029744 -0.030261  0.001161   0.00147  0.999999
block5all      249.0  312.0   248.0  310.0       1.0        1.0     -0.03109        0.000176 -0.030003  0.001087  0.001166 -0.031521 -0.030653 -0.031517 -0.030655  0.002168  0.001641  0.999997

           dF_equ    dF_all  se_dF_block  se_dF_bar    dF_fwd  dF_bwd  ddF_fwd_bwd        dH     se_dH     sd_dE  overlap_all  overlap_equ    nA    nB
SUMMARY -0.029647 -0.029527     0.000472   0.000099 -0.029752 -0.0293     0.000453 -0.028787  0.000605  0.002532     0.999998     0.999998  33.0  30.0

******** Analysis of SolvSimEle0.3_Vdw1_Gas/solvwaterboxproddyn.bar ********

             start_A  end_A start_B  end_B       g_A        g_B dF(kcal/mol) se_dF(kcal/mol)        dH       TdS     se_dH    dF_fwd    dF_bwd    dE_fwd    dE_bwd sd_dE_fwd sd_dE_bwd   overlap
all              0.0  854.0     0.0  323.0       1.0        1.0    -0.047448        0.000096 -0.045955  0.001493  0.000597 -0.047572 -0.047123 -0.047563 -0.047132  0.003338  0.003151  0.999994
uncorr           0.0  854.0     0.0  323.0      30.5  26.916667    -0.047738        0.000556 -0.041832  0.005906  0.004073 -0.048074  -0.04688 -0.048064 -0.046891  0.003339  0.003662  0.999993
equ            204.0  854.0   288.0  323.0  10.66756        1.0    -0.047278        0.000159 -0.045662  0.001616  0.000967 -0.047903 -0.047123 -0.047894 -0.047132  0.003299  0.003151  0.999995
blockave_all   341.2  512.0   128.8  193.4       1.0        1.0    -0.047448        0.000073 -0.045946  0.001502  0.000624 -0.047573 -0.047117 -0.047564 -0.047122   0.00323   0.00244  0.999994
block1all        0.0  170.0     0.0   64.0       1.0        1.0    -0.047462        0.000261 -0.045486  0.001977  0.001547 -0.048553 -0.044573  -0.04854 -0.044578  0.003913  0.002463  0.999991
block2all      170.0  341.0    64.0  129.0       1.0        1.0    -0.047198        0.000217 -0.045464  0.001734   0.00144 -0.047372 -0.046748 -0.047361 -0.046754  0.003578   0.00254  0.999994
block3all      341.0  512.0   129.0  193.0       1.0        1.0    -0.047408        0.000189 -0.045057  0.002351  0.001142 -0.047738 -0.046533  -0.04773 -0.046536  0.003092   0.00202  0.999995
block4all      512.0  683.0   193.0  258.0       1.0        1.0    -0.047633        0.000158 -0.048422 -0.000789  0.001044 -0.047806 -0.047183   -0.0478 -0.047186  0.002568  0.001934  0.999997
block5all      683.0  854.0   258.0  323.0       1.0        1.0     -0.04754        0.000234   -0.0453   0.00224  0.001425 -0.046395 -0.050547 -0.046387 -0.050555  0.002999  0.003245  0.999993

           dF_equ    dF_all  se_dF_block  se_dF_bar    dF_fwd    dF_bwd  ddF_fwd_bwd        dH     se_dH    sd_dE  overlap_all  overlap_equ    nA    nB
SUMMARY -0.047278 -0.047448     0.000073   0.000159 -0.047572 -0.047123     0.000449 -0.045662  0.000967  0.00459     0.999994     0.999995  60.0  35.0

******** Analysis of SolvSimEle0.4_Vdw1_Gas/solvwaterboxproddyn.bar ********

             start_A  end_A start_B  end_B        g_A        g_B dF(kcal/mol) se_dF(kcal/mol)        dH       TdS     se_dH    dF_fwd    dF_bwd    dE_fwd    dE_bwd sd_dE_fwd sd_dE_bwd   overlap
all              0.0  828.0     0.0  885.0        1.0        1.0    -0.063062        0.000125 -0.060084  0.002978  0.000758 -0.063177 -0.062955 -0.063154 -0.062977  0.005272  0.005101  0.999981
uncorr           0.0  828.0     0.0  885.0  43.578947  31.607143    -0.062445        0.000883 -0.055431  0.007014  0.005262 -0.062753 -0.062242 -0.062722  -0.06227  0.006084  0.005816  0.999976
equ            781.0  828.0   204.0  885.0   1.589687  11.660253    -0.063052        0.000215 -0.060235  0.002817  0.001272 -0.063086 -0.062811 -0.063063 -0.062836  0.005191  0.005488  0.999992
blockave_all   330.8  496.4   354.0  531.0        1.0        1.0    -0.063062        0.000595  -0.06009  0.002972  0.001502 -0.063171 -0.062956 -0.063152 -0.062977  0.004701  0.004965  0.999982
block1all        0.0  165.0     0.0  177.0        1.0        1.0    -0.064015        0.000296 -0.062345   0.00167  0.001865 -0.063233 -0.064735 -0.063213 -0.064764  0.004791  0.005929  0.999979
block2all      165.0  331.0   177.0  354.0        1.0        1.0      -0.0649          0.0003 -0.063141  0.001759  0.001892 -0.067749 -0.062221 -0.067734 -0.062245  0.004329  0.005268  0.999978
block3all      331.0  496.0   354.0  531.0        1.0        1.0     -0.06238        0.000257 -0.056929  0.005451  0.001378 -0.061496 -0.063208 -0.061476 -0.063224  0.004879  0.004461  0.999984
block4all      496.0  662.0   531.0  708.0        1.0        1.0     -0.06223        0.000238 -0.062052  0.000178  0.001458 -0.061808  -0.06263  -0.06179 -0.062644  0.004656  0.004108  0.999986
block5all      662.0  828.0   708.0  885.0        1.0        1.0    -0.061785        0.000268 -0.055982  0.005803  0.001594 -0.061567 -0.061988 -0.061548 -0.062009  0.004852   0.00506  0.999983

           dF_equ    dF_all  se_dF_block  se_dF_bar    dF_fwd    dF_bwd  ddF_fwd_bwd        dH     se_dH     sd_dE  overlap_all  overlap_equ    nA    nB
SUMMARY -0.063052 -0.063062     0.000595   0.000215 -0.063177 -0.062955     0.000222 -0.060235  0.001272  0.007336     0.999981     0.999992  29.0  58.0

******** Analysis of SolvSimEle0.5_Vdw1_Gas/solvwaterboxproddyn.bar ********

             start_A  end_A start_B  end_B        g_A        g_B dF(kcal/mol) se_dF(kcal/mol)        dH       TdS     se_dH    dF_fwd    dF_bwd    dE_fwd    dE_bwd sd_dE_fwd sd_dE_bwd   overlap
all              0.0  305.0     0.0  859.0        1.0        1.0    -0.075043        0.000238 -0.071304  0.003739   0.00146 -0.070688 -0.076591 -0.070641 -0.076642  0.007477  0.007777  0.999964
uncorr           0.0  305.0     0.0  859.0  27.727273  45.210526      -0.0743        0.001854 -0.040871  0.033429  0.012863 -0.070204 -0.076652 -0.070145 -0.076742  0.008334  0.010353  0.999933
equ              0.0  305.0   780.0  859.0  31.515827    2.39387    -0.076737         0.00041 -0.069975  0.006761  0.002571 -0.069045  -0.07693 -0.069022 -0.076981  0.005182  0.007814  0.999996
blockave_all   122.0  183.0   343.2  515.0        1.0        1.0    -0.075046        0.001391 -0.070899  0.004146  0.002171 -0.070671 -0.076604 -0.070641 -0.076642  0.005782  0.006649  0.999968
block1all        0.0   61.0     0.0  171.0        1.0        1.0    -0.074655        0.000486  -0.07495 -0.000294  0.002997 -0.068913   -0.0767 -0.068892 -0.076741  0.005021  0.007002   0.99997
block2all       61.0  122.0   171.0  343.0        1.0        1.0     -0.07965         0.00059 -0.076216  0.003434  0.003565 -0.067785 -0.083874 -0.067774 -0.083905  0.003588  0.006074  0.999956
block3all      122.0  183.0   343.0  515.0        1.0        1.0    -0.070888         0.00043 -0.067579   0.00331  0.002654 -0.066751 -0.072363 -0.066715 -0.072392  0.006568  0.005895  0.999977
block4all      183.0  244.0   515.0  687.0        1.0        1.0    -0.075181        0.000457 -0.071065  0.004116  0.002981  -0.07939 -0.073688 -0.079359 -0.073725   0.00608  0.006681  0.999974
block5all      244.0  305.0   687.0  859.0        1.0        1.0    -0.074855        0.000527 -0.064688  0.010167   0.00313 -0.070516 -0.076398 -0.070467 -0.076446  0.007655  0.007592  0.999965

           dF_equ    dF_all  se_dF_block  se_dF_bar    dF_fwd    dF_bwd  ddF_fwd_bwd        dH     se_dH     sd_dE  overlap_all  overlap_equ   nA    nB
SUMMARY -0.076737 -0.075043     0.001391    0.00041 -0.070688 -0.076591     0.005903 -0.069975  0.002571  0.010788     0.999964     0.999996  9.0  33.0

******** Analysis of SolvSimEle0.6_Vdw1_Gas/solvwaterboxproddyn.bar ********

             start_A  end_A start_B  end_B        g_A        g_B dF(kcal/mol) se_dF(kcal/mol)        dH       TdS     se_dH    dF_fwd    dF_bwd    dE_fwd    dE_bwd sd_dE_fwd sd_dE_bwd   overlap
all              0.0  781.0     0.0  317.0        1.0        1.0    -0.085812        0.000352 -0.078185  0.007627  0.002244 -0.088492 -0.079188 -0.088393 -0.079286    0.0109   0.01085  0.999922
uncorr           0.0  781.0     0.0  317.0      31.24  26.416667    -0.084427         0.00193 -0.074158  0.010269  0.011432 -0.086758 -0.079115 -0.086656 -0.079218   0.01104  0.011091   0.99992
equ            319.0  781.0   304.0  317.0  14.411925        1.0    -0.080491        0.000596 -0.077334  0.003157  0.003901 -0.088238 -0.079188 -0.088107 -0.079286  0.012447   0.01085  0.999954
blockave_all   312.0  468.2   126.4  189.8        1.0        1.0    -0.085798         0.00208 -0.078124  0.007674  0.003255 -0.088471 -0.079232 -0.088386 -0.079297  0.009774  0.008393  0.999932
block1all        0.0  156.0     0.0   63.0        1.0        1.0    -0.082766        0.000561  -0.07986  0.002906  0.003147   -0.0855 -0.075983 -0.085456 -0.076021  0.007287  0.006707   0.99996
block2all      156.0  312.0    63.0  126.0        1.0        1.0    -0.079568        0.000833 -0.070092  0.009476  0.004991 -0.081837 -0.074132 -0.081681 -0.074152  0.013594  0.004911  0.999912
block3all      312.0  468.0   126.0  190.0        1.0        1.0    -0.086357        0.000758 -0.086462 -0.000106  0.005049 -0.091219 -0.074397 -0.091169 -0.074475  0.007715  0.009629  0.999927
block4all      468.0  624.0   190.0  253.0        1.0        1.0    -0.090581        0.000601 -0.083136  0.007444  0.003765 -0.090418 -0.091006 -0.090347  -0.09106  0.009194  0.008071  0.999954
block5all      624.0  781.0   253.0  317.0        1.0        1.0    -0.089717        0.000866 -0.071069  0.018648  0.005059 -0.093382 -0.080642 -0.093279 -0.080777  0.011081  0.012647  0.999904

           dF_equ    dF_all  se_dF_block  se_dF_bar    dF_fwd    dF_bwd  ddF_fwd_bwd        dH     se_dH     sd_dE  overlap_all  overlap_equ    nA    nB
SUMMARY -0.080491 -0.085812      0.00208   0.000596 -0.088492 -0.079188     0.009304 -0.077334  0.003901  0.015379     0.999922     0.999954  32.0  13.0

******** Analysis of SolvSimEle0.7_Vdw1_Gas/solvwaterboxproddyn.bar ********

             start_A  end_A start_B  end_B   g_A        g_B dF(kcal/mol) se_dF(kcal/mol)        dH       TdS     se_dH    dF_fwd    dF_bwd    dE_fwd    dE_bwd sd_dE_fwd sd_dE_bwd   overlap
all              0.0  774.0     0.0  812.0   1.0        1.0    -0.093889        0.000403 -0.082464  0.011425  0.002609 -0.091915 -0.095829 -0.091672 -0.096013  0.016963  0.014815  0.999819
uncorr           0.0  774.0     0.0  812.0  77.4      32.48    -0.094279        0.002516 -0.088651  0.005628  0.014636 -0.088762 -0.096225 -0.088656  -0.09642  0.011233  0.015323  0.999882
equ            760.0  774.0   264.0  812.0   1.0  19.710865     -0.09211        0.000596 -0.083169  0.008941  0.003917 -0.091915 -0.095855 -0.091672 -0.096056  0.016963  0.015509  0.999961
blockave_all   309.2  464.0   324.4  486.8   1.0        1.0    -0.093887        0.003503  -0.08368  0.010207  0.003559 -0.091829 -0.095848 -0.091666  -0.09601   0.01358  0.013411  0.999854
block1all        0.0  154.0     0.0  162.0   1.0        1.0    -0.089417         0.00067 -0.078587  0.010829  0.004307 -0.086439 -0.092313 -0.086293 -0.092392   0.01315  0.009695    0.9999
block2all      154.0  309.0   162.0  324.0   1.0        1.0    -0.087012         0.00093 -0.076264  0.010748  0.005521 -0.084924 -0.088814 -0.084803 -0.089138  0.012035  0.019714  0.999807
block3all      309.0  464.0   324.0  487.0   1.0        1.0    -0.098911        0.000866  -0.09171  0.007201  0.005708 -0.099676 -0.098435 -0.099344  -0.09851  0.019857  0.009475  0.999833
block4all      464.0  619.0   487.0  649.0   1.0        1.0    -0.105203        0.000729 -0.092917  0.012286   0.00445 -0.106676  -0.10372 -0.106575 -0.103897  0.010952   0.01455  0.999881
block5all      619.0  774.0   649.0  812.0   1.0        1.0    -0.088894         0.00083 -0.078924   0.00997  0.005344 -0.081432 -0.095957 -0.081313 -0.096112  0.011908   0.01362  0.999846

          dF_equ    dF_all  se_dF_block  se_dF_bar    dF_fwd    dF_bwd  ddF_fwd_bwd        dH     se_dH     sd_dE  overlap_all  overlap_equ    nA    nB
SUMMARY -0.09211 -0.093889     0.003503   0.000596 -0.091915 -0.095829     0.003914 -0.083169  0.003917  0.022522     0.999819     0.999961  14.0  27.0

******** Analysis of SolvSimEle0.8_Vdw1_Gas/solvwaterboxproddyn.bar ********

             start_A  end_A start_B  end_B       g_A       g_B dF(kcal/mol) se_dF(kcal/mol)        dH       TdS     se_dH    dF_fwd    dF_bwd    dE_fwd    dE_bwd sd_dE_fwd sd_dE_bwd   overlap
all              0.0  769.0     0.0  807.0       1.0       1.0    -0.090823        0.000941 -0.038888  0.051935  0.039947 -0.088237 -0.093947  -0.04754 -0.094371  1.140984  0.022552   0.99902
uncorr           0.0  769.0     0.0  807.0  1.081575      80.7    -0.088223        0.001103 -0.035146  0.053077  0.043178 -0.088218 -0.089346 -0.044225 -0.089711  1.186536  0.021002   0.99997
equ              0.0  769.0   759.0  807.0  1.092003  3.519956     -0.08935        0.001075 -0.032249  0.057101  0.043506 -0.088206 -0.093535 -0.043778 -0.093954  1.192411  0.022422  0.999439
blockave_all   307.2  461.0   322.4  483.8       1.0       1.0    -0.090818        0.003852 -0.041634  0.049184  0.044113 -0.088209 -0.094094 -0.047603 -0.094373  0.520931  0.017821  0.999046
block1all        0.0  153.0     0.0  161.0       1.0       1.0    -0.091148        0.001008    -0.078  0.013148  0.006324 -0.096389 -0.086171 -0.096142 -0.086417  0.017164  0.017228  0.999776
block2all      153.0  307.0   161.0  322.0       1.0       1.0    -0.090566        0.000971  -0.09194 -0.001374  0.006124 -0.095154  -0.08622 -0.094899  -0.08643  0.017517  0.015871  0.999791
block3all      307.0  461.0   322.0  484.0       1.0       1.0    -0.098364        0.001267 -0.090754   0.00761  0.008075 -0.088257 -0.107566 -0.088132 -0.108115  0.012206  0.025591  0.999643
block4all      461.0  615.0   484.0  645.0       1.0       1.0    -0.097269        0.001237 -0.081982  0.015287  0.009153 -0.081968 -0.111892 -0.081768 -0.112114  0.015465  0.016278  0.999661
block5all      615.0  769.0   645.0  807.0       1.0       1.0    -0.076744        0.004055  0.134507  0.211251  0.196325 -0.079275 -0.078622  0.122925  -0.07879  2.542305  0.014138   0.99636

          dF_equ    dF_all  se_dF_block  se_dF_bar    dF_fwd    dF_bwd  ddF_fwd_bwd        dH     se_dH     sd_dE  overlap_all  overlap_equ     nA    nB
SUMMARY -0.08935 -0.090823     0.003852   0.001075 -0.088237 -0.093947      0.00571 -0.032249  0.043506  1.141207      0.99902     0.999439  704.0  13.0

******** Sum of 24 files [..xproddyn.bar ... ..xproddyn.bar] ********

             start_A    end_A start_B    end_B        g_A       g_B dF(kcal/mol) se_dF(kcal/mol)        dH       TdS     se_dH     dF_fwd     dF_bwd    dE_fwd     dE_bwd sd_dE_fwd sd_dE_bwd   overlap
all              0.0  11378.0     0.0  11418.0        1.0       1.0   -10.156305        0.032256   -7.1304  3.025905  0.200601 -10.136203 -10.186712 -9.500938 -10.875581  1.388045  0.997219  0.904836
uncorr           0.0  11378.0     0.0  11418.0  15.531063  19.68954   -10.132691        0.043188  -7.19575  2.936941   0.26616 -10.171791 -10.197319 -9.537572 -10.873083  1.426307  0.981658  0.902385
equ           3664.0  11378.0  4655.0  11418.0   5.532519  4.705866   -10.170901         0.04062 -7.064819  3.106082  0.246391 -10.199619 -10.178832 -9.538449 -10.895878  1.435183  1.034488  0.906129
blockave_all  4543.6   6819.2  4559.2   6842.8        1.0       1.0    -10.15651        0.090368 -7.189986  2.966524  0.166273 -10.117921 -10.202139 -9.500654   -10.8748   1.16265  0.983453  0.905209
block1all        0.0   2266.0     0.0   2272.0        1.0       1.0    -9.835263        0.070807 -7.146087  2.689176  0.418058  -9.832746  -9.909997 -9.256596 -10.561914  0.774599   0.98024  0.897247
block2all     2266.0   4541.0  2272.0   4557.0        1.0       1.0   -10.144779        0.071796 -7.626696  2.518083  0.419495 -10.110737 -10.143967 -9.524235 -10.811885   0.79183  0.967828  0.914415
block3all     4541.0   6818.0  4557.0   6841.0        1.0       1.0   -10.309229        0.076142  -7.45478  2.854449  0.450508 -10.304702 -10.236736 -9.679347 -10.987726  0.827171  1.017204  0.878797
block4all     6818.0   9093.0  6841.0   9126.0        1.0       1.0   -10.145595        0.069377 -7.053481  3.092113  0.439178 -10.147251 -10.219553 -9.577533 -10.839965  0.773066  0.944331  0.919326
block5all     9093.0  11378.0  9126.0  11418.0        1.0       1.0   -10.347687        0.070778 -6.668887    3.6788  0.485447 -10.194169 -10.500441  -9.46556  -11.17251  2.646586  1.007661   0.91626

******** SUMMARY ********

