
******** Analysis of SolvSimEle0_Vdw0/solvwaterboxproddyn.bar ********

             start_A   end_A start_B   end_B       g_A       g_B dF(kcal/mol) se_dF(kcal/mol)        dH       TdS     se_dH    dF_fwd    dF_bwd    dE_fwd    dE_bwd sd_dE_fwd sd_dE_bwd   overlap
all              0.0  1000.0     0.0  1000.0       1.0       1.0     0.150814        0.002032 -0.108524 -0.259338  0.317128  0.150861  0.151215  0.157613  0.144011  0.089469  0.092408  0.994226
uncorr           0.0  1000.0     0.0  1000.0   1.20919  2.173913      0.15085        0.002519  0.148903 -0.001947  0.389277  0.151264  0.150559   0.15795  0.143483  0.089061  0.092031  0.994752
equ              0.0  1000.0    14.0  1000.0  1.352068  1.929744     0.149118        0.002616  0.104713 -0.044405    0.3955  0.149883  0.149216  0.156691  0.141366  0.089907  0.096592  0.994171
blockave_all   400.0   600.0   400.0   600.0       1.0       1.0     0.150814        0.001935 -0.065332 -0.216146  0.404321   0.15088  0.151165  0.157613  0.144011  0.089077  0.091984  0.994236
block1all        0.0   200.0     0.0   200.0       1.0       1.0     0.147129        0.004784 -0.778469 -0.925598   0.69376   0.14742  0.146134  0.155442  0.138802  0.097745    0.0937  0.993601
block2all      200.0   400.0   200.0   400.0       1.0       1.0     0.151577        0.004575  0.709983  0.558406  0.757931  0.155988  0.147083  0.163059  0.140091  0.091429  0.090824  0.994146
block3all      400.0   600.0   400.0   600.0       1.0       1.0     0.153773        0.004367  -1.28459 -1.438363  0.677821  0.157439  0.148764  0.164476  0.142999  0.090642  0.083113  0.994662
block4all      600.0   800.0   600.0   800.0       1.0       1.0     0.155895        0.004673  0.469527  0.313632  0.738656  0.147508  0.166434   0.15397  0.157927  0.087797  0.099457  0.993892
block5all      800.0  1000.0   800.0  1000.0       1.0       1.0     0.145698        0.004277   0.55689  0.411192  0.643543  0.146046  0.147408   0.15112  0.140236  0.077773  0.092825   0.99488

           dF_equ    dF_all  se_dF_block  se_dF_bar    dF_fwd    dF_bwd  ddF_fwd_bwd        dH   se_dH     sd_dE  overlap_all  overlap_equ     nA     nB
SUMMARY  0.149118  0.150814     0.001935   0.002616  0.150861  0.151215     0.000354  0.104713  0.3955  0.128623     0.994226     0.994171  739.0  510.0

******** Analysis of SolvSimEle0_Vdw0.45/solvwaterboxproddyn.bar ********

             start_A   end_A start_B   end_B       g_A       g_B dF(kcal/mol) se_dF(kcal/mol)        dH       TdS     se_dH    dF_fwd    dF_bwd    dE_fwd    dE_bwd sd_dE_fwd sd_dE_bwd   overlap
all              0.0  1000.0     0.0  1000.0       1.0       1.0     1.575142        0.006106  1.457718 -0.117424  0.951612  1.567163   1.58659  1.629206  1.519327  0.271866  0.287119  0.950161
uncorr           0.0  1000.0     0.0  1000.0  2.564103  1.485884     1.584452        0.008452  1.106297 -0.478155  1.411071  1.577264  1.586409  1.644659  1.522526  0.285048  0.277359  0.952812
equ             14.0  1000.0    14.0  1000.0  2.858054  1.320535     1.582565        0.008111  1.687642  0.105077  1.280875  1.564172  1.589536  1.628986  1.525372   0.27537  0.284579  0.957655
blockave_all   400.0   600.0   400.0   600.0       1.0       1.0     1.575112        0.011175  1.778506  0.203394  0.554195  1.567497  1.586086  1.629206  1.519327  0.270549  0.284787  0.950394
block1all        0.0   200.0     0.0   200.0       1.0       1.0     1.541346        0.014354  1.130319 -0.411026   2.01043  1.543337   1.53865  1.609987  1.466993  0.277226  0.309518  0.945202
block2all      200.0   400.0   200.0   400.0       1.0       1.0       1.5816        0.012498  2.845089  1.263489  2.066832  1.560794  1.592814  1.619608  1.543216  0.264984   0.24751  0.957895
block3all      400.0   600.0   400.0   600.0       1.0       1.0      1.58074        0.013284  0.003188 -1.577552  2.206931   1.57281  1.603246  1.625226  1.533677  0.246828  0.292252  0.952691
block4all      600.0   800.0   600.0   800.0       1.0       1.0     1.608841        0.014075  2.963188  1.354346  2.156386  1.602911  1.607647  1.671122  1.546864  0.295278  0.278805  0.947194
block5all      800.0  1000.0   800.0  1000.0       1.0       1.0     1.563035        0.013821  1.950748  0.387713  2.121565  1.557634  1.588072  1.620087  1.505887  0.268429  0.295849  0.948988

           dF_equ    dF_all  se_dF_block  se_dF_bar    dF_fwd   dF_bwd  ddF_fwd_bwd        dH     se_dH     sd_dE  overlap_all  overlap_equ     nA     nB
SUMMARY  1.582565  1.575142     0.011175   0.008111  1.567163  1.58659     0.019427  1.687642  1.280875  0.395409     0.950161     0.957655  344.0  746.0

******** Analysis of SolvSimEle0_Vdw0.52/solvwaterboxproddyn.bar ********

             start_A   end_A start_B   end_B       g_A       g_B dF(kcal/mol) se_dF(kcal/mol)        dH       TdS     se_dH    dF_fwd    dF_bwd    dE_fwd    dE_bwd sd_dE_fwd sd_dE_bwd   overlap
all              0.0  1000.0     0.0  1000.0       1.0       1.0     2.238513         0.00893  3.292909  1.054396  1.340992  2.197131  2.243178  2.355211  2.110844  0.403357  0.416703  0.899127
uncorr           0.0  1000.0     0.0  1000.0  1.490313  1.818182      2.24405        0.011493  5.239244  2.995194  1.778318  2.219274  2.239721  2.369679  2.109116  0.399571  0.413809  0.899066
equ             14.0  1000.0    28.0  1000.0  1.329275  1.885061     2.232631        0.011419  2.788127  0.555496  1.647142  2.192699   2.23671  2.353701  2.102051  0.403702  0.426065  0.897614
blockave_all   400.0   600.0   400.0   600.0       1.0       1.0     2.238363        0.014817  3.419411  1.181047  1.084208  2.201251  2.242647  2.355211  2.110844  0.400207  0.414618  0.899558
block1all        0.0   200.0     0.0   200.0       1.0       1.0     2.199744        0.020561  4.421428  2.221684  2.821153  2.075636  2.243263  2.284583   2.09864  0.436453  0.434088  0.893688
block2all      200.0   400.0   200.0   400.0       1.0       1.0     2.276292        0.018425  4.189864  1.913572  2.819886  2.278437  2.274347  2.388018  2.155871  0.347826  0.391626  0.912799
block3all      400.0   600.0   400.0   600.0       1.0       1.0     2.229408        0.021463  1.772826 -0.456581  3.266783  2.216244  2.225583  2.374232  2.070616  0.410325  0.456072  0.885242
block4all      600.0   800.0   600.0   800.0       1.0       1.0     2.269016        0.019932  6.454317  4.185302  3.201985  2.242943   2.26467  2.392819  2.131928   0.39131  0.416833  0.899449
block5all      800.0  1000.0   800.0  1000.0       1.0       1.0     2.217357        0.019133  0.258618 -1.958739  2.840027  2.192994  2.205373  2.336401  2.097166   0.41512   0.37447  0.906613

           dF_equ    dF_all  se_dF_block  se_dF_bar    dF_fwd    dF_bwd  ddF_fwd_bwd        dH     se_dH     sd_dE  overlap_all  overlap_equ     nA     nB
SUMMARY  2.232631  2.238513     0.014817   0.011419  2.197131  2.243178     0.046047  2.788127  1.647142  0.579947     0.899127     0.897614  741.0  515.0

******** Analysis of SolvSimEle0_Vdw0.56/solvwaterboxproddyn.bar ********

             start_A   end_A start_B   end_B       g_A       g_B dF(kcal/mol) se_dF(kcal/mol)        dH       TdS     se_dH    dF_fwd    dF_bwd    dE_fwd    dE_bwd sd_dE_fwd sd_dE_bwd   overlap
all              0.0  1000.0     0.0  1000.0       1.0       1.0      1.61054        0.008503  1.415256 -0.195284   1.29503  1.650307  1.584221  1.752642  1.458469  0.336441  0.399967  0.907673
uncorr           0.0  1000.0     0.0  1000.0  1.814882  2.747253     1.616527        0.012969  1.058382 -0.558146  1.908719  1.649369  1.592665  1.755197  1.457545  0.341812  0.413608  0.906145
equ             28.0  1000.0     0.0  1000.0  1.878567  3.417026     1.622077        0.013717  3.797508  2.175432  2.081497  1.652315  1.590878  1.757133   1.46034   0.34076  0.412938  0.909245
blockave_all   400.0   600.0   400.0   600.0       1.0       1.0     1.610247        0.015071  1.427659 -0.182588  0.603958  1.651308  1.582524  1.752642  1.458469  0.334751  0.395252  0.908063
block1all        0.0   200.0     0.0   200.0       1.0       1.0     1.593166         0.01948  2.043994  0.450828  2.969412  1.630602   1.56861  1.742511  1.436388  0.350035  0.402642  0.903523
block2all      200.0   400.0   200.0   400.0       1.0       1.0     1.602087        0.019901  1.694122  0.092035   2.60821  1.700763  1.534938  1.789583  1.400603   0.31599  0.415932   0.89973
block3all      400.0   600.0   400.0   600.0       1.0       1.0     1.567991        0.020133 -0.914161 -2.482153  3.132111  1.598742  1.538654  1.720427  1.403804  0.368061  0.417515  0.897615
block4all      600.0   800.0   600.0   800.0       1.0       1.0     1.651776        0.017731    1.7725  0.120723  2.761157  1.667035  1.627419  1.769753  1.528192  0.337125  0.352696   0.91872
block5all      800.0  1000.0   800.0  1000.0       1.0       1.0     1.636215        0.017492   2.54184  0.905625  2.906484  1.659397  1.643001  1.740934  1.523359  0.302543  0.387474  0.920727

           dF_equ   dF_all  se_dF_block  se_dF_bar    dF_fwd    dF_bwd  ddF_fwd_bwd        dH     se_dH     sd_dE  overlap_all  overlap_equ     nA     nB
SUMMARY  1.622077  1.61054     0.015071   0.013717  1.650307  1.584221     0.066087  3.797508  2.081497  0.522653     0.907673     0.909245  517.0  292.0

******** Analysis of SolvSimEle0_Vdw0.58/solvwaterboxproddyn.bar ********

             start_A   end_A start_B   end_B       g_A       g_B dF(kcal/mol) se_dF(kcal/mol)        dH        TdS     se_dH    dF_fwd    dF_bwd    dE_fwd    dE_bwd sd_dE_fwd sd_dE_bwd   overlap
all              0.0  1000.0     0.0  1000.0       1.0       1.0     1.805075        0.012803 -1.864643  -3.669718  1.911951  1.766177  1.844132  2.037867  1.562762  0.551373  0.585097  0.812584
uncorr           0.0  1000.0     0.0  1000.0  2.747253  3.773585     1.805189        0.023202 -2.077862  -3.883051  3.354438   1.75184  1.873592  2.036522  1.581568  0.569709  0.597163  0.811999
equ              0.0  1000.0    14.0  1000.0  3.417277   3.73069      1.79135        0.024323 -2.584736  -4.376086  3.747951   1.74248  1.799088  2.040683  1.537988  0.569043  0.554659  0.811266
blockave_all   400.0   600.0   400.0   600.0       1.0       1.0      1.80511        0.018142 -1.627944  -3.433053  2.297718  1.776216  1.841029  2.037867  1.562762   0.54489  0.582779  0.813067
block1all        0.0   200.0     0.0   200.0       1.0       1.0     1.759814        0.028862 -5.317179  -7.076993  4.328213  1.741468  1.787473  2.007218  1.504385  0.555534  0.594582  0.810107
block2all      200.0   400.0   200.0   400.0       1.0       1.0     1.793392        0.029152  4.550063   2.756671  4.001749  1.672702  1.939001  1.957302  1.622267  0.572404  0.620046  0.807014
block3all      400.0   600.0   400.0   600.0       1.0       1.0     1.781624        0.027748 -0.714768  -2.496392  4.219456  1.656654   1.84625  1.963132  1.588386  0.574758  0.565782  0.821923
block4all      600.0   800.0   600.0   800.0       1.0       1.0     1.828013        0.028307  -8.18646 -10.014473  4.320725  1.935519  1.768507  2.133756  1.514313  0.487016  0.546944  0.816004
block5all      800.0  1000.0   800.0  1000.0       1.0       1.0     1.862706        0.028845  1.528626   -0.33408  4.355712  1.874735  1.863916  2.127927  1.584457  0.534738  0.586541  0.810288

          dF_equ    dF_all  se_dF_block  se_dF_bar    dF_fwd    dF_bwd  ddF_fwd_bwd        dH     se_dH    sd_dE  overlap_all  overlap_equ     nA     nB
SUMMARY  1.79135  1.805075     0.018142   0.024323  1.766177  1.844132     0.077954 -2.584736  3.747951  0.80396     0.812584     0.811266  292.0  264.0

******** Analysis of SolvSimEle0_Vdw0.6/solvwaterboxproddyn.bar ********

             start_A   end_A start_B   end_B       g_A       g_B dF(kcal/mol) se_dF(kcal/mol)         dH        TdS     se_dH    dF_fwd    dF_bwd    dE_fwd    dE_bwd sd_dE_fwd sd_dE_bwd   overlap
all              0.0  1000.0     0.0  1000.0       1.0       1.0     1.711123        0.016861  -3.731157   -5.44228  2.220643  1.670136  1.746867  2.167089   1.31647    0.8027  0.652256  0.714295
uncorr           0.0  1000.0     0.0  1000.0  3.773585  2.777778     1.717134        0.031488  -6.306299  -8.023433  4.181037  1.670243  1.764076   2.19355   1.29526  0.819629  0.679275  0.701782
equ             14.0  1000.0    70.0  1000.0  3.732991  2.831315     1.732383        0.031719  -5.857632  -7.590015  3.985857  1.649808  1.835816  2.188847   1.32681  0.835602  0.697679  0.699114
blockave_all   400.0   600.0   400.0   600.0       1.0       1.0     1.710984        0.014437   -3.94674  -5.657724  3.241106  1.673172  1.739165  2.167089   1.31647  0.799546   0.64819  0.714833
block1all        0.0   200.0     0.0   200.0       1.0       1.0      1.70508        0.037399  -5.524101  -7.229181  4.396215  1.562259  1.845355   2.08786  1.376138  0.814942  0.683387   0.71757
block2all      200.0   400.0   200.0   400.0       1.0       1.0     1.668641        0.039774   2.965476   1.296835  5.103887  1.719395  1.577344  2.247674  1.195291  0.851254  0.606144  0.691969
block3all      400.0   600.0   400.0   600.0       1.0       1.0      1.75751         0.03828  -8.908095 -10.665605  5.297138  1.725083   1.80576  2.202387  1.352316  0.775638  0.688431   0.70804
block4all      600.0   800.0   600.0   800.0       1.0       1.0     1.702507        0.035229    4.08672   2.384213  4.862323  1.668001  1.786816  2.100472  1.354223  0.750539   0.64029  0.741155
block5all      800.0  1000.0   800.0  1000.0       1.0       1.0     1.721182        0.037597 -12.353702 -14.074884  5.001144  1.691123  1.680552  2.197048  1.304382  0.805356  0.622699   0.71543

           dF_equ    dF_all  se_dF_block  se_dF_bar    dF_fwd    dF_bwd  ddF_fwd_bwd        dH     se_dH     sd_dE  overlap_all  overlap_equ     nA     nB
SUMMARY  1.732383  1.711123     0.014437   0.031719  1.670136  1.746867     0.076731 -5.857632  3.985857  1.034295     0.714295     0.699114  264.0  328.0

******** Analysis of SolvSimEle0_Vdw0.62/solvwaterboxproddyn.bar ********

             start_A   end_A start_B   end_B       g_A       g_B dF(kcal/mol) se_dF(kcal/mol)        dH       TdS     se_dH    dF_fwd    dF_bwd    dE_fwd    dE_bwd sd_dE_fwd sd_dE_bwd   overlap
all              0.0  1000.0     0.0  1000.0       1.0       1.0     1.340033        0.015825  0.496295 -0.843738  2.117672  1.319534  1.330949  1.816375  0.994677  0.887562   0.54348  0.739462
uncorr           0.0  1000.0     0.0  1000.0  2.777778  2.267574     1.326957        0.025598 -3.849883  -5.17684   3.51573   1.26426  1.382046  1.787869  1.000657  0.924051  0.561408   0.73255
equ             70.0  1000.0     0.0  1000.0  2.844183  2.343485     1.347504        0.026045  0.562711 -0.784793  3.435911  1.342069  1.312007  1.843539  0.980994  0.883544  0.545833  0.731352
blockave_all   400.0   600.0   400.0   600.0       1.0       1.0     1.341066        0.029594  0.146775 -1.194291  1.754937  1.321826  1.323294  1.816375  0.994677  0.882053  0.540956  0.740296
block1all        0.0   200.0     0.0   200.0       1.0       1.0     1.365938        0.036631 -2.311777 -3.677716  4.740806  1.359845  1.366589  1.896467   0.99251  0.930387  0.559253  0.725904
block2all      200.0   400.0   200.0   400.0       1.0       1.0     1.225632        0.032317 -2.963455 -4.189087  4.646151  1.231727   1.16083  1.651868  0.913388    0.8247  0.491447  0.772869
block3all      400.0   600.0   400.0   600.0       1.0       1.0     1.364137        0.036745  5.652204  4.288067  4.774337  1.323732  1.354697  1.866294  1.012965  0.935957   0.55955  0.724668
block4all      600.0   800.0   600.0   800.0       1.0       1.0     1.394344        0.035537  2.968283  1.573939  4.763311  1.382939   1.45031  1.867698  1.043353  0.872227  0.568296   0.73781
block5all      800.0  1000.0   800.0  1000.0       1.0       1.0     1.355278        0.035314  -2.61138 -3.966658  4.690732  1.310886  1.284043  1.799546  1.011169  0.846993  0.526235  0.740232

           dF_equ    dF_all  se_dF_block  se_dF_bar    dF_fwd    dF_bwd  ddF_fwd_bwd        dH     se_dH     sd_dE  overlap_all  overlap_equ     nA     nB
SUMMARY  1.347504  1.340033     0.029594   0.026045  1.319534  1.330949     0.011415  0.562711  3.435911  1.040739     0.739462     0.731352  326.0  426.0

******** Analysis of SolvSimEle0_Vdw0.64/solvwaterboxproddyn.bar ********

             start_A   end_A start_B   end_B       g_A       g_B dF(kcal/mol) se_dF(kcal/mol)        dH       TdS     se_dH    dF_fwd    dF_bwd    dE_fwd    dE_bwd sd_dE_fwd sd_dE_bwd   overlap
all              0.0  1000.0     0.0  1000.0       1.0       1.0     1.512032        0.018669   1.80117  0.289138  2.490508  1.500136  1.642759  2.223621  1.058829  1.187812  0.631028  0.670966
uncorr           0.0  1000.0     0.0  1000.0  2.272727  1.369863     1.533636        0.025766  1.227078 -0.306558  3.504422  1.519667  1.725552  2.246951  1.075024  1.220078  0.650382  0.661312
equ              0.0  1000.0    56.0  1000.0  2.352732  1.383949     1.498581        0.025148  1.061628 -0.436954  3.419284  1.469053  1.615932  2.167359   1.05488  1.152539   0.61667  0.677472
blockave_all   400.0   600.0   400.0   600.0       1.0       1.0     1.512499        0.018291  1.884579   0.37208  3.036837  1.503478  1.565204  2.223621  1.058829  1.182175  0.629708  0.670858
block1all        0.0   200.0     0.0   200.0       1.0       1.0     1.489497        0.041165  8.822043  7.332546   5.70467  1.484706  1.477551  2.217337  1.034183  1.221296  0.623835  0.677117
block2all      200.0   400.0   200.0   400.0       1.0       1.0     1.453141        0.040263  0.230386 -1.222755  5.368156   1.39406  1.410203  2.045738  1.051111  1.070917  0.606006  0.686726
block3all      400.0   600.0   400.0   600.0       1.0       1.0     1.526433        0.042122 -8.097401 -9.623834  5.665379  1.513655  1.401436  2.264605  1.066256  1.222214  0.590882  0.666986
block4all      600.0   800.0   600.0   800.0       1.0       1.0     1.553903        0.043354   7.61801  6.064108  5.571763  1.566991  1.422047  2.331331   1.04716  1.245906  0.634916  0.654061
block5all      800.0  1000.0   800.0  1000.0       1.0       1.0     1.539519        0.041894  0.849857 -0.689663  5.463634  1.557977  2.114783  2.259095  1.095437  1.150541  0.692902    0.6694

           dF_equ    dF_all  se_dF_block  se_dF_bar    dF_fwd    dF_bwd  ddF_fwd_bwd        dH     se_dH     sd_dE  overlap_all  overlap_equ     nA     nB
SUMMARY  1.498581  1.512032     0.018291   0.025148  1.500136  1.642759     0.142623  1.061628  3.419284  1.345025     0.670966     0.677472  425.0  682.0

******** Analysis of SolvSimEle0_Vdw0.67/solvwaterboxproddyn.bar ********

             start_A   end_A start_B   end_B       g_A       g_B dF(kcal/mol) se_dF(kcal/mol)        dH       TdS     se_dH    dF_fwd    dF_bwd    dE_fwd    dE_bwd sd_dE_fwd sd_dE_bwd   overlap
all              0.0  1000.0     0.0  1000.0       1.0       1.0     1.165338        0.016051  3.590483  2.425145   2.22983  1.160834  1.210082  1.683108  0.809188  0.955372  0.557061  0.733951
uncorr           0.0  1000.0     0.0  1000.0  1.369863  1.104972     1.168324        0.018282  4.575874   3.40755  2.551314  1.165122  1.204579  1.707511  0.802895  0.985479  0.555163  0.724727
equ             56.0  1000.0     0.0  1000.0  1.385308  1.098934     1.166686        0.018321   1.88921  0.722524  2.546218  1.167388  1.221882  1.699231  0.808086  0.978777  0.561308  0.724759
blockave_all   400.0   600.0   400.0   600.0       1.0       1.0     1.165375        0.015513  3.527248  2.361874  1.757618  1.162577  1.199526  1.683108  0.809188  0.953032  0.554043  0.734385
block1all        0.0   200.0     0.0   200.0       1.0       1.0     1.143116        0.035187  3.124527   1.98141  4.608445  1.144621  1.209232  1.645564  0.805048   0.94138  0.571826  0.741615
block2all      200.0   400.0   200.0   400.0       1.0       1.0     1.163858        0.035025  5.536379  4.372521  5.133108  1.197571  1.258538  1.669782  0.827867  0.914654  0.555448  0.743376
block3all      400.0   600.0   400.0   600.0       1.0       1.0     1.179189        0.036193  -3.12855 -4.307739  5.381776  1.208125  1.257585  1.691121  0.808302  0.889205  0.573139  0.730666
block4all      600.0   800.0   600.0   800.0       1.0       1.0     1.125216         0.03639  6.570514  5.445299   4.80226  1.083255  0.972346  1.667101  0.743761  0.961019  0.471572  0.728525
block5all      800.0  1000.0   800.0  1000.0       1.0       1.0     1.215494        0.036462  5.533373  4.317878  4.935791  1.179314  1.299931  1.741973  0.860963  1.058901   0.59823  0.727744

           dF_equ    dF_all  se_dF_block  se_dF_bar    dF_fwd    dF_bwd  ddF_fwd_bwd       dH     se_dH     sd_dE  overlap_all  overlap_equ     nA     nB
SUMMARY  1.166686  1.165338     0.015513   0.018321  1.160834  1.210082     0.049248  1.88921  2.546218  1.105917     0.733951     0.724759  681.0  909.0

******** Analysis of SolvSimEle0_Vdw0.7/solvwaterboxproddyn.bar ********

             start_A   end_A start_B   end_B       g_A       g_B dF(kcal/mol) se_dF(kcal/mol)         dH        TdS     se_dH    dF_fwd    dF_bwd    dE_fwd    dE_bwd sd_dE_fwd sd_dE_bwd   overlap
all              0.0  1000.0     0.0  1000.0       1.0       1.0     1.408613        0.021973  -0.253386  -1.661999  2.796336  1.379806  1.389665  2.466338  0.809745  1.555854  0.665954   0.59548
uncorr           0.0  1000.0     0.0  1000.0   1.10742  1.336898     1.394689        0.024087    -0.2218  -1.616489  3.054646  1.367059  1.333646  2.480413  0.787097  1.576103  0.653128  0.599847
equ             14.0  1000.0     0.0  1000.0  1.089626  1.625448     1.414592        0.024784  -0.363189  -1.777781  3.203966   1.39977  1.392431  2.486651  0.803068  1.560877  0.673182  0.611146
blockave_all   400.0   600.0   400.0   600.0       1.0       1.0     1.408853        0.014416  -0.431339  -1.840193  4.728674  1.382289  1.373771  2.466338  0.809745  1.546835  0.664972  0.595213
block1all        0.0   200.0     0.0   200.0       1.0       1.0       1.4143        0.048506 -15.127115 -16.541415  6.265937  1.349642  1.226149  2.458845  0.817996  1.605803  0.645222  0.601653
block2all      200.0   400.0   200.0   400.0       1.0       1.0     1.416556        0.049238   8.760087   7.343531   6.22622  1.491884    1.5209  2.520777   0.79399  1.558637  0.674339  0.594457
block3all      400.0   600.0   400.0   600.0       1.0       1.0     1.401312        0.049513  -8.141525  -9.542836  6.010081   1.35535   1.54099  2.470936  0.833136  1.610967  0.701058  0.591764
block4all      600.0   800.0   600.0   800.0       1.0       1.0     1.361356        0.048116   6.180257   4.818901  6.448657  1.371775  1.359611  2.279186  0.773306  1.296866  0.682205  0.605523
block5all      800.0  1000.0   800.0  1000.0       1.0       1.0     1.450743        0.050451   6.171599   4.720855  6.108065  1.342794  1.221206  2.601944  0.830297  1.661904  0.622038  0.582666

           dF_equ    dF_all  se_dF_block  se_dF_bar    dF_fwd    dF_bwd  ddF_fwd_bwd        dH     se_dH     sd_dE  overlap_all  overlap_equ     nA     nB
SUMMARY  1.414592  1.408613     0.014416   0.024784  1.379806  1.389665      0.00986 -0.363189  3.203966  1.692388      0.59548     0.611146  904.0  615.0

******** Analysis of SolvSimEle0_Vdw0.75/solvwaterboxproddyn.bar ********

             start_A   end_A start_B   end_B       g_A       g_B dF(kcal/mol) se_dF(kcal/mol)        dH       TdS     se_dH    dF_fwd    dF_bwd    dE_fwd    dE_bwd sd_dE_fwd sd_dE_bwd   overlap
all              0.0  1000.0     0.0  1000.0       1.0       1.0     0.960196        0.018126  1.046052  0.085855  2.416172  0.992467  0.876407  1.667698  0.487072  1.141176   0.58338   0.68388
uncorr           0.0  1000.0     0.0  1000.0  1.148106       1.0      0.95341        0.018731  0.763199  -0.19021  2.495974  0.991929  0.876407  1.642325  0.487072  1.108909   0.58338  0.685118
equ              0.0  1000.0     0.0  1000.0  1.609093  1.012234     0.951574        0.020697  2.403481  1.451907  2.842788  0.996232  0.879323  1.661403  0.488244  1.153942  0.584801   0.68518
blockave_all   400.0   600.0   400.0   600.0       1.0       1.0     0.960282        0.004571   0.98033  0.020048  1.694533  0.993633  0.869881  1.667698  0.487072  1.138396  0.581394  0.683914
block1all        0.0   200.0     0.0   200.0       1.0       1.0     0.954694        0.041624  -1.63724 -2.591934  5.143644  0.981228  0.843699  1.663485  0.462527  1.072012  0.596867  0.672253
block2all      200.0   400.0   200.0   400.0       1.0       1.0     0.960117        0.037954  5.178454  4.218337  5.130866  1.032867  1.011003  1.642416  0.520134  1.147712  0.553464  0.711564
block3all      400.0   600.0   400.0   600.0       1.0       1.0     0.975726        0.041579   0.79483 -0.180897  5.547344  1.019075  0.877804  1.720948  0.493102  1.244967  0.625172  0.672732
block4all      600.0   800.0   600.0   800.0       1.0       1.0     0.948326        0.039296 -3.713784  -4.66211  5.211178  0.927934  0.880964  1.607401  0.530895  1.169117  0.588941  0.697099
block5all      800.0  1000.0   800.0  1000.0       1.0       1.0     0.962546        0.042223  4.279392  3.316845  5.765168  1.007059  0.735936   1.70424  0.428701  1.058171  0.542526  0.665922

           dF_equ    dF_all  se_dF_block  se_dF_bar    dF_fwd    dF_bwd  ddF_fwd_bwd        dH     se_dH     sd_dE  overlap_all  overlap_equ     nA     nB
SUMMARY  0.951574  0.960196     0.004571   0.020697  0.992467  0.876407     0.116059  2.403481  2.842788  1.281646      0.68388      0.68518  621.0  987.0

******** Analysis of SolvSimEle0_Vdw0.8/solvwaterboxproddyn.bar ********

             start_A   end_A start_B   end_B       g_A       g_B dF(kcal/mol) se_dF(kcal/mol)        dH       TdS     se_dH    dF_fwd    dF_bwd    dE_fwd    dE_bwd sd_dE_fwd sd_dE_bwd   overlap
all              0.0  1000.0     0.0  1000.0       1.0       1.0     0.533324        0.015407   0.21291 -0.320414  2.152622  0.518695  0.500294  0.987351  0.202091  0.881268  0.545834  0.749633
uncorr           0.0  1000.0     0.0  1000.0       1.0   1.20048     0.536319        0.015958  1.848635  1.312316  2.240118  0.518695  0.518291  0.987351  0.210584  0.881268   0.55237  0.754332
equ             14.0  1000.0     0.0  1000.0  1.008255  1.163305     0.530098         0.01588 -0.042617 -0.572715  2.232633  0.518895  0.479283  0.988403   0.19595  0.882409   0.53855  0.753849
blockave_all   400.0   600.0   400.0   600.0       1.0       1.0     0.533605         0.01951  0.280996 -0.252609   1.66356  0.520924  0.499508  0.987351  0.202091  0.878438  0.544104  0.750167
block1all        0.0   200.0     0.0   200.0       1.0       1.0     0.488782        0.034708 -5.519279 -6.008061  5.136301  0.469902  0.483397  0.951289  0.159656  0.908886  0.563044  0.746836
block2all      200.0   400.0   200.0   400.0       1.0       1.0     0.570188         0.03437 -0.051451 -0.621639  4.485883  0.603758  0.516186   1.03618  0.204859   0.83584  0.558799  0.750514
block3all      400.0   600.0   400.0   600.0       1.0       1.0     0.571699        0.034683  2.298309   1.72661  4.655227  0.472601  0.551228  0.996996  0.279035  0.937201  0.532856   0.74711
block4all      600.0   800.0   600.0   800.0       1.0       1.0     0.553092        0.035843   0.21066 -0.342433  5.021892  0.557124  0.468245  1.052082   0.17955  0.887241  0.536233  0.734479
block5all      800.0  1000.0   800.0  1000.0       1.0       1.0     0.484262        0.032406  4.466739  3.982478   4.52266  0.501234  0.478483  0.900207  0.187352  0.823021  0.529587  0.771899

           dF_equ    dF_all  se_dF_block  se_dF_bar    dF_fwd    dF_bwd  ddF_fwd_bwd        dH     se_dH     sd_dE  overlap_all  overlap_equ     nA     nB
SUMMARY  0.530098  0.533324      0.01951    0.01588  0.518695  0.500294     0.018402 -0.042617  2.232633  1.036614     0.749633     0.753849  977.0  859.0

******** Analysis of SolvSimEle0_Vdw0.85/solvwaterboxproddyn.bar ********

             start_A   end_A start_B   end_B       g_A       g_B dF(kcal/mol) se_dF(kcal/mol)        dH       TdS     se_dH    dF_fwd    dF_bwd    dE_fwd    dE_bwd sd_dE_fwd sd_dE_bwd   overlap
all              0.0  1000.0     0.0  1000.0       1.0       1.0     0.043955        0.013933 -1.705259 -1.749214  2.023589  0.054183  0.036574  0.406636 -0.246469  0.739651   0.54187  0.785467
uncorr           0.0  1000.0     0.0  1000.0  1.197605  1.015228     0.046352        0.014769 -0.846177 -0.892529   2.12618  0.059888  0.033809  0.411278  -0.24956  0.732266  0.541282  0.782843
equ              0.0  1000.0     0.0  1000.0  1.153824  1.085807     0.045247        0.014774 -2.207928 -2.253175  2.117323  0.063958  0.025329  0.409451 -0.252443  0.721696  0.537501  0.784938
blockave_all   400.0   600.0   400.0   600.0       1.0       1.0     0.044207        0.011953 -1.773578 -1.817785  1.349967  0.056998  0.035606  0.406636 -0.246469  0.737352  0.541262   0.78567
block1all        0.0   200.0     0.0   200.0       1.0       1.0     0.033658        0.030998 -3.562394 -3.596052  4.932344 -0.027183  0.067554  0.355249 -0.207418  0.770897  0.535372  0.787166
block2all      200.0   400.0   200.0   400.0       1.0       1.0     0.039346         0.03134 -0.522793  -0.56214  4.102948  0.044521  0.071099  0.406554 -0.252089  0.752705  0.554334  0.783463
block3all      400.0   600.0   400.0   600.0       1.0       1.0     0.091125        0.032637  2.736264  2.645139  4.537989  0.151669  0.041426  0.510322 -0.264821  0.722227   0.55859  0.769387
block4all      600.0   800.0   600.0   800.0       1.0       1.0     0.031972        0.030496 -2.444645 -2.476617  4.574157  0.038981  0.019433  0.375039 -0.241739  0.721239  0.519474  0.792576
block5all      800.0  1000.0   800.0  1000.0       1.0       1.0     0.024934        0.030201 -5.074322 -5.099257  4.289141  0.077003 -0.021483  0.386016 -0.266278  0.719694  0.538539  0.795759

           dF_equ    dF_all  se_dF_block  se_dF_bar    dF_fwd    dF_bwd  ddF_fwd_bwd        dH     se_dH     sd_dE  overlap_all  overlap_equ     nA     nB
SUMMARY  0.045247  0.043955     0.011953   0.014774  0.054183  0.036574      0.01761 -2.207928  2.117323  0.916901     0.785467     0.784938  866.0  920.0

******** Analysis of SolvSimEle0_Vdw0.9/solvwaterboxproddyn.bar ********

             start_A   end_A start_B   end_B       g_A       g_B dF(kcal/mol) se_dF(kcal/mol)        dH       TdS     se_dH    dF_fwd    dF_bwd    dE_fwd    dE_bwd sd_dE_fwd sd_dE_bwd   overlap
all              0.0  1000.0     0.0  1000.0       1.0       1.0    -0.700278        0.013295  -4.78618 -4.085902  1.897037 -0.706193 -0.735557 -0.375738 -0.981751  0.667144  0.512475  0.800826
uncorr           0.0  1000.0     0.0  1000.0  1.014199  1.153403    -0.698482        0.013679 -4.559417 -3.860935    1.9652 -0.709228 -0.737173  -0.37954 -0.975066  0.666488  0.505504  0.804727
equ              0.0  1000.0     0.0  1000.0  1.085695  1.062059    -0.705952         0.01369 -4.697674 -3.991722  1.945211 -0.711442 -0.733307 -0.390042  -0.98105  0.658754  0.514411  0.802907
blockave_all   400.0   600.0   400.0   600.0       1.0       1.0    -0.700462        0.012435 -4.641172  -3.94071  0.358744 -0.704012 -0.740196 -0.375738 -0.981751  0.666386  0.508557  0.801097
block1all        0.0   200.0     0.0   200.0       1.0       1.0    -0.730544        0.031009 -4.721823 -3.991279  4.329873 -0.620779 -0.819053 -0.328291 -1.077009  0.658525  0.524375  0.787046
block2all      200.0   400.0   200.0   400.0       1.0       1.0    -0.725001        0.029539 -3.452736 -2.727735  4.002871 -0.727217 -0.825522 -0.382506 -1.020858  0.683281  0.471931  0.802864
block3all      400.0   600.0   400.0   600.0       1.0       1.0     -0.69139        0.029478 -4.459627 -3.768237  4.454237 -0.748194 -0.679783 -0.397567 -0.945444    0.6887  0.523548  0.803517
block4all      600.0   800.0   600.0   800.0       1.0       1.0    -0.662423        0.029074 -4.904446 -4.242023  4.042407 -0.669007 -0.637929 -0.369598 -0.914324  0.638819  0.530989  0.807841
block5all      800.0  1000.0   800.0  1000.0       1.0       1.0    -0.692951        0.029413 -5.667226 -4.974275  4.202664 -0.754862 -0.738692 -0.400726 -0.951121  0.662606  0.491943  0.804214

           dF_equ    dF_all  se_dF_block  se_dF_bar    dF_fwd    dF_bwd  ddF_fwd_bwd        dH     se_dH     sd_dE  overlap_all  overlap_equ     nA     nB
SUMMARY -0.705952 -0.700278     0.012435    0.01369 -0.706193 -0.735557     0.029364 -4.697674  1.945211  0.841256     0.800826     0.802907  921.0  941.0

******** Analysis of SolvSimEle0_Vdw0.95/solvwaterboxproddyn.bar ********

             start_A   end_A start_B   end_B       g_A       g_B dF(kcal/mol) se_dF(kcal/mol)         dH        TdS     se_dH    dF_fwd    dF_bwd    dE_fwd    dE_bwd sd_dE_fwd sd_dE_bwd   overlap
all              0.0  1000.0     0.0  1000.0       1.0       1.0    -1.762277         0.01235  -6.173521  -4.411244   1.77037 -1.760401 -1.741776  -1.50486 -1.994787  0.584403  0.522598  0.823315
uncorr           0.0  1000.0     0.0  1000.0  1.180638  1.440922    -1.762023        0.013959    -5.8411  -4.079077    2.0179 -1.772906 -1.724748 -1.516696 -1.980351  0.584245  0.527976  0.827019
equ              0.0  1000.0     0.0  1000.0  1.096547  1.427435    -1.755138        0.013745  -5.965548   -4.21041  1.946693 -1.751724 -1.721318 -1.499607 -1.986135  0.577865  0.535559  0.826137
blockave_all   400.0   600.0   400.0   600.0       1.0       1.0    -1.762144        0.011501  -6.007828  -4.245684  2.425805 -1.756332 -1.742817  -1.50486 -1.994787  0.579855  0.520967  0.823431
block1all        0.0   200.0     0.0   200.0       1.0       1.0    -1.795019        0.026863  -2.489922  -0.694904   3.82046 -1.880301 -1.697635 -1.616939 -1.946769  0.599321  0.525587  0.831213
block2all      200.0   400.0   200.0   400.0       1.0       1.0    -1.763473        0.026141 -13.645082 -11.881609  3.508482 -1.774445 -1.742394 -1.546352 -1.966883  0.539011  0.504438  0.838717
block3all      400.0   600.0   400.0   600.0       1.0       1.0    -1.775805        0.028696  -9.603655  -7.827849  4.087994 -1.732838 -1.786647 -1.466065 -2.058097  0.592557  0.525938  0.811871
block4all      600.0   800.0   600.0   800.0       1.0       1.0     -1.72747        0.028972  -0.684748   1.042722  4.072801 -1.687403 -1.710211 -1.425826 -1.995074  0.605608  0.545878  0.808928
block5all      800.0  1000.0   800.0  1000.0       1.0       1.0    -1.748953         0.02732  -3.615734  -1.866781  4.086273  -1.70667 -1.777197 -1.469117  -2.00711   0.56278  0.502996  0.826425

           dF_equ    dF_all  se_dF_block  se_dF_bar    dF_fwd    dF_bwd  ddF_fwd_bwd        dH     se_dH     sd_dE  overlap_all  overlap_equ     nA     nB
SUMMARY -1.755138 -1.762277     0.011501   0.013745 -1.760401 -1.741776     0.018625 -5.965548  1.946693  0.783987     0.823315     0.826137  911.0  700.0

******** Analysis of SolvSimEle0_Vdw1/solvwaterboxproddyn.bar ********

             start_A   end_A start_B   end_B       g_A  g_B dF(kcal/mol) se_dF(kcal/mol)        dH       TdS     se_dH    dF_fwd    dF_bwd    dE_fwd    dE_bwd sd_dE_fwd sd_dE_bwd   overlap
all              0.0  1000.0     0.0  1000.0       1.0  1.0    -0.048453        0.001127 -0.246475 -0.198022  0.178097 -0.049313 -0.047716 -0.047127 -0.049803  0.050741   0.05014  0.998216
uncorr           0.0  1000.0     0.0  1000.0       1.0  1.0    -0.048453        0.001127 -0.246475 -0.198022  0.178097 -0.049313 -0.047716 -0.047127 -0.049803  0.050741   0.05014  0.998216
equ              0.0  1000.0     0.0  1000.0  1.064385  1.0     -0.04836        0.001146 -0.190669 -0.142309  0.181078 -0.049189 -0.047716 -0.046987 -0.049803  0.050925   0.05014  0.998214
blockave_all   400.0   600.0   400.0   600.0       1.0  1.0    -0.048453        0.000317 -0.250208 -0.201754  0.239943 -0.049312 -0.047719 -0.047127 -0.049803  0.050714  0.050044  0.998216
block1all        0.0   200.0     0.0   200.0       1.0  1.0    -0.048875        0.002601 -0.100359 -0.051483  0.398727  -0.05001 -0.047862 -0.047692 -0.050097  0.052104  0.052036    0.9981
block2all      200.0   400.0   200.0   400.0       1.0  1.0    -0.048129        0.002456 -0.452404 -0.404275   0.36445 -0.050498 -0.046237 -0.048253 -0.048023  0.051679  0.046527  0.998306
block3all      400.0   600.0   400.0   600.0       1.0  1.0    -0.047495        0.002448   0.21016  0.257655  0.346342 -0.050124 -0.044879 -0.048119 -0.046895  0.048664  0.049327  0.998317
block4all      600.0   800.0   600.0   800.0       1.0  1.0    -0.048416        0.002581 -1.083876 -1.035459  0.419161 -0.047997  -0.04871 -0.045821  -0.05104  0.050368  0.052814   0.99813
block5all      800.0  1000.0   800.0  1000.0       1.0  1.0     -0.04935        0.002511  0.175441  0.224791  0.419378 -0.047932 -0.050908 -0.045753 -0.052959  0.050756  0.049516  0.998229

          dF_equ    dF_all  se_dF_block  se_dF_bar    dF_fwd    dF_bwd  ddF_fwd_bwd        dH     se_dH     sd_dE  overlap_all  overlap_equ     nA      nB
SUMMARY -0.04836 -0.048453     0.000317   0.001146 -0.049313 -0.047716     0.001598 -0.190669  0.181078  0.071334     0.998216     0.998214  939.0  1000.0

******** Analysis of SolvSimEle0.1_Vdw1/solvwaterboxproddyn.bar ********

             start_A   end_A start_B   end_B  g_A       g_B dF(kcal/mol) se_dF(kcal/mol)        dH       TdS     se_dH    dF_fwd    dF_bwd    dE_fwd    dE_bwd sd_dE_fwd sd_dE_bwd   overlap
all              0.0  1000.0     0.0  1000.0  1.0       1.0    -0.030185        0.001113 -0.136811 -0.106627  0.176389 -0.029103 -0.031321 -0.027016 -0.033375  0.049644  0.049782  0.998261
uncorr           0.0  1000.0     0.0  1000.0  1.0   1.41844    -0.030558        0.001213 -0.148165 -0.117607  0.193059 -0.029103 -0.032639 -0.027016 -0.034732  0.049644  0.050182  0.998291
equ              0.0  1000.0    28.0  1000.0  1.0  1.274473    -0.029492        0.001164 -0.200595 -0.171103  0.186118 -0.029103 -0.030178 -0.027016 -0.032115  0.049644  0.048291  0.998328
blockave_all   400.0   600.0   400.0   600.0  1.0       1.0    -0.030185        0.001266 -0.130875  -0.10069  0.176742 -0.029098 -0.031337 -0.027016 -0.033375  0.049533  0.049551  0.998266
block1all        0.0   200.0     0.0   200.0  1.0       1.0    -0.031524        0.002602 -0.287853 -0.256329  0.449445 -0.029863 -0.033192 -0.027601 -0.035473  0.051534  0.052354  0.998098
block2all      200.0   400.0   200.0   400.0  1.0       1.0    -0.025791        0.002319   0.00385   0.02964  0.355657 -0.026475 -0.025124  -0.02467 -0.026939  0.046003  0.046842  0.998489
block3all      400.0   600.0   400.0   600.0  1.0       1.0    -0.031727        0.002482  0.362377  0.394104  0.351039 -0.026014  -0.03748 -0.023994  -0.03949  0.048791  0.049379   0.99827
block4all      600.0   800.0   600.0   800.0  1.0       1.0    -0.029013        0.002547 -0.703822 -0.674809  0.420249  -0.03059 -0.027712 -0.028274 -0.029758  0.052457  0.049469  0.998177
block5all      800.0  1000.0   800.0  1000.0  1.0       1.0    -0.032869        0.002465 -0.028927  0.003942  0.366548 -0.032547 -0.033178  -0.03054 -0.035217   0.04888  0.049709  0.998294

           dF_equ    dF_all  se_dF_block  se_dF_bar    dF_fwd    dF_bwd  ddF_fwd_bwd        dH     se_dH     sd_dE  overlap_all  overlap_equ      nA     nB
SUMMARY -0.029492 -0.030185     0.001266   0.001164 -0.029103 -0.031321     0.002218 -0.200595  0.186118  0.070305     0.998261     0.998328  1000.0  762.0

******** Analysis of SolvSimEle0.2_Vdw1/solvwaterboxproddyn.bar ********

             start_A   end_A start_B   end_B       g_A       g_B dF(kcal/mol) se_dF(kcal/mol)        dH       TdS     se_dH    dF_fwd    dF_bwd    dE_fwd    dE_bwd sd_dE_fwd sd_dE_bwd   overlap
all              0.0  1000.0     0.0  1000.0       1.0       1.0    -0.015431        0.001125  0.152427  0.167858  0.180857 -0.015454 -0.015337 -0.013375 -0.017508  0.049503  0.051118  0.998223
uncorr           0.0  1000.0     0.0  1000.0  1.440922  1.494768    -0.016268         0.00134   0.02442  0.040688  0.213908 -0.016933 -0.015526 -0.014911 -0.017617  0.048858   0.05013  0.998282
equ             28.0  1000.0   126.0  1000.0  1.273593       1.0    -0.015392        0.001197  0.135438   0.15083  0.191261 -0.015453 -0.015337 -0.013313 -0.017508  0.050153  0.051118  0.998229
blockave_all   400.0   600.0   400.0   600.0       1.0       1.0    -0.015431        0.002481  0.148208  0.163639  0.093106 -0.015434 -0.015366 -0.013375 -0.017508  0.049237  0.050646   0.99824
block1all        0.0   200.0     0.0   200.0       1.0       1.0    -0.013643        0.002529  0.176435  0.190077  0.414183  -0.01757 -0.009992 -0.015294 -0.012008  0.051912  0.049259  0.998204
block2all      200.0   400.0   200.0   400.0       1.0       1.0    -0.010483        0.002446  0.426173  0.436656  0.365634  -0.00835 -0.012328 -0.006496 -0.014487  0.046709  0.050831  0.998319
block3all      400.0   600.0   400.0   600.0       1.0       1.0    -0.021624        0.002443 -0.157561 -0.135938  0.370153 -0.022141 -0.021168 -0.020109 -0.023163  0.048802  0.048975  0.998323
block4all      600.0   800.0   600.0   800.0       1.0       1.0    -0.010367        0.002419  0.117851  0.128218  0.381979  -0.01141 -0.009497 -0.009368 -0.011375  0.049261  0.047543  0.998356
block5all      800.0  1000.0   800.0  1000.0       1.0       1.0    -0.021039        0.002669  0.178144  0.199183  0.456223 -0.017698 -0.023848 -0.015608 -0.026505  0.049501  0.056622  0.997999

           dF_equ    dF_all  se_dF_block  se_dF_bar    dF_fwd    dF_bwd  ddF_fwd_bwd        dH     se_dH     sd_dE  overlap_all  overlap_equ     nA     nB
SUMMARY -0.015392 -0.015431     0.002481   0.001197 -0.015454 -0.015337     0.000117  0.135438  0.191261  0.071159     0.998223     0.998229  763.0  874.0

******** Analysis of SolvSimEle0.3_Vdw1/solvwaterboxproddyn.bar ********

             start_A   end_A start_B   end_B       g_A       g_B dF(kcal/mol) se_dF(kcal/mol)        dH       TdS     se_dH    dF_fwd    dF_bwd    dE_fwd    dE_bwd sd_dE_fwd sd_dE_bwd   overlap
all              0.0  1000.0     0.0  1000.0       1.0       1.0    -0.002433        0.001154  0.268545  0.270977  0.188576 -0.002653 -0.002158 -0.000462 -0.004425  0.050895  0.052302  0.998131
uncorr           0.0  1000.0     0.0  1000.0  1.540832   1.10011    -0.002252        0.001311  0.192303  0.194555  0.215973 -0.002534  -0.00199 -0.000343 -0.004281  0.050844  0.052588  0.998175
equ            154.0  1000.0    14.0  1000.0       1.0  1.166842    -0.002024        0.001197  0.234554  0.236578  0.198345 -0.002653 -0.001232 -0.000462 -0.003498  0.050895  0.052282  0.998144
blockave_all   400.0   600.0   400.0   600.0       1.0       1.0    -0.002433        0.001487  0.234376  0.236809  0.138986 -0.002623 -0.002168 -0.000462 -0.004425  0.050464  0.052051  0.998137
block1all        0.0   200.0     0.0   200.0       1.0       1.0     0.001028         0.00263  0.135909  0.134881  0.397691  0.003317 -0.000777  0.005354 -0.003331  0.049068  0.055682  0.998058
block2all      200.0   400.0   200.0   400.0       1.0       1.0    -0.001602         0.00251 -0.033926 -0.032324  0.405366 -0.000273 -0.003084  0.001893 -0.005113  0.050749  0.049499   0.99823
block3all      400.0   600.0   400.0   600.0       1.0       1.0    -0.002073        0.002411 -0.012465 -0.010391  0.389185 -0.007879  0.003638 -0.005889  0.001735  0.048548  0.047656  0.998367
block4all      600.0   800.0   600.0   800.0       1.0       1.0     -0.00155        0.002461  0.374641   0.37619  0.356468  0.003102 -0.006021  0.005003 -0.008118  0.047407  0.050169  0.998299
block5all      800.0  1000.0   800.0  1000.0       1.0       1.0    -0.007968        0.002841  0.707723   0.71569  0.509209 -0.011382 -0.004596 -0.008673   -0.0073  0.056549  0.057247  0.997733

           dF_equ    dF_all  se_dF_block  se_dF_bar    dF_fwd    dF_bwd  ddF_fwd_bwd        dH     se_dH     sd_dE  overlap_all  overlap_equ     nA     nB
SUMMARY -0.002024 -0.002433     0.001487   0.001197 -0.002653 -0.002158     0.000495  0.234554  0.198345  0.072978     0.998131     0.998144  846.0  845.0

******** Analysis of SolvSimEle0.4_Vdw1/solvwaterboxproddyn.bar ********

             start_A   end_A start_B   end_B       g_A       g_B dF(kcal/mol) se_dF(kcal/mol)        dH       TdS     se_dH    dF_fwd    dF_bwd    dE_fwd    dE_bwd sd_dE_fwd sd_dE_bwd   overlap
all              0.0  1000.0     0.0  1000.0       1.0       1.0     0.006078        0.001167  0.231819  0.225741    0.1847   0.00749  0.004492  0.009842  0.002288  0.052644  0.051567  0.998088
uncorr           0.0  1000.0     0.0  1000.0  1.176471  1.231527      0.00514         0.00128  0.357049  0.351909  0.205176  0.006819  0.003124  0.009205  0.000966  0.053027  0.050994   0.99809
equ              0.0  1000.0     0.0  1000.0  1.285795  1.329649      0.00499        0.001357  0.334698  0.329709  0.208512  0.007059  0.002739  0.009449   0.00043   0.05306  0.052807  0.998023
blockave_all   400.0   600.0   400.0   600.0       1.0       1.0     0.006078         0.00168  0.227964  0.221886  0.164756  0.007507  0.004477  0.009842  0.002288  0.052346  0.051368  0.998096
block1all        0.0   200.0     0.0   200.0       1.0       1.0     0.005071        0.002657  0.058459  0.053388  0.405944   0.00865  0.000893  0.011298 -0.001181  0.055687   0.04982  0.998018
block2all      200.0   400.0   200.0   400.0       1.0       1.0     0.001622        0.002558    0.5764  0.574779   0.38476  0.005079 -0.001768  0.007199 -0.003988  0.049985  0.051851  0.998161
block3all      400.0   600.0   400.0   600.0       1.0       1.0     0.012018        0.002538  0.447853  0.435835  0.428292  0.015682  0.008672  0.017636  0.006382  0.048267  0.052629   0.99819
block4all      600.0   800.0   600.0   800.0       1.0       1.0     0.005527         0.00247 -0.335362 -0.340889  0.377514   0.00396  0.006898   0.00609  0.004943  0.050262  0.048627  0.998286
block5all      800.0  1000.0   800.0  1000.0       1.0       1.0     0.006154        0.002784   0.39247  0.386317    0.4397  0.004164  0.007691  0.006987  0.005282  0.057526  0.053914  0.997824

          dF_equ    dF_all  se_dF_block  se_dF_bar   dF_fwd    dF_bwd  ddF_fwd_bwd        dH     se_dH     sd_dE  overlap_all  overlap_equ     nA     nB
SUMMARY  0.00499  0.006078      0.00168   0.001357  0.00749  0.004492     0.002999  0.334698  0.208512  0.073692     0.998088     0.998023  777.0  752.0

******** Analysis of SolvSimEle0.5_Vdw1/solvwaterboxproddyn.bar ********

             start_A   end_A start_B   end_B       g_A       g_B dF(kcal/mol) se_dF(kcal/mol)        dH       TdS     se_dH    dF_fwd    dF_bwd    dE_fwd    dE_bwd sd_dE_fwd sd_dE_bwd   overlap
all              0.0  1000.0     0.0  1000.0       1.0       1.0     0.009958        0.001206  0.283081  0.273123  0.186318  0.010965  0.009166   0.01328  0.006608  0.052228   0.05552  0.997958
uncorr           0.0  1000.0     0.0  1000.0  1.461988  1.140251     0.009857        0.001367  0.273152  0.263295  0.211833   0.01113   0.00907  0.013432  0.006507   0.05208  0.055527  0.997985
equ              0.0  1000.0     0.0  1000.0  1.531363   1.16174     0.009643        0.001386  0.425897  0.416254  0.212072  0.011271  0.008636  0.013541  0.006071  0.051776  0.055609  0.997996
blockave_all   400.0   600.0   400.0   600.0       1.0       1.0     0.009958        0.001172  0.288036  0.278078  0.193707  0.010988  0.009158   0.01328  0.006608  0.051924  0.055316  0.997962
block1all        0.0   200.0     0.0   200.0       1.0       1.0     0.007283        0.002557  0.345514  0.338231  0.384094   0.00682  0.007866  0.008945  0.005607  0.050207   0.05212  0.998163
block2all      200.0   400.0   200.0   400.0       1.0       1.0     0.007906        0.002593  0.982917  0.975011  0.392093  0.002766  0.012848  0.005115  0.010669  0.052487  0.051203  0.998111
block3all      400.0   600.0   400.0   600.0       1.0       1.0     0.009672        0.002867  0.054063  0.044391  0.440285   0.01507    0.0049  0.017436  0.001858  0.052762  0.060782  0.997692
block4all      600.0   800.0   600.0   800.0       1.0       1.0     0.013777        0.002643 -0.165037 -0.178814  0.437303  0.015479  0.012624  0.017534  0.009996  0.049167  0.056185  0.998039
block5all      800.0  1000.0   800.0  1000.0       1.0       1.0     0.011152        0.002796  0.222724  0.211572  0.407536  0.014805  0.007554   0.01737  0.004912  0.054994  0.056289  0.997805

           dF_equ    dF_all  se_dF_block  se_dF_bar    dF_fwd    dF_bwd  ddF_fwd_bwd        dH     se_dH     sd_dE  overlap_all  overlap_equ     nA     nB
SUMMARY  0.009643  0.009958     0.001172   0.001386  0.010965  0.009166     0.001799  0.425897  0.212072  0.076225     0.997958     0.997996  653.0  860.0

******** Analysis of SolvSimEle0.6_Vdw1/solvwaterboxproddyn.bar ********

             start_A   end_A start_B   end_B       g_A       g_B dF(kcal/mol) se_dF(kcal/mol)        dH       TdS     se_dH    dF_fwd    dF_bwd    dE_fwd    dE_bwd sd_dE_fwd sd_dE_bwd   overlap
all              0.0  1000.0     0.0  1000.0       1.0       1.0      0.01383        0.001252    0.1378  0.123971  0.198139  0.011618  0.015789  0.014366  0.013266  0.056937  0.055137  0.997801
uncorr           0.0  1000.0     0.0  1000.0   1.28866  1.824818     0.013037        0.001519   0.32738  0.314343  0.237563  0.010635   0.01603  0.013323  0.013661  0.056381  0.053441   0.99792
equ              0.0  1000.0     0.0  1000.0  1.308632  1.842229     0.014414        0.001565  0.291994   0.27758  0.247002  0.013103  0.016156  0.015811  0.013517   0.05661  0.056327   0.99782
blockave_all   400.0   600.0   400.0   600.0       1.0       1.0      0.01383        0.001713  0.171947  0.158117  0.197926  0.011635  0.015762  0.014366  0.013266  0.056673  0.054799  0.997809
block1all        0.0   200.0     0.0   200.0       1.0       1.0     0.010251        0.002611  0.372186  0.361935  0.394171   0.01021  0.009973  0.012628  0.007842  0.053478  0.050902  0.998086
block2all      200.0   400.0   200.0   400.0       1.0       1.0     0.014275        0.002674  0.774849  0.760575  0.448208  0.017788    0.0108  0.020127  0.008398  0.052602  0.053834  0.997991
block3all      400.0   600.0   400.0   600.0       1.0       1.0     0.009609        0.002974 -0.074375 -0.083983  0.461681  0.005447  0.013102  0.008747  0.010421  0.062116   0.05695  0.997517
block4all      600.0   800.0   600.0   800.0       1.0       1.0     0.018156        0.002878  0.180075  0.161919  0.474701  0.015762  0.020535  0.018554  0.017744  0.057483  0.057777  0.997675
block5all      800.0  1000.0   800.0  1000.0       1.0       1.0     0.016857        0.002815 -0.393002 -0.409859  0.420775  0.008967  0.024399  0.011774  0.021923  0.057684  0.054531  0.997775

           dF_equ   dF_all  se_dF_block  se_dF_bar    dF_fwd    dF_bwd  ddF_fwd_bwd        dH     se_dH     sd_dE  overlap_all  overlap_equ     nA     nB
SUMMARY  0.014414  0.01383     0.001713   0.001565  0.011618  0.015789     0.004171  0.291994  0.247002  0.079258     0.997801      0.99782  764.0  542.0

******** Analysis of SolvSimEle0.7_Vdw1/solvwaterboxproddyn.bar ********

             start_A   end_A start_B   end_B       g_A       g_B dF(kcal/mol) se_dF(kcal/mol)        dH       TdS     se_dH    dF_fwd    dF_bwd    dE_fwd    dE_bwd sd_dE_fwd sd_dE_bwd   overlap
all              0.0  1000.0     0.0  1000.0       1.0       1.0     0.012832        0.001325  0.204813   0.19198  0.205875  0.014278  0.011667  0.017048  0.008581  0.057191  0.061069  0.997538
uncorr           0.0  1000.0     0.0  1000.0  2.325581  2.932551     0.013511        0.002078  0.385862  0.372351  0.333864  0.015998  0.010809  0.018573  0.007828  0.055283  0.059892    0.9977
equ              0.0  1000.0     0.0  1000.0  2.410764  3.887119      0.01169        0.002253   0.21085   0.19916  0.344785   0.01541  0.005553  0.018246  0.002817  0.057769  0.057533   0.99774
blockave_all   400.0   600.0   400.0   600.0       1.0       1.0     0.012832        0.002079  0.200041  0.187209  0.143984  0.014315  0.011617  0.017048  0.008581  0.056719  0.060486   0.99755
block1all        0.0   200.0     0.0   200.0       1.0       1.0     0.013725         0.00281  0.695178  0.681454  0.397521  0.007896  0.020068  0.010264  0.017142  0.052597  0.059532  0.997783
block2all      200.0   400.0   200.0   400.0       1.0       1.0     0.006104        0.002964  0.032192  0.026088  0.435569   0.00784   0.00503  0.010426  0.001747  0.055215  0.062921  0.997534
block3all      400.0   600.0   400.0   600.0       1.0       1.0      0.01278        0.003107  0.286068  0.273287  0.496671  0.011623  0.014341  0.014626  0.010882  0.059449  0.064825  0.997291
block4all      600.0   800.0   600.0   800.0       1.0       1.0     0.019168        0.002893 -0.162305 -0.181473  0.455992  0.019462   0.01848   0.02245  0.015872  0.059621  0.055977   0.99765
block5all      800.0  1000.0   800.0  1000.0       1.0       1.0     0.012383        0.002991  0.149075  0.136691  0.478702  0.024757  0.000166  0.027475 -0.002738  0.056714  0.059174  0.997489

          dF_equ    dF_all  se_dF_block  se_dF_bar    dF_fwd    dF_bwd  ddF_fwd_bwd       dH     se_dH     sd_dE  overlap_all  overlap_equ     nA     nB
SUMMARY  0.01169  0.012832     0.002079   0.002253  0.014278  0.011667      0.00261  0.21085  0.344785  0.083667     0.997538      0.99774  414.0  257.0

******** Analysis of SolvSimEle0.8_Vdw1/solvwaterboxproddyn.bar ********

             start_A   end_A start_B   end_B       g_A       g_B dF(kcal/mol) se_dF(kcal/mol)        dH       TdS     se_dH    dF_fwd    dF_bwd    dE_fwd    dE_bwd sd_dE_fwd sd_dE_bwd   overlap
all              0.0  1000.0     0.0  1000.0       1.0       1.0      0.00659        0.001463   0.28053   0.27394  0.223349  0.003349  0.009829   0.00691  0.006208  0.064749  0.066378  0.996998
uncorr           0.0  1000.0     0.0  1000.0  4.310345  3.623188     0.005826        0.002955  0.053252  0.047426  0.442993  0.002599  0.009224  0.005867  0.005139  0.062037  0.070463  0.996924
equ              0.0  1000.0     0.0  1000.0  5.153689  4.383103     0.002597        0.003358  -0.36701 -0.369607  0.497873 -0.001524   0.00647  0.002205  0.002257  0.066302  0.071813  0.996685
blockave_all   400.0   600.0   400.0   600.0       1.0       1.0     0.006589        0.003606  0.241851  0.235262  0.341401   0.00344  0.009804   0.00691  0.006208  0.063814  0.065926  0.997034
block1all        0.0   200.0     0.0   200.0       1.0       1.0     0.012126        0.003299   1.14618  1.134054  0.460491   0.01484  0.009918  0.018147  0.006005  0.062265  0.069422  0.996947
block2all      200.0   400.0   200.0   400.0       1.0       1.0     0.003651        0.003168  -0.46864 -0.472292  0.443677 -0.006761   0.01305 -0.002921   0.01019  0.067332  0.058589  0.997184
block3all      400.0   600.0   400.0   600.0       1.0       1.0     0.008238        0.003266 -0.122259 -0.130498  0.532872  0.006425  0.009088  0.010471  0.005939  0.068789  0.061812  0.997008
block4all      600.0   800.0   600.0   800.0       1.0       1.0     0.014688        0.003146 -0.329293 -0.343981  0.479454   0.01345  0.016635  0.016375  0.012953  0.058869  0.066895  0.997223
block5all      800.0  1000.0   800.0  1000.0       1.0       1.0    -0.005759        0.003374  0.983269  0.989027  0.528022 -0.010754   0.00033 -0.007522 -0.004049  0.061813   0.07291  0.996807

           dF_equ   dF_all  se_dF_block  se_dF_bar    dF_fwd    dF_bwd  ddF_fwd_bwd       dH     se_dH     sd_dE  overlap_all  overlap_equ     nA     nB
SUMMARY  0.002597  0.00659     0.003606   0.003358  0.003349  0.009829      0.00648 -0.36701  0.497873  0.092728     0.996998     0.996685  194.0  228.0

******** Analysis of SolvSimEle0.9_Vdw1/solvwaterboxproddyn.bar ********

             start_A   end_A start_B   end_B       g_A       g_B dF(kcal/mol) se_dF(kcal/mol)        dH       TdS     se_dH    dF_fwd    dF_bwd    dE_fwd    dE_bwd sd_dE_fwd sd_dE_bwd   overlap
all              0.0  1000.0     0.0  1000.0       1.0       1.0    -0.006747        0.001612  0.161025  0.167772  0.252711 -0.003607 -0.009979  0.000762 -0.014331  0.071339  0.072499  0.996355
uncorr           0.0  1000.0     0.0  1000.0  4.807692  3.215434    -0.003346        0.003206  0.471536  0.474882  0.502137 -0.001932  -0.00387  0.002218 -0.008619  0.069698  0.075779  0.996409
equ             28.0  1000.0     0.0  1000.0  6.099168  3.631776    -0.008355        0.003382  0.310833  0.319188  0.522827 -0.006963 -0.009554 -0.002455 -0.013652  0.072455  0.070663  0.996716
blockave_all   400.0   600.0   400.0   600.0       1.0       1.0    -0.006749        0.002906  0.126316  0.133065  0.183998 -0.003556 -0.010085  0.000762 -0.014331  0.070691  0.071018  0.996379
block1all        0.0   200.0     0.0   200.0       1.0       1.0     0.004508        0.003305  0.666683  0.662176  0.504495 -0.003654  0.010236   0.00127   0.00763  0.075066  0.056235  0.996936
block2all      200.0   400.0   200.0   400.0       1.0       1.0    -0.008629        0.003608 -0.151763 -0.143133  0.518925  0.003085 -0.018423  0.006295 -0.023598  0.061694  0.078724  0.996351
block3all      400.0   600.0   400.0   600.0       1.0       1.0    -0.009143        0.003448   0.03831  0.047453  0.617133 -0.002788 -0.014992  0.000882 -0.019204  0.065659   0.07095  0.996666
block4all      600.0   800.0   600.0   800.0       1.0       1.0     -0.00817        0.003628 -0.338219 -0.330049   0.57243  0.003647 -0.020543  0.008152 -0.024544  0.072436  0.069241  0.996311
block5all      800.0  1000.0   800.0  1000.0       1.0       1.0    -0.012309         0.00395  0.416568  0.428876  0.569588 -0.018069 -0.006701 -0.012791 -0.011937  0.078599  0.079942  0.995629

           dF_equ    dF_all  se_dF_block  se_dF_bar    dF_fwd    dF_bwd  ddF_fwd_bwd        dH     se_dH     sd_dE  overlap_all  overlap_equ     nA     nB
SUMMARY -0.008355 -0.006747     0.002906   0.003382 -0.003607 -0.009979     0.006371  0.310833  0.522827  0.101712     0.996355     0.996716  159.0  275.0

******** Sum of 25 files [..xproddyn.bar ... ..xproddyn.bar] ********

              start_A    end_A  start_B    end_B       g_A       g_B dF(kcal/mol) se_dF(kcal/mol)         dH        TdS      se_dH     dF_fwd     dF_bwd     dE_fwd    dE_bwd sd_dE_fwd sd_dE_bwd   overlap
all               0.0  25000.0      0.0  25000.0       1.0       1.0    13.538184        0.055555  -3.973124 -17.511308   7.631643  13.408405  13.610032  19.444383  9.167986  3.206588  2.034672   0.59548
uncorr            0.0  25000.0      0.0  25000.0  1.880806  1.825881    13.563876        0.073365  -6.044614  -19.60849  10.135592  13.371108  13.765947  19.498239  9.186899  3.243196  2.055371  0.599847
equ             434.0  25000.0    364.0  25000.0  2.012835  1.919758    13.543026        0.074593  -6.238313  -19.78134  10.250761  13.387516  13.608345  19.461447  9.114038  3.212349  2.046535  0.611146
blockave_all  10000.0  15000.0  10000.0  15000.0       1.0       1.0    13.539948         0.09634  -3.790771 -17.330719  10.190323  13.449568  13.470538  19.444383  9.167986  3.197033  2.028316  0.595213
block1all         0.0   5000.0      0.0   5000.0       1.0       1.0    13.270652        0.124693 -24.238656 -37.509307  16.946126   12.91304    13.2541  19.107926  9.004203  3.253889  2.064535  0.601653
block2all      5000.0  10000.0   5000.0  10000.0       1.0       1.0    13.352874        0.122053  17.714033   4.361159  16.447317  13.527005  13.381136  19.178416  9.037714  3.132637  1.988467  0.594457
block3all     10000.0  15000.0  10000.0  15000.0       1.0       1.0    13.653725          0.1263 -30.962582 -44.616308   17.41476  13.435448  13.662214  19.679159  9.224695  3.296517  2.078632  0.591764
block4all     15000.0  20000.0  15000.0  20000.0       1.0       1.0    13.768166        0.123601  16.914547   3.146381  17.086281  13.821371  13.408998     19.617   9.33701  3.091956  2.006043  0.605523
block5all     20000.0  25000.0  20000.0  25000.0       1.0       1.0     13.65432        0.124288   1.618801 -12.035519  16.956766  13.550975  13.646242  19.639414  9.236308  3.210163  2.003904  0.582666

******** SUMMARY ********

