
     ######################################################################
   ##########################################################################
  ###                                                                      ###
 ###            Tinker  ---  Software Tools for Molecular Design            ###
 ##                                                                          ##
 ##                         Version 8.9.2  June 2021                         ##
 ##                                                                          ##
 ##               Copyright (c)  Jay William Ponder  1990-2021               ##
 ###                           All Rights Reserved                          ###
  ###                                                                      ###
   ##########################################################################
     ######################################################################


 Simulation Trajectory A and Thermodynamic State 0 :  

 
 Number of Frames :        1000
 Temperature :           300.00

 Simulation Trajectory B and Thermodynamic State 1 :  

 
 Number of Frames :        1000
 Temperature :           300.00

 Free Energy Difference via FEP Method :

 Free Energy via Forward FEP               1.3812 +/-   0.0377 Kcal/mol
 Free Energy via Backward FEP              1.3857 +/-   0.0717 Kcal/mol

 Free Energy Difference via BAR Method :

 BAR Iteration   0                         1.3962 Kcal/mol
 BAR Iteration   1                         1.4086 Kcal/mol
 BAR Iteration   2                         1.4086 Kcal/mol

 Free Energy via BAR Iteration             1.4086 +/-   0.0369 Kcal/mol
 Free Energy via BAR Bootstrap             1.4086 +/-   0.0221 Kcal/mol

 Enthalpy from Potential Energy Averages :

 Average Energy for State 0           -21628.4034 +/-   3.0923 Kcal/mol
 Average Energy for State 1           -21629.0233 +/-   3.0758 Kcal/mol
 Enthalpy via Direct Estimate             -0.6198 +/-   4.3629 Kcal/mol

 Enthalpy and Entropy via FEP Method :

 Enthalpy via Forward FEP                 -1.6270 +/-   8.1778 Kcal/mol
 Entropy via Forward FEP                -0.010027 Kcal/mol/K
 Forward FEP -T*dS Value                   3.0082 Kcal/mol

 Enthalpy via Backward FEP                14.4017 +/-  20.2412 Kcal/mol
 Entropy via Backward FEP                0.043387 Kcal/mol/K
 Backward FEP -T*dS Value                -13.0160 Kcal/mol

 Enthalpy and Entropy via BAR Method :

 Enthalpy via BAR Estimate                 0.0188 +/-   3.5502 Kcal/mol
 Entropy via BAR Estimate               -0.004633 Kcal/mol/K
 BAR Estimate of -T*dS                     1.3898 Kcal/mol
