
     ######################################################################
   ##########################################################################
  ###                                                                      ###
 ###            Tinker  ---  Software Tools for Molecular Design            ###
 ##                                                                          ##
 ##                         Version 8.9.2  June 2021                         ##
 ##                                                                          ##
 ##               Copyright (c)  Jay William Ponder  1990-2021               ##
 ###                           All Rights Reserved                          ###
  ###                                                                      ###
   ##########################################################################
     ######################################################################


 Simulation Trajectory A and Thermodynamic State 0 :  

 
 Number of Frames :         316
 Temperature :           300.00

 Simulation Trajectory B and Thermodynamic State 1 :  

 
 Number of Frames :         333
 Temperature :           300.00

 Free Energy Difference via FEP Method :

 Free Energy via Forward FEP              -0.3614 +/-   0.0095 Kcal/mol
 Free Energy via Backward FEP             -0.3568 +/-   0.0072 Kcal/mol

 Free Energy Difference via BAR Method :

 BAR Iteration   0                        -0.3590 Kcal/mol
 BAR Iteration   1                        -0.3598 Kcal/mol
 BAR Iteration   2                        -0.3598 Kcal/mol

 Free Energy via BAR Iteration            -0.3598 +/-   0.0093 Kcal/mol
 Free Energy via BAR Bootstrap            -0.3598 +/-   0.0056 Kcal/mol

 Enthalpy from Potential Energy Averages :

 Average Energy for State 0               23.8650 +/-   0.2169 Kcal/mol
 Average Energy for State 1               23.6025 +/-   0.2183 Kcal/mol
 Enthalpy via Direct Estimate             -0.2625 +/-   0.3074 Kcal/mol

 Enthalpy and Entropy via FEP Method :

 Enthalpy via Forward FEP                 -0.2851 +/-   0.4415 Kcal/mol
 Entropy via Forward FEP                 0.000255 Kcal/mol/K
 Forward FEP -T*dS Value                  -0.0764 Kcal/mol

 Enthalpy via Backward FEP                -0.1356 +/-   0.4360 Kcal/mol
 Entropy via Backward FEP                0.000737 Kcal/mol/K
 Backward FEP -T*dS Value                 -0.2212 Kcal/mol

 Enthalpy and Entropy via BAR Method :

 Enthalpy via BAR Estimate                -0.1840 +/-   0.0387 Kcal/mol
 Entropy via BAR Estimate                0.000586 Kcal/mol/K
 BAR Estimate of -T*dS                    -0.1759 Kcal/mol
