
******** Analysis of fep-solv-01-solv-02.bar ********

             start_A   end_A start_B   end_B        g_A         g_B dF(kcal/mol) se_dF(kcal/mol)          dH         TdS       se_dH    dF_fwd    dF_bwd    dE_fwd    dE_bwd sd_dE_fwd sd_dE_bwd   overlap
all              0.0  2500.0     0.0  2500.0        1.0         1.0     0.934239        0.006659   -1.030037   -1.964276    3.208866   0.92301  0.976568  1.085857  0.763614  0.421103  0.528857  0.863511
uncorr           0.0  2500.0     0.0  2500.0  18.939394  357.142857     0.906522        0.063409 -522.080031 -522.986553  307.925725  0.928222  0.745576  1.125748  0.463367  0.439522  0.650322  0.938255
equ              0.0  2500.0  2205.0  2500.0  22.335064    7.378116     0.946895        0.022509  -21.654412  -22.601307   18.055377  0.883684  0.965571  1.091382   0.75593  0.442212  0.523056   0.89227
blockave_all  1000.0  1500.0  1000.0  1500.0        1.0         1.0     0.924385        0.093926   -6.884764    -7.80915    4.085249  0.935046  0.897988  1.085857  0.763614  0.407234  0.397284  0.877499
block1all        0.0   500.0     0.0   500.0        1.0         1.0     0.636092        0.019413  -23.076963  -23.713055   11.822486  0.877832  0.301546  1.112883  0.162569  0.465206  0.400228  0.788208
block2all      500.0  1000.0   500.0  1000.0        1.0         1.0     0.789053        0.014357   -0.876144   -1.665197    4.771504  0.801154  0.788122  0.964405  0.616755   0.44254  0.443742  0.871868
block3all     1000.0  1500.0  1000.0  1500.0        1.0         1.0     1.044431        0.012214   -3.118118   -4.162548    4.443958  1.089055  1.022389  1.194559  0.889521  0.345261  0.396543  0.903866
block4all     1500.0  2000.0  1500.0  2000.0        1.0         1.0     1.161385        0.010631    -3.07706   -4.238445    3.595556  1.070977  1.237185  1.175788   1.14713   0.35796  0.332392  0.925427
block5all     2000.0  2500.0  2000.0  2500.0        1.0         1.0     0.990965        0.012613   -4.275537   -5.266502    4.696262  0.836214  1.140697  0.981648  1.002096  0.425201  0.413515  0.898127

           dF_equ    dF_all  se_dF_block  se_dF_bar   dF_fwd    dF_bwd  ddF_fwd_bwd         dH      se_dH     sd_dE  overlap_all  overlap_equ     nA    nB
SUMMARY  0.946895  0.934239     0.093926   0.022509  0.92301  0.976568     0.053558 -21.654412  18.055377  0.676031     0.863511      0.89227  111.0  39.0

******** Analysis of fep-solv-02-solv-03.bar ********

             start_A   end_A start_B   end_B         g_A        g_B dF(kcal/mol) se_dF(kcal/mol)           dH          TdS       se_dH    dF_fwd    dF_bwd    dE_fwd    dE_bwd sd_dE_fwd sd_dE_bwd   overlap
all              0.0  2500.0     0.0  2500.0         1.0        1.0     4.417334        0.020099    26.123809    21.706475    5.430634  2.896868   4.87707  5.537232  3.398262  1.807519  1.412571  0.409819
uncorr           0.0  2500.0     0.0  2500.0  357.142857      500.0     4.022152        0.563959 -1858.437596 -1862.459748  952.227938  1.806663  4.927443    4.5252   3.27598  2.352941  2.248014  0.287874
equ            700.0  2500.0  1820.0  2500.0   56.193123  10.443279     4.651152        0.094743    20.821769    16.170617   34.586572  2.973498  5.020973  5.499514   3.31178  1.716623  1.504304  0.512494
blockave_all  1000.0  1500.0  1000.0  1500.0         1.0        1.0     4.323672        0.602072     10.36838     6.044708    8.228614  4.216982  4.047833  5.537232  3.398262  1.292395   0.79592  0.480479
block1all        0.0   500.0     0.0   500.0         1.0        1.0     2.374217        0.035355     4.785919     2.411702   15.483104  2.006299  2.454259  3.340139  1.619886  1.306984  0.912674  0.528771
block2all      500.0  1000.0   500.0  1000.0         1.0        1.0     3.609743        0.042223   -10.823609   -14.433353   10.377838   3.41463  3.133121  5.083528  2.628343  1.518398  0.712714  0.440324
block3all     1000.0  1500.0  1000.0  1500.0         1.0        1.0     4.592223        0.040072    -0.450636    -5.042859    9.888314  4.742517  4.098061  5.944995  3.564997  1.255272  0.733541  0.466226
block4all     1500.0  2000.0  1500.0  2000.0         1.0        1.0      5.51994          0.0442    34.177705    28.657765   10.579793  6.023448  4.920367  6.921966  4.303203  1.021364  0.778999  0.417901
block5all     2000.0  2500.0  2000.0  2500.0         1.0        1.0     5.522237        0.033932    24.152519    18.630282    9.418892  4.898018  5.633356  6.395531  4.874881  1.359959  0.841673  0.549173
WARNING: Standard error (block average) (kcal/mol)  above threshold (0.602 vs. 0.500)
WARNING: Difference between forward and backward FEP (kcal/mol)  above threshold (1.980 vs. 1.000)
WARNING: Standard deviation of energy difference (kcal/mol) above threshold (2.294 vs. 2.000)

           dF_equ    dF_all  se_dF_block  se_dF_bar    dF_fwd   dF_bwd  ddF_fwd_bwd         dH      se_dH    sd_dE  overlap_all  overlap_equ    nA    nB
SUMMARY  4.651152  4.417334     0.602072   0.094743  2.896868  4.87707     1.980201  20.821769  34.586572  2.29401     0.409819     0.512494  32.0  65.0

******** Analysis of fep-solv-03-solv-04.bar ********

             start_A   end_A start_B   end_B        g_A       g_B dF(kcal/mol) se_dF(kcal/mol)           dH          TdS       se_dH    dF_fwd    dF_bwd    dE_fwd    dE_bwd sd_dE_fwd sd_dE_bwd   overlap
all              0.0  2500.0     0.0  2500.0        1.0       1.0     3.979935        0.022906    12.656498     8.676563    5.713039  2.859641  4.536655  5.549718  2.827148  2.026028   1.38515   0.34839
uncorr           0.0  2500.0     0.0  2500.0      500.0     500.0     4.245485         0.64389 -1796.865312 -1801.110797  899.431307  0.715442  4.975543   5.37788   2.66028  3.227149  2.168861  0.252785
equ           1820.0  2500.0  2380.0  2500.0  10.386836  2.590242     4.267382        0.051902    -6.006148   -10.273529    14.11242  2.586365  4.515181  5.543606  2.825227  2.060397  1.375216  0.403782
blockave_all  1000.0  1500.0  1000.0  1500.0        1.0       1.0     4.073384          0.7009    -0.188408    -4.261792    4.712121  4.658407  3.429115  5.549718  2.827148  1.129181   0.76749  0.411765
block1all        0.0   500.0     0.0   500.0        1.0       1.0     2.045424         0.03222    -4.429229    -6.474653   15.065296  1.937461  1.979022  2.984635  1.380725  1.300901  0.768237  0.574667
block2all      500.0  1000.0   500.0  1000.0        1.0       1.0     3.292432        0.036005    11.973895     8.681462     9.78146  3.753505  2.832755   4.43529  2.338798   1.00634  0.682762  0.519679
block3all     1000.0  1500.0  1000.0  1500.0        1.0       1.0     3.830534        0.063127     0.750111    -3.080423   12.023367   5.02842  2.599705  5.802315  2.149471  1.037019  0.625135  0.260333
block4all     1500.0  2000.0  1500.0  2000.0        1.0       1.0     5.159309         0.05143    -15.52815   -20.687459   11.566417   5.94616  4.353535   6.85455  3.699495  1.109166  0.790869  0.346518
block5all     2000.0  2500.0  2000.0  2500.0        1.0       1.0     6.039219        0.050193     6.291332     0.252113    11.22886   6.62649  5.380558  7.671802  4.567251  1.192478  0.970447  0.357627
WARNING: Standard error (block average) (kcal/mol)  above threshold (0.701 vs. 0.500)
WARNING: Difference between forward and backward FEP (kcal/mol)  above threshold (1.677 vs. 1.000)
WARNING: Standard deviation of energy difference (kcal/mol) above threshold (2.454 vs. 2.000)

           dF_equ    dF_all  se_dF_block  se_dF_bar    dF_fwd    dF_bwd  ddF_fwd_bwd        dH     se_dH     sd_dE  overlap_all  overlap_equ    nA    nB
SUMMARY  4.267382  3.979935       0.7009   0.051902  2.859641  4.536655     1.677014 -6.006148  14.11242  2.454268      0.34839     0.403782  65.0  46.0

******** Analysis of fep-solv-04-solv-05.bar ********

             start_A   end_A start_B   end_B       g_A         g_B dF(kcal/mol) se_dF(kcal/mol)          dH         TdS       se_dH    dF_fwd    dF_bwd    dE_fwd    dE_bwd sd_dE_fwd sd_dE_bwd   overlap
all              0.0  2500.0     0.0  2500.0       1.0         1.0     1.977954        0.011469   17.541445   15.563491     4.21878  1.679233  2.103319  2.466035  1.655933  1.121127  0.682841  0.680782
uncorr           0.0  2500.0     0.0  2500.0     500.0  178.571429     2.055736        0.246452 -707.161936 -709.217672  384.407647  0.952755  2.022789    2.3249  1.662169  1.755686  0.706813  0.615191
equ           2380.0  2500.0  2205.0  2500.0  2.558244    2.712679     1.964955        0.018727    7.239342    5.274387    8.136015  1.656631  2.060725  2.458738  1.642508  1.117467    0.6794  0.678363
blockave_all  1000.0  1500.0  1000.0  1500.0       1.0         1.0     2.042993        0.296492   -0.385479   -2.428472    5.727128  2.162286  2.007955  2.466035  1.655933  0.620114  0.599224  0.737048
block1all        0.0   500.0     0.0   500.0       1.0         1.0     1.431447        0.018677   -3.815653     -5.2471   11.293825  0.999864   1.94284  1.293467   1.58321  0.620145  0.654908  0.800829
block2all      500.0  1000.0   500.0  1000.0       1.0         1.0     1.643959        0.019366   -2.234842   -3.878801    6.243983  1.855672  1.483762  2.074434   1.23985   0.55074  0.510783  0.789026
block3all     1000.0  1500.0  1000.0  1500.0       1.0         1.0     1.661876        0.017928   17.364495   15.702619    6.259231   1.73268  1.920871  1.915843  1.435353  0.502675  0.648979  0.813558
block4all     1500.0  2000.0  1500.0  2000.0       1.0         1.0     2.502966        0.025245    4.514743    2.011777    7.785836   2.86003     2.168   3.17036   1.86303  0.640645  0.580407  0.687585
block5all     2000.0  2500.0  2000.0  2500.0       1.0         1.0     2.974715        0.030947  -17.756138  -20.730853    8.834878  3.363182  2.524301  3.876071   2.15822  0.786366  0.601045  0.594243

           dF_equ    dF_all  se_dF_block  se_dF_bar    dF_fwd    dF_bwd  ddF_fwd_bwd        dH     se_dH     sd_dE  overlap_all  overlap_equ    nA     nB
SUMMARY  1.964955  1.977954     0.296492   0.018727  1.679233  2.103319     0.424085  7.239342  8.136015  1.312706     0.680782     0.678363  46.0  108.0

******** Analysis of fep-solv-05-solv-06.bar ********

             start_A   end_A start_B   end_B         g_A        g_B dF(kcal/mol) se_dF(kcal/mol)          dH         TdS       se_dH    dF_fwd    dF_bwd    dE_fwd    dE_bwd sd_dE_fwd sd_dE_bwd   overlap
all              0.0  2500.0     0.0  2500.0         1.0        1.0     1.960927         0.01062    7.279483    5.318556     4.16289  1.798162  1.983696  2.411876  1.613316  0.939622   0.62594  0.713225
uncorr           0.0  2500.0     0.0  2500.0  166.666667  53.191489     2.100505        0.114095 -173.523657 -175.624163  124.304045   1.82814  2.092604   2.56588  1.636062  0.924311  0.701725  0.703164
equ           2205.0  2500.0  1960.0  2500.0    2.730075    4.80073     1.940638        0.019727     1.72995   -0.210688   11.709746  1.812378  1.950026  2.426611  1.607168  0.946332  0.595121  0.731002
blockave_all  1000.0  1500.0  1000.0  1500.0         1.0        1.0     1.973587        0.111351    3.300349    1.326762    5.384793  1.920096  1.955693  2.411876  1.613316  0.825206  0.603246  0.722743
block1all        0.0   500.0     0.0   500.0         1.0        1.0     1.860516        0.024971  -14.777294   -16.63781   13.878698  1.648956  1.943138  2.314768  1.455316  0.902523  0.714649  0.692248
block2all      500.0  1000.0   500.0  1000.0         1.0        1.0     1.740434        0.018655   -0.114435   -1.854868    6.117768  1.488233  2.005132  1.838146  1.678664   0.70277  0.596898  0.801199
block3all     1000.0  1500.0  1000.0  1500.0         1.0        1.0     1.782911        0.020173   10.449532    8.666621    6.792504  1.657788  1.819101  2.111103  1.566611  0.892069  0.533563  0.775108
block4all     1500.0  2000.0  1500.0  2000.0         1.0        1.0      2.25525        0.023049   17.085704   14.830454    7.413383  2.211966  2.261457  2.694569  1.869553  0.800787  0.659079  0.725281
block5all     2000.0  2500.0  2000.0  2500.0         1.0        1.0     2.228824        0.029327    3.858235    1.629411    9.006349  2.593539  1.749638  3.100793  1.496436  0.827882  0.512039  0.619878

           dF_equ    dF_all  se_dF_block  se_dF_bar    dF_fwd    dF_bwd  ddF_fwd_bwd       dH      se_dH     sd_dE  overlap_all  overlap_equ     nA     nB
SUMMARY  1.940638  1.960927     0.111351   0.019727  1.798162  1.983696     0.185534  1.72995  11.709746  1.129022     0.713225     0.731002  108.0  112.0

******** Analysis of fep-solv-06-solv-07.bar ********

             start_A   end_A start_B   end_B        g_A       g_B dF(kcal/mol) se_dF(kcal/mol)          dH         TdS       se_dH    dF_fwd    dF_bwd    dE_fwd    dE_bwd sd_dE_fwd sd_dE_bwd   overlap
all              0.0  2500.0     0.0  1544.0        1.0       1.0     1.556112        0.014153   13.219617   11.663506    5.586531  1.808474  1.099287    2.3498  0.812003  0.857197  0.536931  0.647131
uncorr           0.0  2500.0     0.0  1544.0  53.191489     48.25     1.480797        0.103794 -200.031379 -201.512176  156.930769   1.62876  0.820554  2.378391  0.705044  0.962761   0.39365  0.630947
equ           1960.0  2500.0  1323.0  1544.0   4.832637  3.176762     1.511479        0.028056    2.228882    0.717404   13.903132    1.8297  1.094368  2.326467  0.808148  0.834187   0.55406  0.640061
blockave_all  1000.0  1500.0   617.2   926.0        1.0       1.0      1.55705        0.066524   12.145979   10.588928    5.177399  1.851815  1.062383    2.3498  0.811896  0.825583  0.506578  0.650817
block1all        0.0   500.0     0.0   308.0        1.0       1.0     1.325232         0.03203   14.802249   13.477017   19.788128  1.457591  0.934186  2.132092  0.647161  0.979096  0.547235  0.641998
block2all      500.0  1000.0   308.0   617.0        1.0       1.0     1.693824        0.029838    7.056563    5.362739    8.320105  1.960214  1.190375  2.441372   0.98907  0.814883  0.468928  0.673446
block3all     1000.0  1500.0   617.0   926.0        1.0       1.0     1.652008        0.028902    6.162191    4.510183    9.703333  1.890219  1.394112  2.285942  1.006997  0.730754  0.632106    0.6873
block4all     1500.0  2000.0   926.0  1235.0        1.0       1.0     1.616443        0.038795    1.658813     0.04237    9.817492  2.108176   0.82408  2.703317  0.626683  0.903085  0.440274  0.549535
block5all     2000.0  2500.0  1235.0  1544.0        1.0       1.0     1.497745        0.027931   31.050077   29.552332    8.773238  1.842874  0.969161  2.186277  0.789569  0.700096  0.444348  0.701806

           dF_equ    dF_all  se_dF_block  se_dF_bar    dF_fwd    dF_bwd  ddF_fwd_bwd        dH      se_dH     sd_dE  overlap_all  overlap_equ     nA    nB
SUMMARY  1.511479  1.556112     0.066524   0.028056  1.808474  1.099287     0.709187  2.228882  13.903132  1.011475     0.647131     0.640061  111.0  69.0

******** Analysis of fep-solv-07-solv-08.bar ********

             start_A   end_A start_B   end_B      g_A        g_B dF(kcal/mol) se_dF(kcal/mol)          dH         TdS       se_dH    dF_fwd    dF_bwd    dE_fwd    dE_bwd sd_dE_fwd sd_dE_bwd   overlap
all              0.0  1544.0     0.0  2500.0      1.0        1.0     0.927469        0.010173   -4.695561    -5.62303    3.840757  0.892042  0.964588  1.254401   0.65152   0.72703  0.554165  0.780212
uncorr           0.0  1544.0     0.0  2500.0    48.25  80.645161      0.79207        0.074975 -209.881816 -210.673887  141.138183  0.824321   0.97222  1.113913  0.487487  0.534747    0.5881   0.79845
equ           1323.0  1544.0   595.0  2500.0  3.23508  28.026764     0.885395        0.026531  -44.906198  -45.791593   37.142139  0.880657  1.006208  1.254383  0.609081  0.731332  0.565131  0.869133
blockave_all   617.2   926.0  1000.0  1500.0      1.0        1.0     0.926023        0.064835   -3.751296   -4.677319    7.065069   0.92319  0.937792  1.254257   0.65152  0.686186  0.523013  0.785713
block1all        0.0   308.0     0.0   500.0      1.0        1.0     1.043107        0.020829     -5.9236   -6.966707   12.661212  0.665758  1.246157  1.033137  0.972538  0.743439  0.540249  0.809178
block2all      308.0   617.0   500.0  1000.0      1.0        1.0     1.078529         0.02251    2.163317    1.084788     7.13711  1.214075  0.995262  1.498539   0.73809     0.637  0.517204  0.783721
block3all      617.0   926.0  1000.0  1500.0      1.0        1.0     0.947605        0.026374    6.349768    5.402163    7.899171  1.028859  0.795163  1.511739  0.538158  0.853045  0.503391   0.72525
block4all      926.0  1235.0  1500.0  2000.0      1.0        1.0     0.734353        0.020149    8.830243     8.09589    6.343762  0.758091  0.866558  1.000495  0.516797  0.595322  0.531775  0.818926
block5all     1235.0  1544.0  2000.0  2500.0      1.0        1.0     0.826522        0.021993  -30.176208  -31.002729    7.454345  0.949167  0.785821  1.227376  0.492015  0.602121  0.522444  0.791489

           dF_equ    dF_all  se_dF_block  se_dF_bar    dF_fwd    dF_bwd  ddF_fwd_bwd         dH      se_dH     sd_dE  overlap_all  overlap_equ    nA    nB
SUMMARY  0.885395  0.927469     0.064835   0.026531  0.892042  0.964588     0.072546 -44.906198  37.142139  0.914151     0.780212     0.869133  68.0  67.0

******** Analysis of fep-solv-08-solv-09.bar ********

             start_A   end_A start_B   end_B        g_A        g_B dF(kcal/mol) se_dF(kcal/mol)          dH         TdS       se_dH    dF_fwd    dF_bwd    dE_fwd    dE_bwd sd_dE_fwd sd_dE_bwd   overlap
all              0.0  2500.0     0.0  2500.0        1.0        1.0     1.122004        0.012554   -6.673349   -7.795353    4.205682  0.906958  1.755068  1.745449  0.718574  1.208018  0.803643  0.640272
uncorr           0.0  2500.0     0.0  2500.0  80.645161  69.444444     1.035117        0.102424 -161.881139 -162.916256  127.753375  0.606362  2.099763  1.396932    0.8601  1.294938   1.00349  0.667408
equ            595.0  2500.0  1540.0  2500.0  27.733688   4.737101      1.22321        0.044808   -7.640322   -8.863532   18.038996  0.944263  1.697398  1.613722  0.730791  1.113321  0.804024  0.694365
blockave_all  1000.0  1500.0  1000.0  1500.0        1.0        1.0     1.131255        0.123394   -4.635045     -5.7663    5.444679  0.988887  1.538763  1.745449  0.718574  1.138306   0.73973  0.651187
block1all        0.0   500.0     0.0   500.0        1.0        1.0     1.311334        0.035594   -1.667356   -2.978689   14.200547  1.562434  1.043271  2.455144  0.447666  1.179478   0.72293  0.525412
block2all      500.0  1000.0   500.0  1000.0        1.0        1.0     1.473319        0.027498   -9.448825  -10.922144    8.114644  1.164507  2.127672  1.934665  1.173825  1.127339  0.881941  0.649726
block3all     1000.0  1500.0  1000.0  1500.0        1.0        1.0     1.141839        0.024607    9.455997    8.314158     7.43358  0.821364  1.612833  1.495886  0.947513  1.092842  0.760622  0.698465
block4all     1500.0  2000.0  1500.0  2000.0        1.0        1.0     0.945743        0.023945    1.229642    0.283899    7.316993  0.769275  2.115964   1.44428  0.657004  1.154738  0.689145  0.709837
block5all     2000.0  2500.0  2000.0  2500.0        1.0        1.0     0.784041        0.026135  -22.744682  -23.528722    8.009044  0.626853  0.794077  1.397269  0.366864  1.137133  0.644012  0.672496

          dF_equ    dF_all  se_dF_block  se_dF_bar    dF_fwd    dF_bwd  ddF_fwd_bwd        dH      se_dH     sd_dE  overlap_all  overlap_equ    nA     nB
SUMMARY  1.22321  1.122004     0.123394   0.044808  0.906958  1.755068      0.84811 -7.640322  18.038996  1.450914     0.640272     0.694365  68.0  202.0

******** Analysis of fep-solv-09-solv-10.bar ********

             start_A   end_A start_B   end_B        g_A        g_B dF(kcal/mol) se_dF(kcal/mol)          dH         TdS      se_dH    dF_fwd    dF_bwd    dE_fwd    dE_bwd sd_dE_fwd sd_dE_bwd   overlap
all              0.0  2500.0     0.0  2500.0        1.0        1.0     0.414743        0.014607   -0.940369   -1.355112   4.377684  0.687684  0.027197  1.525831 -0.358109   1.22253   0.57758  0.567978
uncorr           0.0  2500.0     0.0  2500.0  69.444444  49.019608     0.419022        0.116178 -105.371856 -105.790877  76.036529  0.462169 -0.082362  1.743825  -0.36626  1.539872  0.586125  0.553813
equ           1540.0  2500.0  1890.0  2500.0   4.513677   1.905481     0.361574        0.026628   -7.262801   -7.624376   7.834232  0.642344  0.034125  1.579371 -0.356438  1.286155  0.580219  0.559694
blockave_all  1000.0  1500.0  1000.0  1500.0        1.0        1.0     0.433016        0.092222   -0.559697   -0.992713  12.361271  0.777613 -0.014222  1.525831 -0.358109  1.125872  0.552187  0.569038
block1all        0.0   500.0     0.0   500.0        1.0        1.0     0.200218        0.028031  -37.952674  -38.152892  10.166328  0.446685 -0.186189  1.117167 -0.437348  1.102621  0.496876   0.64094
block2all      500.0  1000.0   500.0  1000.0        1.0        1.0     0.762646        0.039832    32.15311   31.390464  10.628504  1.208784  0.193705  2.219298 -0.256374  1.343874  0.626962  0.469222
block3all     1000.0  1500.0  1000.0  1500.0        1.0        1.0     0.451559        0.039837     3.67497    3.223412   9.856607  1.084311 -0.322373  1.876871 -0.585414  1.155073  0.490787  0.469161
block4all     1500.0  2000.0  1500.0  2000.0        1.0        1.0     0.386458        0.031722  -17.213357  -17.599815   9.149443  0.780367 -0.029381  1.413708 -0.398151   1.05251  0.561075  0.582257
block5all     2000.0  2500.0  2000.0  2500.0        1.0        1.0     0.364198        0.025478   16.539463   16.175266   8.205098   0.36792   0.27313  1.002113 -0.113259  0.975281  0.585234  0.683611

           dF_equ    dF_all  se_dF_block  se_dF_bar    dF_fwd    dF_bwd  ddF_fwd_bwd        dH     se_dH     sd_dE  overlap_all  overlap_equ     nA     nB
SUMMARY  0.361574  0.414743     0.092222   0.026628  0.687684  0.027197     0.660486 -7.262801  7.834232  1.352101     0.567978     0.559694  212.0  320.0

******** Analysis of fep-solv-10-solv-11.bar ********

             start_A   end_A start_B   end_B        g_A       g_B dF(kcal/mol) se_dF(kcal/mol)         dH        TdS      se_dH    dF_fwd    dF_bwd    dE_fwd    dE_bwd sd_dE_fwd sd_dE_bwd   overlap
all              0.0  2500.0     0.0  2500.0        1.0       1.0     -1.07427        0.015556 -16.753059 -15.678789    4.51022 -1.133755  -0.92824  0.132172 -1.794905  1.632522  0.791423  0.536854
uncorr           0.0  2500.0     0.0  2500.0  51.020408  15.72327     -0.92868        0.081698 -33.753762 -32.825082  30.378459 -0.845548 -0.889249  0.137442 -1.665052  1.560497    0.8464   0.58761
equ           1890.0  2500.0   560.0  2500.0   1.853829  6.832345    -1.087587         0.02679 -12.460785 -11.373198  10.849396 -1.133031 -0.968476  0.163654 -1.768914  1.659426  0.808015  0.629762
blockave_all  1000.0  1500.0  1000.0  1500.0        1.0       1.0    -1.061733        0.093585 -16.086722 -15.024988   9.237172 -1.047396 -1.007683  0.132172 -1.794905  1.556779  0.784412  0.537512
block1all        0.0   500.0     0.0   500.0        1.0       1.0    -1.090216        0.033421   7.522589   8.612805  11.497384  -1.14165 -1.054294 -0.068646 -1.779403  1.403269  0.804867  0.556675
block2all      500.0  1000.0   500.0  1000.0        1.0       1.0    -0.927625        0.035565 -33.813699 -32.886074   9.644069 -0.945728 -1.027972  0.423014 -1.669742  1.775875  0.764471  0.525813
block3all     1000.0  1500.0  1000.0  1500.0        1.0       1.0    -1.293707        0.030286  -6.356575  -5.062868   8.756329 -1.515379  -0.48426 -0.538088 -1.747241  1.372767  0.841128  0.604602
block4all     1500.0  2000.0  1500.0  2000.0        1.0       1.0    -1.216015        0.034219  -6.310142  -5.094127   9.619258 -1.143043 -1.390507  0.004394 -1.971193  1.573502  0.746595  0.545012
block5all     2000.0  2500.0  2000.0  2500.0        1.0       1.0    -0.781105         0.04095 -41.475783 -40.694677  10.375289 -0.491182  -1.08138  0.840188 -1.806943  1.658485  0.765001  0.455457

           dF_equ   dF_all  se_dF_block  se_dF_bar    dF_fwd   dF_bwd  ddF_fwd_bwd         dH      se_dH     sd_dE  overlap_all  overlap_equ     nA     nB
SUMMARY -1.087587 -1.07427     0.093585    0.02679 -1.133755 -0.92824     0.205515 -12.460785  10.849396  1.814243     0.536854     0.629762  329.0  283.0

******** Analysis of fep-solv-11-solv-12.bar ********

             start_A   end_A start_B   end_B        g_A       g_B dF(kcal/mol) se_dF(kcal/mol)         dH        TdS      se_dH    dF_fwd    dF_bwd    dE_fwd    dE_bwd sd_dE_fwd sd_dE_bwd   overlap
all              0.0  2500.0     0.0  2500.0        1.0       1.0    -2.458369        0.013277 -10.516503  -8.058134   4.193394  -2.61088 -2.255364 -1.648085 -2.967773  1.360555  0.767492  0.614109
uncorr           0.0  2500.0     0.0  2500.0  15.151515  60.97561    -2.536631        0.071853 -66.127482 -63.590851  66.530807 -2.622201 -2.124294 -1.626108 -3.008345  1.327378  0.901798  0.678671
equ            560.0  2500.0  1925.0  2500.0   6.947776  1.891022    -2.400943        0.026951 -23.640024 -21.239082   8.639048 -2.674331 -2.270995 -1.674558 -2.962252  1.422723  0.767646  0.630975
blockave_all  1000.0  1500.0  1000.0  1500.0        1.0       1.0    -2.462153         0.08814  -8.962065  -6.499912   6.609105  -2.59311 -2.338644 -1.648085 -2.967773  1.348773  0.728381   0.61926
block1all        0.0   500.0     0.0   500.0        1.0       1.0    -2.478817        0.029508 -24.941672 -22.462854  11.453256 -2.643075 -2.437329 -1.647588 -2.979289  1.380682   0.70011  0.616977
block2all      500.0  1000.0   500.0  1000.0        1.0       1.0    -2.202898        0.029649 -24.602887 -22.399989   8.446776 -2.394042 -1.969395 -1.441698 -2.695823  1.316921  0.777121  0.614721
block3all     1000.0  1500.0  1000.0  1500.0        1.0       1.0    -2.338567        0.028484   3.310838   5.649405   8.350085 -2.515913 -2.272335 -1.549096  -2.79542  1.457021  0.731311  0.633523
block4all     1500.0  2000.0  1500.0  2000.0        1.0       1.0    -2.592481        0.027693   4.944589   7.537069   8.378832 -2.827459 -2.074546  -1.94042 -2.976836  1.263382  0.769835  0.646509
block5all     2000.0  2500.0  2000.0  2500.0        1.0       1.0    -2.698002        0.031571  -3.521192   -0.82319   9.415842 -2.585063 -2.939615 -1.661621 -3.391499  1.325858  0.663528  0.584572

           dF_equ    dF_all  se_dF_block  se_dF_bar   dF_fwd    dF_bwd  ddF_fwd_bwd         dH     se_dH     sd_dE  overlap_all  overlap_equ     nA     nB
SUMMARY -2.400943 -2.458369      0.08814   0.026951 -2.61088 -2.255364     0.355516 -23.640024  8.639048  1.562099     0.614109     0.630975  279.0  304.0

******** Analysis of fep-solv-12-solv-13.bar ********

             start_A   end_A start_B   end_B        g_A       g_B dF(kcal/mol) se_dF(kcal/mol)         dH        TdS      se_dH    dF_fwd    dF_bwd    dE_fwd    dE_bwd sd_dE_fwd sd_dE_bwd   overlap
all              0.0  2500.0     0.0  2500.0        1.0       1.0    -4.297068        0.013206  -1.060599   3.236469   4.246674 -4.188452 -4.517059 -3.397544 -4.935606  1.174152  0.630726   0.61662
uncorr           0.0  2500.0     0.0  2500.0  49.019608  20.16129    -4.320234        0.074885 -54.737195 -50.416961   38.81047 -4.263049 -4.441665  -3.55842 -4.900667  1.067907  0.712399  0.637002
equ           1925.0  2500.0  2240.0  2500.0   1.843485  1.245832    -4.322024        0.016377   2.336825   6.658848   5.411225 -4.219409 -4.503507 -3.417734 -4.931886   1.19796  0.633905  0.617712
blockave_all  1000.0  1500.0  1000.0  1500.0        1.0       1.0    -4.288563        0.053425   0.052683   4.341246   5.548477 -4.121156 -4.533985 -3.397544 -4.935606  1.122432  0.616815  0.618442
block1all        0.0   500.0     0.0   500.0        1.0       1.0    -4.271535        0.028752  -4.792267  -0.520732  11.733722 -4.136032 -4.461812 -3.440838 -4.890422  1.072985  0.630197  0.629166
block2all      500.0  1000.0   500.0  1000.0        1.0       1.0    -4.199786         0.03523   9.548492  13.748277   9.774959 -3.827907 -4.627696 -3.011383 -5.094796  1.197996  0.667166  0.530532
block3all     1000.0  1500.0  1000.0  1500.0        1.0       1.0    -4.261734         0.03277 -18.627441 -14.365707   9.239583 -3.905389 -4.756515 -3.152004 -5.073141  1.128452  0.570393  0.566367
block4all     1500.0  2000.0  1500.0  2000.0        1.0       1.0    -4.214531        0.027974  12.297559   16.51209   8.609932 -4.135851 -4.341804 -3.388461 -4.792532  1.198081   0.64829  0.641879
block5all     2000.0  2500.0  2000.0  2500.0        1.0       1.0    -4.495231        0.023108    1.83707   6.332301   7.545995 -4.600599 -4.482096 -3.995036 -4.827138  1.014644  0.568028  0.724265

           dF_equ    dF_all  se_dF_block  se_dF_bar    dF_fwd    dF_bwd  ddF_fwd_bwd        dH     se_dH     sd_dE  overlap_all  overlap_equ     nA     nB
SUMMARY -4.322024 -4.297068     0.053425   0.016377 -4.188452 -4.517059     0.328608  2.336825  5.411225  1.332834      0.61662     0.617712  311.0  208.0

******** Analysis of fep-solv-13-solv-14.bar ********

             start_A   end_A start_B   end_B        g_A       g_B dF(kcal/mol) se_dF(kcal/mol)         dH        TdS     se_dH    dF_fwd    dF_bwd    dE_fwd    dE_bwd sd_dE_fwd sd_dE_bwd   overlap
all              0.0  2500.0     0.0  2500.0        1.0       1.0    -6.513433        0.009568  -9.604165  -3.090732  3.274274 -6.598778  -6.48135 -6.118524 -6.815605  0.854664  0.582696  0.753964
uncorr           0.0  2500.0     0.0  2500.0  16.233766   7.53012    -6.408928        0.034833  -22.09552 -15.686592  13.25968  -6.49089 -6.369316  -5.98328 -6.755416  0.877886  0.602653  0.733305
equ           2100.0  2500.0  1015.0  2500.0   1.467421  1.948553    -6.518569        0.012251  -4.839767   1.678802  4.350581 -6.596207 -6.449504 -6.131907  -6.80423   0.84072  0.599896   0.76151
blockave_all  1000.0  1500.0  1000.0  1500.0        1.0       1.0    -6.512452         0.02548  -8.947931  -2.435479  2.762512 -6.573249 -6.490146 -6.118524 -6.815605  0.837602  0.578514  0.754239
block1all        0.0   500.0     0.0   500.0        1.0       1.0    -6.475373        0.021629  -6.827568  -0.352196  8.377365 -6.521553 -6.420719 -6.060123 -6.786031  0.859788  0.603818  0.749892
block2all      500.0  1000.0   500.0  1000.0        1.0       1.0    -6.568025        0.021222 -17.413102 -10.845077   6.98357 -6.825924 -6.348801 -6.314787 -6.730584  0.906296   0.61962  0.756936
block3all     1000.0  1500.0  1000.0  1500.0        1.0       1.0    -6.576401        0.019529 -12.110643  -5.534242  6.324896 -6.717303 -6.517721 -6.302364 -6.795657  0.772299  0.554535  0.786211
block4all     1500.0  2000.0  1500.0  2000.0        1.0       1.0    -6.448501        0.022816  -0.932638   5.515863  7.176699 -6.429239 -6.508927 -5.929695 -6.846888  0.877387  0.570187  0.729322
block5all     2000.0  2500.0  2000.0  2500.0        1.0       1.0    -6.493962         0.02169  -7.455702  -0.961741  7.553946 -6.372228 -6.654562  -5.98565 -6.918865  0.772241  0.544409  0.748832

           dF_equ    dF_all  se_dF_block  se_dF_bar    dF_fwd   dF_bwd  ddF_fwd_bwd        dH     se_dH     sd_dE  overlap_all  overlap_equ     nA     nB
SUMMARY -6.518569 -6.513433      0.02548   0.012251 -6.598778 -6.48135     0.117428 -4.839767  4.350581  1.034401     0.753964      0.76151  272.0  762.0

******** Analysis of fep-solv-14-solv-15.bar ********

             start_A   end_A start_B   end_B       g_A         g_B dF(kcal/mol) se_dF(kcal/mol)         dH        TdS      se_dH    dF_fwd    dF_bwd    dE_fwd     dE_bwd sd_dE_fwd sd_dE_bwd   overlap
all              0.0  2500.0     0.0  2500.0       1.0         1.0    -9.141986        0.011118  -13.73781  -4.595824    3.81265 -8.940461 -9.185353 -8.558631  -9.717216  0.720825  0.727633  0.694122
uncorr           0.0  2500.0     0.0  2500.0  7.621951  192.307692    -9.005883        0.042079  -0.642794    8.36309  20.436767 -8.973337 -9.170183 -8.604545  -9.579308  0.720777  0.660932  0.944776
equ           1015.0  2500.0  2345.0  2500.0  1.979508    3.525616    -9.109446        0.017921  -6.166076   2.943369   6.490481 -8.921459 -9.296475 -8.549414  -9.723695  0.714367  0.729247  0.706317
blockave_all  1000.0  1500.0  1000.0  1500.0       1.0         1.0    -9.156491        0.098563 -12.439717  -3.283226   6.840522  -8.93822 -9.273984 -8.558631  -9.717216  0.715604  0.634852  0.697734
block1all        0.0   500.0     0.0   500.0       1.0         1.0     -8.93963        0.020513  -3.151408   5.788222    9.49644 -8.901759 -8.808299 -8.521137  -9.282631  0.748185  0.555661   0.76923
block2all      500.0  1000.0   500.0  1000.0       1.0         1.0    -8.966706          0.0224 -23.509592 -14.542886   7.231751 -8.887061 -9.126878  -8.45088  -9.412954   0.76651  0.555347   0.73652
block3all     1000.0  1500.0  1000.0  1500.0       1.0         1.0    -9.160858        0.025207  -0.518674   8.642184   7.601494 -8.925718 -9.401829 -8.538576  -9.757091   0.68607  0.624812   0.68823
block4all     1500.0  2000.0  1500.0  2000.0       1.0         1.0    -9.234519        0.026371 -33.842309  -24.60779   7.995203 -8.944684 -9.198623 -8.597022  -9.884402  0.704787  0.794586  0.668529
block5all     2000.0  2500.0  2000.0  2500.0       1.0         1.0    -9.480743        0.028938  -1.176604   8.304139   8.761856 -9.031877  -9.83429 -8.685541 -10.249003  0.672466  0.643855   0.62616

           dF_equ    dF_all  se_dF_block  se_dF_bar    dF_fwd    dF_bwd  ddF_fwd_bwd        dH     se_dH     sd_dE  overlap_all  overlap_equ     nA    nB
SUMMARY -9.109446 -9.141986     0.098563   0.017921 -8.940461 -9.185353     0.244892 -6.166076  6.490481  1.024226     0.694122     0.706317  750.0  43.0

******** Analysis of fep-solv-15-solv-16.bar ********

             start_A   end_A start_B   end_B         g_A        g_B dF(kcal/mol) se_dF(kcal/mol)          dH         TdS       se_dH     dF_fwd     dF_bwd     dE_fwd     dE_bwd sd_dE_fwd sd_dE_bwd   overlap
all              0.0  2500.0     0.0  2500.0         1.0        1.0   -12.457398        0.009798  -21.136338   -8.678939     3.78333 -12.841384 -12.308315 -12.221832 -12.660006  0.873147  0.621929  0.745046
uncorr           0.0  2500.0     0.0  2500.0  227.272727  41.666667   -12.187646        0.102701  365.487645  377.675291  301.849559 -12.605483 -12.056119  -12.18471 -12.556782  0.797893  0.742494  0.795021
equ           2345.0  2500.0  1855.0  2500.0    3.680971   3.509858   -12.436549        0.018671   -16.75716   -4.320612    9.563667 -12.808541 -12.295727 -12.199191 -12.642378  0.887281  0.621672  0.743209
blockave_all  1000.0  1500.0  1000.0  1500.0         1.0        1.0    -12.45488        0.110202  -17.632585   -5.177705    6.517622  -12.63792 -12.340678 -12.221832 -12.660006  0.741336  0.593916  0.758618
block1all        0.0   500.0     0.0   500.0         1.0        1.0   -12.058945        0.021072   -9.926025     2.13292   11.706195 -11.956129 -12.102546 -11.648018 -12.454789  0.646844  0.632062  0.759538
block2all      500.0  1000.0   500.0  1000.0         1.0        1.0   -12.391043        0.023112  -30.223934   -17.83289    7.058647  -12.16929 -12.645679 -11.830498 -12.923784  0.650293  0.565212  0.724191
block3all     1000.0  1500.0  1000.0  1500.0         1.0        1.0   -12.531315        0.019431   -10.10397    2.427345    6.179134 -12.670112 -12.441974 -12.274741 -12.739905  0.729701  0.553529  0.787905
block4all     1500.0  2000.0  1500.0  2000.0         1.0        1.0   -12.609576        0.021983  -35.858342  -23.248766    6.513082 -13.090612 -12.367405 -12.446927 -12.727999  0.937907   0.62652  0.743746
block5all     2000.0  2500.0  2000.0  2500.0         1.0        1.0   -12.683519        0.020022   -2.050654   10.632865    6.813259 -13.303455 -12.145788 -12.908978 -12.453552  0.741937  0.592257  0.777708

            dF_equ     dF_all  se_dF_block  se_dF_bar     dF_fwd     dF_bwd  ddF_fwd_bwd        dH     se_dH     sd_dE  overlap_all  overlap_equ    nA     nB
SUMMARY -12.436549 -12.457398     0.110202   0.018671 -12.841384 -12.308315     0.533069 -16.75716  9.563667  1.071999     0.745046     0.743209  42.0  183.0

******** Analysis of fep-solv-16-solv-17.bar ********

             start_A   end_A start_B   end_B        g_A       g_B dF(kcal/mol) se_dF(kcal/mol)         dH        TdS      se_dH    dF_fwd    dF_bwd    dE_fwd    dE_bwd sd_dE_fwd sd_dE_bwd   overlap
all              0.0  2500.0     0.0  2500.0        1.0       1.0    -2.918761        0.013738  15.820371  18.739132    4.29519  -2.90948 -2.884949 -2.194505  -3.63543  0.950611  0.944384  0.597811
uncorr           0.0  2500.0     0.0  2500.0   7.886435  4.098361    -2.871626        0.033153  22.130194  25.001821  12.274137 -2.634092 -2.928657 -2.067525 -3.666092  0.901933  0.958929   0.60464
equ             70.0  2500.0  1120.0  2500.0  10.940958  1.595306    -2.909876        0.026756  18.155652  21.065527   9.515295 -2.955209 -2.895382 -2.210218 -3.631074  0.966429  0.934859   0.71106
blockave_all  1000.0  1500.0  1000.0  1500.0        1.0       1.0    -2.918094        0.061465  15.473165  18.391259   6.128744  -2.88454 -2.908631 -2.194505  -3.63543  0.937288  0.933568  0.599162
block1all        0.0   500.0     0.0   500.0        1.0       1.0    -3.082628        0.031188   4.023665   7.106292  12.704469 -3.010657 -3.009331 -2.314843 -3.839014  0.944078  0.949055  0.590496
block2all      500.0  1000.0   500.0  1000.0        1.0       1.0    -2.844325         0.02861  30.585924  33.430249   8.342086   -2.8584 -2.857719 -2.217038 -3.471164  0.907201  0.891107   0.63147
block3all     1000.0  1500.0  1000.0  1500.0        1.0       1.0    -3.047329        0.029776  25.940668  28.987997   8.672355 -3.132641   -3.0139 -2.403984 -3.711356  0.912021  0.947541    0.6127
block4all     1500.0  2000.0  1500.0  2000.0        1.0       1.0    -2.840829        0.031927  -1.140404   1.700425   8.778364 -2.642614 -3.047352 -1.986358 -3.654216  0.960818  0.882064  0.579119
block5all     2000.0  2500.0  2000.0  2500.0        1.0       1.0    -2.775358        0.031737  17.955973  20.731332    8.93805 -2.778386 -2.614852 -2.050303 -3.501401  0.962324   0.99807  0.582025

           dF_equ    dF_all  se_dF_block  se_dF_bar   dF_fwd    dF_bwd  ddF_fwd_bwd         dH     se_dH     sd_dE  overlap_all  overlap_equ     nA     nB
SUMMARY -2.909876 -2.918761     0.061465   0.026756 -2.90948 -2.884949     0.024531  18.155652  9.515295  1.339971     0.597811      0.71106  222.0  865.0

******** Analysis of fep-solv-17-solv-18.bar ********

             start_A   end_A start_B   end_B       g_A       g_B dF(kcal/mol) se_dF(kcal/mol)         dH        TdS      se_dH    dF_fwd    dF_bwd    dE_fwd    dE_bwd sd_dE_fwd sd_dE_bwd   overlap
all              0.0  2500.0     0.0  2500.0       1.0       1.0    -5.606917        0.014692  -7.168851  -1.561933   4.441184 -5.503508 -5.655735 -4.777621 -6.440138  0.952475  0.972537  0.565131
uncorr           0.0  2500.0     0.0  2500.0  5.102041  2.485089    -5.611898        0.026829 -19.383221 -13.771323   8.451613 -5.480361 -5.694059 -4.799118 -6.426981  0.926051  0.980844   0.59652
equ           1155.0  2500.0   735.0  2500.0  1.517788  2.224394    -5.613313        0.019693  -8.978784  -3.365471   6.130156 -5.528929 -5.621544  -4.80996  -6.42268  0.949625  0.969548  0.575218
blockave_all  1000.0  1500.0  1000.0  1500.0       1.0       1.0    -5.606586        0.070521  -7.347275  -1.740689   8.391239 -5.476544 -5.667533 -4.777621 -6.440138  0.935967  0.962538  0.566046
block1all        0.0   500.0     0.0   500.0       1.0       1.0    -5.862424        0.032388  17.851249  23.713673  10.591652 -5.780614 -5.843966 -5.088576 -6.663654  0.951104  1.018443  0.572117
block2all      500.0  1000.0   500.0  1000.0       1.0       1.0    -5.524592        0.032492 -30.916958 -25.392366   9.336418 -5.361727 -5.694602   -4.6875 -6.366506   0.89473  0.905249  0.570546
block3all     1000.0  1500.0  1000.0  1500.0       1.0       1.0    -5.650341        0.033244 -18.938528 -13.288186   9.668962 -5.555429  -5.72794  -4.80754 -6.492742  0.956223  0.972933  0.559304
block4all     1500.0  2000.0  1500.0  2000.0       1.0       1.0    -5.526942         0.03306   1.743704   7.270646   9.303049 -5.361114 -5.549727 -4.719509 -6.390375  0.878397  1.013864  0.562031
block5all     2000.0  2500.0  2000.0  2500.0       1.0       1.0    -5.468632        0.032779  -6.475845  -1.007213   9.725166 -5.323837 -5.521431 -4.584982 -6.287414   0.99938  0.902203  0.566231

           dF_equ    dF_all  se_dF_block  se_dF_bar    dF_fwd    dF_bwd  ddF_fwd_bwd        dH     se_dH     sd_dE  overlap_all  overlap_equ     nA     nB
SUMMARY -5.613313 -5.606917     0.070521   0.019693 -5.503508 -5.655735     0.152226 -8.978784  6.130156  1.361263     0.565131     0.575218  886.0  793.0

******** Analysis of fep-solv-18-solv-19.bar ********

             start_A   end_A start_B   end_B       g_A       g_B dF(kcal/mol) se_dF(kcal/mol)         dH        TdS      se_dH    dF_fwd    dF_bwd    dE_fwd    dE_bwd sd_dE_fwd sd_dE_bwd   overlap
all              0.0  2500.0     0.0  2500.0       1.0       1.0    -8.493555        0.014777 -13.157071  -4.663517   4.673637 -8.539722 -8.423118 -7.716345 -9.309548  0.978117  1.044078  0.562302
uncorr           0.0  2500.0     0.0  2500.0  2.200704  2.285192    -8.505311        0.021944 -12.940604  -4.435294   7.532299 -8.605334 -8.464125 -7.735832 -9.321605  0.982926  1.038657  0.566579
equ              0.0  2500.0   700.0  2500.0  2.011338   1.36116    -8.488951        0.019035 -14.338179  -5.849228   6.247543   -8.5859 -8.423638 -7.720494 -9.307719  1.000684  1.045107  0.566395
blockave_all  1000.0  1500.0  1000.0  1500.0       1.0       1.0    -8.494727        0.060049   -14.3632  -5.868472   7.730361 -8.514044 -8.435787 -7.716345 -9.309548  0.970581  1.035367  0.564204
block1all        0.0   500.0     0.0   500.0       1.0       1.0    -8.714881        0.033364   -7.26475    1.45013  14.400883 -8.770738  -8.61218 -7.911316 -9.526267  1.030928  1.039191   0.55753
block2all      500.0  1000.0   500.0  1000.0       1.0       1.0    -8.472985        0.034279   0.454131   8.927115   9.623671 -8.354662  -8.43461 -7.646597 -9.363049  0.907571  1.043797  0.544135
block3all     1000.0  1500.0  1000.0  1500.0       1.0       1.0    -8.496846        0.032576  -8.978833  -0.481987   9.279162 -8.594802 -8.484287 -7.757005 -9.300466  0.982288  1.071396  0.569278
block4all     1500.0  2000.0  1500.0  2000.0       1.0       1.0    -8.433621        0.032236 -44.193323 -35.759702   8.905487 -8.564565 -8.411631 -7.653107 -9.212186  1.023368  0.981179  0.574415
block5all     2000.0  2500.0  2000.0  2500.0       1.0       1.0    -8.355303        0.032154 -11.833222  -3.477919   9.114963 -8.285454 -8.236225 -7.613697 -9.145773  0.908748  1.041273   0.57566

           dF_equ    dF_all  se_dF_block  se_dF_bar    dF_fwd    dF_bwd  ddF_fwd_bwd         dH     se_dH     sd_dE  overlap_all  overlap_equ      nA      nB
SUMMARY -8.488951 -8.493555     0.060049   0.019035 -8.539722 -8.423118     0.116604 -14.338179  6.247543  1.430668     0.562302     0.566395  1242.0  1322.0

******** Analysis of fep-solv-19-solv-20.bar ********

             start_A   end_A start_B   end_B       g_A       g_B dF(kcal/mol) se_dF(kcal/mol)         dH        TdS      se_dH     dF_fwd     dF_bwd     dE_fwd     dE_bwd sd_dE_fwd sd_dE_bwd   overlap
all              0.0  2500.0     0.0  2500.0       1.0       1.0   -11.533073        0.016347   0.579873  12.112945   4.669353 -11.515842 -11.548214  -10.57973 -12.511327  1.055513  1.097826  0.512149
uncorr           0.0  2500.0     0.0  2500.0  2.230152  1.849112   -11.548648        0.023101    -3.0735   8.475148   6.851771 -11.523389  -11.59096 -10.602674 -12.529528   1.02938  1.088147  0.517496
equ            700.0  2500.0   210.0  2500.0  1.366394  2.412929   -11.542665        0.021699   1.422121  12.964786   6.958498 -11.544181 -11.583927 -10.596821 -12.495199  1.067741  1.084519  0.529625
blockave_all  1000.0  1500.0  1000.0  1500.0       1.0       1.0   -11.533076        0.042043  -0.261791  11.271284  11.146663 -11.495553 -11.549943  -10.57973 -12.511327  1.047946  1.093725  0.512766
block1all        0.0   500.0     0.0   500.0       1.0       1.0   -11.698935        0.036565 -20.710327  -9.011392  12.645661 -11.738231 -11.612845  -10.77634 -12.653737  1.052838  1.132806  0.511972
block2all      500.0  1000.0   500.0  1000.0       1.0       1.0   -11.488071        0.034301  -7.444066   4.044005     9.4887 -11.525106 -11.492426 -10.635151 -12.384449  1.056365  1.121679  0.543812
block3all     1000.0  1500.0  1000.0  1500.0       1.0       1.0   -11.515118        0.036731  11.114932  22.630049   9.722062 -11.553907 -11.518101  -10.57346 -12.453549  1.082921  1.082539  0.509702
block4all     1500.0  2000.0  1500.0  2000.0       1.0       1.0    -11.49167        0.037058  37.476963  48.968633   9.570486 -11.322676   -11.5921 -10.495455 -12.539044  0.991006  1.076903   0.50528
block5all     2000.0  2500.0  2000.0  2500.0       1.0       1.0   -11.471584        0.037974 -21.746459 -10.274875   9.646174 -11.337848 -11.534246 -10.418246 -12.525853  1.056599  1.054699  0.493062

            dF_equ     dF_all  se_dF_block  se_dF_bar     dF_fwd     dF_bwd  ddF_fwd_bwd        dH     se_dH     sd_dE  overlap_all  overlap_equ      nA     nB
SUMMARY -11.542665 -11.533073     0.042043   0.021699 -11.515842 -11.548214     0.032372  1.422121  6.958498  1.522934     0.512149     0.529625  1317.0  949.0

******** Analysis of fep-solv-20-solv-21.bar ********

             start_A   end_A start_B   end_B       g_A       g_B dF(kcal/mol) se_dF(kcal/mol)         dH        TdS      se_dH     dF_fwd     dF_bwd     dE_fwd     dE_bwd sd_dE_fwd sd_dE_bwd   overlap
all              0.0  2500.0     0.0  2500.0       1.0       1.0   -14.760113        0.016849 -18.419591  -3.659478   4.833179 -14.934536 -14.624011 -13.788259 -15.767548  1.114861  1.174817  0.497003
uncorr           0.0  2500.0     0.0  2500.0  1.803752  4.970179   -14.777797         0.02877 -29.511268 -14.733472  10.901691 -14.915959 -14.844534 -13.791266 -15.745645  1.114193    1.1038  0.534424
equ            175.0  2500.0  1610.0  2500.0  2.279378  1.446081   -14.751014        0.022637 -12.604505   2.146509   6.590848 -14.882575 -14.609877 -13.766057  -15.77593  1.113807  1.164393  0.505041
blockave_all  1000.0  1500.0  1000.0  1500.0       1.0       1.0   -14.764173         0.06367 -19.190091  -4.425918   7.906466 -14.895143 -14.675434 -13.788259 -15.767548  1.111574  1.154948  0.498348
block1all        0.0   500.0     0.0   500.0       1.0       1.0   -14.966624        0.038222 -38.744194 -23.777569  13.817699 -15.256667  -14.97539 -13.916135 -16.008826  1.150128  1.108161  0.489811
block2all      500.0  1000.0   500.0  1000.0       1.0       1.0   -14.712539        0.039193   1.411317  16.123856   9.720241 -14.954384 -14.755253 -13.670619  -15.77348  1.140844  1.138993  0.477291
block3all     1000.0  1500.0  1000.0  1500.0       1.0       1.0   -14.854814        0.039702  -8.756267   6.098546   9.991021 -14.779909 -14.868807 -13.751692 -15.993346  1.097994  1.168951  0.470844
block4all     1500.0  2000.0  1500.0  2000.0       1.0       1.0   -14.648842        0.036412  -36.52139 -21.872548  10.085634 -14.856811 -14.340574 -13.814918 -15.563054  1.097612   1.22663  0.514063
block5all     2000.0  2500.0  2000.0  2500.0       1.0       1.0   -14.638046        0.034584 -13.339921   1.298126   9.754803 -14.627946 -14.437144 -13.787932 -15.499033  1.071293  1.132004  0.539732

            dF_equ     dF_all  se_dF_block  se_dF_bar     dF_fwd     dF_bwd  ddF_fwd_bwd         dH     se_dH     sd_dE  overlap_all  overlap_equ      nA     nB
SUMMARY -14.751014 -14.760113      0.06367   0.022637 -14.934536 -14.624011     0.310525 -12.604505  6.590848  1.619602     0.497003     0.505041  1020.0  615.0

******** Analysis of fep-solv-21-solv-22.bar ********

             start_A   end_A start_B   end_B       g_A       g_B dF(kcal/mol) se_dF(kcal/mol)         dH        TdS      se_dH     dF_fwd     dF_bwd     dE_fwd     dE_bwd sd_dE_fwd sd_dE_bwd   overlap
all              0.0  2500.0     0.0  2500.0       1.0       1.0   -18.445322        0.020596  -1.285484  17.159838    5.21793 -18.562167 -18.635191 -17.040642 -19.849432  1.202454  1.185444  0.398051
uncorr           0.0  2500.0     0.0  2500.0  5.307856  3.949447    -18.41023        0.044174   1.614786  20.025016  12.227707 -18.690874 -18.670114 -17.007121 -19.794549   1.21774   1.19911  0.399705
equ           1610.0  2500.0    70.0  2500.0  1.450754  4.691962   -18.401554        0.033282   1.608293  20.009847  11.294673 -18.492763  -18.48546 -17.037475 -19.819424  1.208324  1.158097  0.437807
blockave_all  1000.0  1500.0  1000.0  1500.0       1.0       1.0   -18.440172        0.054248  -1.588727  16.851446   14.67115 -18.480664 -18.665304 -17.040642 -19.849432  1.179037  1.182802   0.39737
block1all        0.0   500.0     0.0   500.0       1.0       1.0   -18.533207        0.043018  17.837561  36.370768  14.405037 -18.822921 -18.641823  -17.32356 -19.830674  1.131663  1.246947  0.431152
block2all      500.0  1000.0   500.0  1000.0       1.0       1.0   -18.445253        0.045249 -59.844441 -41.399188  10.316326 -18.655045 -18.339183 -17.084132 -19.822506  1.164434  1.196237  0.406544
block3all     1000.0  1500.0  1000.0  1500.0       1.0       1.0   -18.568849        0.045333  11.833832  30.402682  10.610424 -18.752643 -18.689075 -17.248964 -19.945171   1.19771  1.234298  0.405642
block4all     1500.0  2000.0  1500.0  2000.0       1.0       1.0   -18.389623        0.048655  15.040537   33.43016  11.325858 -18.046583 -18.881961 -16.800085 -19.854966  1.252444  1.081896  0.372051
block5all     2000.0  2500.0  2000.0  2500.0       1.0       1.0   -18.263928        0.048716   7.188878  25.452806  11.085671 -18.126126  -18.77448 -16.746467 -19.793842  1.148932  1.154631  0.371461

            dF_equ     dF_all  se_dF_block  se_dF_bar     dF_fwd     dF_bwd  ddF_fwd_bwd        dH      se_dH     sd_dE  overlap_all  overlap_equ     nA     nB
SUMMARY -18.401554 -18.445322     0.054248   0.033282 -18.562167 -18.635191     0.073023  1.608293  11.294673  1.688542     0.398051     0.437807  613.0  517.0

******** Analysis of fep-solv-22-solv-23.bar ********

             start_A   end_A start_B   end_B       g_A       g_B dF(kcal/mol) se_dF(kcal/mol)         dH        TdS      se_dH     dF_fwd     dF_bwd     dE_fwd     dE_bwd sd_dE_fwd sd_dE_bwd   overlap
all              0.0  2500.0     0.0  2500.0       1.0       1.0   -22.431404         0.01881  -38.61591 -16.184506   5.065904 -22.483937 -22.312194 -21.229504 -23.638442  1.218218  1.226731  0.442222
uncorr           0.0  2500.0     0.0  2500.0  4.273504  3.894081   -22.493732        0.036951 -41.634214 -19.140482  11.680094 -22.452098  -22.49871 -21.318773 -23.668316  1.218782  1.223087  0.456417
equ             70.0  2500.0    35.0  2500.0  5.122329  2.706886   -22.429295        0.036049 -43.356001 -20.926706  10.370164 -22.498558 -22.262615 -21.229342 -23.622581  1.277923  1.233535  0.458064
blockave_all  1000.0  1500.0  1000.0  1500.0       1.0       1.0   -22.435864        0.053572 -39.836467 -17.400604  12.071508 -22.458361 -22.360313 -21.229504 -23.638442  1.215375  1.211202  0.442856
block1all        0.0   500.0     0.0   500.0       1.0       1.0   -22.534713        0.044678 -38.763526 -16.228813   13.86464  -22.73215 -22.784369 -21.187203 -23.881336   1.28112   1.22375  0.412678
block2all      500.0  1000.0   500.0  1000.0       1.0       1.0   -22.485834        0.043692 -14.151912   8.333922  10.460349 -22.405359 -22.514013 -21.212895 -23.744605  1.233343  1.217479  0.423538
block3all     1000.0  1500.0  1000.0  1500.0       1.0       1.0   -22.537183        0.042037 -15.126742   7.410441   10.61818 -22.534914 -22.222334 -21.333152 -23.725008  1.263719  1.266792  0.442494
block4all     1500.0  2000.0  1500.0  2000.0       1.0       1.0   -22.353107        0.039648   -78.1909 -55.837793   10.11124 -22.204651 -22.159431  -21.23472 -23.493314  1.107182  1.170184  0.471523
block5all     2000.0  2500.0  2000.0  2500.0       1.0       1.0   -22.268481        0.040248 -52.949258 -30.680777  10.525911 -22.414731 -22.121418 -21.179552 -23.347948  1.191514  1.177805  0.464049

            dF_equ     dF_all  se_dF_block  se_dF_bar     dF_fwd     dF_bwd  ddF_fwd_bwd         dH      se_dH     sd_dE  overlap_all  overlap_equ     nA     nB
SUMMARY -22.429295 -22.431404     0.053572   0.036049 -22.483937 -22.312194     0.171743 -43.356001  10.370164  1.728851     0.442222     0.458064  474.0  910.0

******** Analysis of fep-solv-23-solv-24.bar ********

             start_A   end_A start_B   end_B       g_A       g_B dF(kcal/mol) se_dF(kcal/mol)         dH        TdS       se_dH     dF_fwd     dF_bwd     dE_fwd     dE_bwd sd_dE_fwd sd_dE_bwd   overlap
all              0.0  2500.0     0.0  2500.0       1.0       1.0   -26.467806        0.021413 -29.384721  -2.916915    5.648925 -26.466309 -25.969329 -25.062206 -27.994063   1.25627  1.438734   0.37957
uncorr           0.0  2500.0     0.0  2500.0  2.990431     100.0    -26.54944        0.097088 -211.65921 -185.10977  150.979906 -26.648231 -27.038022 -25.063348  -28.18622  1.303496   1.57892  0.605139
equ             35.0  2500.0  1680.0  2500.0  2.031828  2.532782   -26.491802        0.031994 -27.196526  -0.704724     9.22124 -26.484508 -25.892655 -25.099972 -28.008567  1.275725  1.469524   0.38483
blockave_all  1000.0  1500.0  1000.0  1500.0       1.0       1.0    -26.50044         0.17556 -34.021246  -7.520806    11.97724 -26.406003 -26.402519 -25.062206 -27.994063  1.242359  1.346051  0.383773
block1all        0.0   500.0     0.0   500.0       1.0       1.0   -26.818168        0.050513 -20.213128   6.605039   17.136494 -26.638833  -26.53827   -25.2828 -28.441818  1.256107  1.443651  0.354716
block2all      500.0  1000.0   500.0  1000.0       1.0       1.0   -26.716676        0.049473 -71.942261 -45.225585    11.38039 -26.374631 -26.989296 -25.164277 -28.278895  1.249728  1.263998  0.364296
block3all     1000.0  1500.0  1000.0  1500.0       1.0       1.0   -26.803251        0.052107 -51.700605 -24.897354    11.58594 -26.772049 -27.058315 -25.156696 -28.464573  1.296552  1.326453  0.340624
block4all     1500.0  2000.0  1500.0  2000.0       1.0       1.0   -26.198089        0.043667  -7.901996  18.296093    10.63909   -26.2041 -26.219981 -24.933436 -27.534387  1.202122  1.289398  0.423822
block5all     2000.0  2500.0  2000.0  2500.0       1.0       1.0   -25.966016        0.042647 -18.348239   7.617777   10.847085 -26.040403 -25.206733 -24.773823 -27.250641  1.207288  1.406755  0.435408

            dF_equ     dF_all  se_dF_block  se_dF_bar     dF_fwd     dF_bwd  ddF_fwd_bwd         dH    se_dH     sd_dE  overlap_all  overlap_equ      nA     nB
SUMMARY -26.491802 -26.467806      0.17556   0.031994 -26.466309 -25.969329      0.49698 -27.196526  9.22124  1.910018      0.37957      0.38483  1213.0  323.0

******** Analysis of fep-solv-24-solv-25.bar ********

             start_A   end_A start_B   end_B        g_A       g_B dF(kcal/mol) se_dF(kcal/mol)         dH        TdS      se_dH     dF_fwd     dF_bwd     dE_fwd     dE_bwd sd_dE_fwd sd_dE_bwd   overlap
all              0.0  2500.0     0.0  2500.0        1.0       1.0   -31.604378        0.028013 -17.374618   14.22976   5.746531 -31.381114 -31.986041 -29.532646 -33.733334  1.471645  1.507813  0.263336
uncorr           0.0  2500.0     0.0  2500.0  83.333333  7.122507   -31.793577        0.130849  -47.01795 -15.224373  39.438553 -31.780437 -31.796987 -29.957897 -33.768391  1.741324  1.539136  0.425623
equ           1680.0  2500.0  1715.0  2500.0   2.861331  2.169331   -31.618718        0.043831 -23.119104   8.499614   9.462508 -31.243116 -31.897002 -29.546788  -33.69734  1.477077  1.508881  0.268744
blockave_all  1000.0  1500.0  1000.0  1500.0        1.0       1.0   -31.582411        0.189013 -17.746495  13.835916   9.074011 -31.174028 -32.054625 -29.532646 -33.733334    1.3909  1.480868  0.261884
block1all        0.0   500.0     0.0   500.0        1.0       1.0   -31.975249        0.059512 -46.379039  -14.40379  15.561438 -31.892422 -32.398837 -29.931041 -33.959013  1.489957  1.440716  0.283681
block2all      500.0  1000.0   500.0  1000.0        1.0       1.0   -31.672378        0.061723 -12.752607  18.919771  11.924982 -31.186035 -31.867035 -29.789505 -33.824005  1.301782  1.557581  0.269091
block3all     1000.0  1500.0  1000.0  1500.0        1.0       1.0   -31.976335        0.061215  10.055736  42.032072  12.484707 -31.542578 -32.439844 -30.015571 -34.038109   1.36704  1.434465  0.272355
block4all     1500.0  2000.0  1500.0  2000.0        1.0       1.0   -31.223416        0.067711 -16.637663  14.585754  11.910629 -30.843238 -31.786341 -29.071973 -33.572248  1.334126  1.526597  0.234257
block5all     2000.0  2500.0  2000.0  2500.0        1.0       1.0   -31.064676        0.064861 -23.018903   8.045773  11.814585 -30.405865  -31.78107 -28.855141 -33.273294  1.461594   1.44498  0.250035
WARNING: Standard deviation of energy difference (kcal/mol) above threshold (2.107 vs. 2.000)
WARNING: Connectivity between two states below threshold (0.263 vs. 0.300)

            dF_equ     dF_all  se_dF_block  se_dF_bar     dF_fwd     dF_bwd  ddF_fwd_bwd         dH     se_dH    sd_dE  overlap_all  overlap_equ     nA     nB
SUMMARY -31.618718 -31.604378     0.189013   0.043831 -31.381114 -31.986041     0.604926 -23.119104  9.462508  2.10695     0.263336     0.268744  286.0  361.0

******** Analysis of fep-solv-25-solv-26.bar ********

             start_A   end_A start_B   end_B       g_A       g_B dF(kcal/mol) se_dF(kcal/mol)         dH        TdS      se_dH     dF_fwd     dF_bwd     dE_fwd     dE_bwd sd_dE_fwd sd_dE_bwd   overlap
all              0.0  2500.0     0.0  2500.0       1.0       1.0   -37.497701        0.027503 -63.054771  -25.55707   5.797435 -37.260917 -37.711531 -35.376921 -39.555798  1.562124  1.515521  0.270521
uncorr           0.0  2500.0     0.0  2500.0  5.760369  4.280822   -37.508956        0.063163 -71.506763 -33.997807   14.54712 -37.207496 -37.763722 -35.378702 -39.616879  1.516929  1.515526  0.261052
equ           1715.0  2500.0   665.0  2500.0  2.168137  1.919733   -37.538626        0.038626 -67.227515 -29.688889    8.55504 -37.236175 -37.606552 -35.436471 -39.562614  1.581036  1.524364  0.277636
blockave_all  1000.0  1500.0  1000.0  1500.0       1.0       1.0   -37.491539        0.057675 -63.662072 -26.170532   8.393035 -37.198235 -37.748986 -35.376921 -39.555798  1.535428  1.489151  0.270461
block1all        0.0   500.0     0.0   500.0       1.0       1.0   -37.481987        0.055621 -45.383783  -7.901795  16.094575 -37.457575 -37.466508 -35.594911 -39.264778  1.489668  1.435245  0.311941
block2all      500.0  1000.0   500.0  1000.0       1.0       1.0   -37.469334        0.056662 -80.107866 -42.638532  12.141121 -37.216622 -37.551286 -35.481737 -39.278249  1.615581  1.426593  0.304037
block3all     1000.0  1500.0  1000.0  1500.0       1.0       1.0    -37.71088        0.060048 -75.130757 -37.419877  11.862453 -37.390627 -37.777652 -35.687485 -39.690344  1.491817   1.47365  0.280048
block4all     1500.0  2000.0  1500.0  2000.0       1.0       1.0   -37.386798        0.063948 -41.147339  -3.760541  12.123963 -37.317909 -37.980415 -35.207931 -39.544196   1.58383  1.524778  0.255388
block5all     2000.0  2500.0  2000.0  2500.0       1.0       1.0   -37.408696        0.074693 -76.540613 -39.131917   11.95637 -36.608444 -37.969068  -34.91254 -40.001424  1.496245  1.585489  0.200894
WARNING: Standard deviation of energy difference (kcal/mol) above threshold (2.176 vs. 2.000)
WARNING: Connectivity between two states below threshold (0.271 vs. 0.300)

            dF_equ     dF_all  se_dF_block  se_dF_bar     dF_fwd     dF_bwd  ddF_fwd_bwd         dH    se_dH     sd_dE  overlap_all  overlap_equ     nA     nB
SUMMARY -37.538626 -37.497701     0.057675   0.038626 -37.260917 -37.711531     0.450615 -67.227515  8.55504  2.176473     0.270521     0.277636  362.0  955.0

******** Analysis of fep-solv-26-solv-27.bar ********

             start_A   end_A start_B   end_B       g_A        g_B dF(kcal/mol) se_dF(kcal/mol)         dH        TdS      se_dH    dF_fwd    dF_bwd    dE_fwd    dE_bwd sd_dE_fwd sd_dE_bwd   overlap
all              0.0  2500.0     0.0  2500.0       1.0        1.0    -1.673459        0.017232    5.03704   6.710499   4.874905 -1.458878 -1.755621 -0.859576 -3.815559   0.58484  3.203438  0.485766
uncorr           0.0  2500.0     0.0  2500.0  5.747126  36.231884    -1.540861        0.067059  -4.426582  -2.885721  24.093429 -1.254996 -1.612236 -0.857711 -2.954337  0.564727  1.545402   0.57007
equ           1680.0  2500.0   350.0  2500.0  1.263167  13.784757    -1.601142        0.043078   -0.18594   1.415202  14.173267 -1.320212 -1.713122 -0.860279 -3.860967  0.575144  3.682649  0.532587
blockave_all  1000.0  1500.0  1000.0  1500.0       1.0        1.0    -1.686925        0.100867   3.766173   5.453099  11.116566 -1.395812 -1.784765 -0.859576 -3.815559   0.57265  2.801926  0.485986
block1all        0.0   500.0     0.0   500.0       1.0        1.0    -2.034107         0.04618  11.184585  13.218692  14.718992 -1.622296 -2.031882 -1.018976  -5.52221  0.652667  5.237627  0.396751
block2all      500.0  1000.0   500.0  1000.0       1.0        1.0    -1.510717         0.03504  25.368581  26.879299   9.866276 -1.789749 -1.512883 -0.835118 -3.384766   0.62533   2.76576  0.533219
block3all     1000.0  1500.0  1000.0  1500.0       1.0        1.0    -1.790137        0.040263   1.226635   3.016772  10.218075 -1.257917  -1.94657 -0.897661 -3.877911  0.543282  2.341634   0.46387
block4all     1500.0  2000.0  1500.0  2000.0       1.0        1.0    -1.592599        0.035683   -37.6949 -36.102301   9.665693 -1.275866 -1.678888 -0.843461 -3.057003   0.55863  1.741616  0.524156
block5all     2000.0  2500.0  2000.0  2500.0       1.0        1.0    -1.507067        0.036568  18.745964  20.253031  10.061985 -1.033235 -1.753605 -0.702664 -3.235904  0.483341  1.922991  0.511933
WARNING: Standard deviation of energy difference (kcal/mol) above threshold (3.256 vs. 2.000)

           dF_equ    dF_all  se_dF_block  se_dF_bar    dF_fwd    dF_bwd  ddF_fwd_bwd       dH      se_dH     sd_dE  overlap_all  overlap_equ     nA     nB
SUMMARY -1.601142 -1.673459     0.100867   0.043078 -1.458878 -1.755621     0.296743 -0.18594  14.173267  3.256386     0.485766     0.532587  649.0  155.0

******** Sum of 26 files [..-solv-02.bar ... ..-solv-27.bar] ********

              start_A    end_A  start_B    end_B        g_A        g_B dF(kcal/mol) se_dF(kcal/mol)           dH          TdS        se_dH      dF_fwd      dF_bwd      dE_fwd      dE_bwd sd_dE_fwd sd_dE_bwd   overlap
all               0.0  64044.0      0.0  64044.0        1.0        1.0  -200.084296        0.083932  -176.350671    23.733626    23.796547  -202.87805 -198.858168 -176.044202 -223.059468  6.032775   5.90095  0.263336
uncorr            0.0  64044.0      0.0  64044.0  87.970604  90.222935  -199.942672        0.961141 -5964.512163 -5764.569491  1471.339025 -207.240942 -199.378822 -177.846919 -222.759885  6.918376  5.852857  0.252785
equ           31248.0  64044.0  34748.0  64044.0   7.127108   4.675758  -199.509392        0.175515  -292.797414   -93.288022    72.119487 -202.915584 -198.431883 -176.329229 -223.103256  6.068295  6.196608  0.268744
blockave_all  25617.2  38426.0  25617.2  38426.0        1.0        1.0  -200.004915        2.176112  -233.384345    -33.37943    33.739521 -197.855657 -202.375661 -176.044345 -223.059575  5.420143    5.4324  0.249651
block1all         0.0  12808.0      0.0  12808.0        1.0        1.0  -206.789851        0.179988  -280.732638   -73.942786    68.738702 -207.420422 -207.542172 -183.948616 -229.932167  5.507566  6.980388  0.283681
block2all     12808.0  25617.0  12808.0  25617.0        1.0        1.0  -200.514845        0.181751  -309.505847  -108.991002     46.67482   -198.8709 -203.004819 -176.561124 -223.072334  5.532838  5.288844  0.269091
block3all     25617.0  38426.0  25617.0  38426.0        1.0        1.0   -202.00868        0.189416  -112.228084    89.780596    47.263085 -199.042016   -204.6816 -177.848826 -225.087824   5.35544  5.095811  0.260333
block4all     38426.0  51235.0  38426.0  51235.0        1.0        1.0  -196.119312        0.188241  -237.189709   -41.070398    46.957651 -192.682526 -198.812449 -171.680053 -219.330096   5.33732  4.860433  0.234257
block5all     51235.0  64044.0  51235.0  64044.0        1.0        1.0  -194.591886        0.189338  -227.265448   -32.673562    47.690836 -191.262423 -197.837265 -170.183105 -217.875455  5.367553  4.936526  0.200894

******** SUMMARY ********

