******** Analysis of fep-solv-01-solv-02.bar ******** 

             start_A   end_A start_B   end_B        g_A         g_B dF(kcal/mol) se_dF(kcal/mol)    dF_fwd    dF_bwd    dE_fwd    dE_bwd sd_dE_fwd sd_dE_bwd p_A(traj_B) p_B(traj_A) eig_overlap
all              0.0  2500.0     0.0  2500.0        1.0         1.0     0.934239        0.006659   0.92301  0.976568   1.83374  1.289554  0.421103  0.528857    0.431755    0.431755    0.863511
uncorr           0.0  2500.0     0.0  2500.0  18.939394  357.142857     0.906522        0.063409  0.928222  0.745576  1.901108  0.782511  0.439522  0.650322    0.040794    0.897461    0.938255
equ              0.0  2500.0  2205.0  2500.0  22.335064    7.378116     0.946895        0.022509  0.883684  0.965571  1.843071  1.276578  0.442212  0.523056    0.671686    0.220583     0.89227
blockave_all  1000.0  1500.0  1000.0  1500.0        1.0         1.0     0.924385        0.093926  0.935046  0.897988   1.83374  1.289554  0.407234  0.397284     0.43875     0.43875    0.877499
block1all        0.0   500.0     0.0   500.0        1.0         1.0     0.636092        0.019413  0.877832  0.301546  1.879382  0.274538  0.465206  0.400228    0.394104    0.394104    0.788208
block2all      500.0  1000.0   500.0  1000.0        1.0         1.0     0.789053        0.014357  0.801154  0.788122  1.628638  1.041545   0.44254  0.443742    0.435934    0.435934    0.871868
block3all     1000.0  1500.0  1000.0  1500.0        1.0         1.0     1.044431        0.012214  1.089055  1.022389  2.017312  1.502178  0.345261  0.396543    0.451933    0.451933    0.903866
block4all     1500.0  2000.0  1500.0  2000.0        1.0         1.0     1.161385        0.010631  1.070977  1.237185  1.985611  1.937217   0.35796  0.332392    0.462713    0.462713    0.925427
block5all     2000.0  2500.0  2000.0  2500.0        1.0         1.0     0.990965        0.012613  0.836214  1.140697  1.657759   1.69229  0.425201  0.413515    0.449064    0.449064    0.898127

               dF    dF_all  se_dF_block  se_dF_bar   dF_fwd    dF_bwd  ddF_fwd_bwd     sd_dE  overlap1  overlap2     nA    nB
SUMMARY  0.946895  0.934239     0.093926   0.022509  0.92301  0.976568     0.053558  0.676031  0.863511   0.89227  111.0  39.0
******** Analysis of fep-solv-02-solv-03.bar ******** 

             start_A   end_A start_B   end_B         g_A        g_B dF(kcal/mol) se_dF(kcal/mol)    dF_fwd    dF_bwd     dE_fwd    dE_bwd sd_dE_fwd sd_dE_bwd p_A(traj_B) p_B(traj_A) eig_overlap
all              0.0  2500.0     0.0  2500.0         1.0        1.0     4.417334        0.020099  2.896868   4.87707   9.351001  5.738815  1.807519  1.412571     0.20491     0.20491    0.409819
uncorr           0.0  2500.0     0.0  2500.0  357.142857      500.0     4.022152        0.563959  1.806663  4.927443   7.641932  5.532312  2.352941  2.248014    0.130852    0.157022    0.287874
equ            700.0  2500.0  1820.0  2500.0   56.193123  10.443279     4.651152        0.094743  2.973498  5.020973   9.287304  5.592769  1.716623  1.504304    0.432813    0.079681    0.512494
blockave_all  1000.0  1500.0  1000.0  1500.0         1.0        1.0     4.323672        0.602072  4.216982  4.047833   9.351001  5.738815  1.292395   0.79592     0.24024     0.24024    0.480479
block1all        0.0   500.0     0.0   500.0         1.0        1.0     2.374217        0.035355  2.006299  2.454259   5.640661  2.735582  1.306984  0.912674    0.264385    0.264385    0.528771
block2all      500.0  1000.0   500.0  1000.0         1.0        1.0     3.609743        0.042223   3.41463  3.133121   8.584809  4.438614  1.518398  0.712714    0.220162    0.220162    0.440324
block3all     1000.0  1500.0  1000.0  1500.0         1.0        1.0     4.592223        0.040072  4.742517  4.098061  10.039612   6.02039  1.255272  0.733541    0.233113    0.233113    0.466226
block4all     1500.0  2000.0  1500.0  2000.0         1.0        1.0      5.51994          0.0442  6.023448  4.920367  11.689471  7.267035  1.021364  0.778999    0.208951    0.208951    0.417901
block5all     2000.0  2500.0  2000.0  2500.0         1.0        1.0     5.522237        0.033932  4.898018  5.633356  10.800454  8.232456  1.359959  0.841673    0.274587    0.274587    0.549173
WARNING: Standard error (block average) (kcal/mol)  above threshold (0.602 vs. 0.500)
WARNING: Difference between forward and backward FEP (kcal/mol)  above threshold (1.980 vs. 1.000)
WARNING: Standard deviation of energy difference (kcal/mol) above threshold (2.294 vs. 2.000)

               dF    dF_all  se_dF_block  se_dF_bar    dF_fwd   dF_bwd  ddF_fwd_bwd    sd_dE  overlap1  overlap2    nA    nB
SUMMARY  4.651152  4.417334     0.602072   0.094743  2.896868  4.87707     1.980201  2.29401  0.409819  0.512494  32.0  65.0
******** Analysis of fep-solv-03-solv-04.bar ******** 

             start_A   end_A start_B   end_B        g_A       g_B dF(kcal/mol) se_dF(kcal/mol)    dF_fwd    dF_bwd     dE_fwd    dE_bwd sd_dE_fwd sd_dE_bwd p_A(traj_B) p_B(traj_A) eig_overlap
all              0.0  2500.0     0.0  2500.0        1.0       1.0     3.979935        0.022906  2.859641  4.536655   9.372087  4.774347  2.026028   1.38515    0.174195    0.174195     0.34839
uncorr           0.0  2500.0     0.0  2500.0      500.0     500.0     4.245485         0.64389  0.715442  4.975543   9.081895  4.492548  3.227149  2.168861    0.126393    0.126393    0.252785
equ           1820.0  2500.0  2380.0  2500.0  10.386836  2.590242     4.267382        0.051902  2.586365  4.515181   9.361766  4.771102  2.060397  1.375216    0.323361    0.080421    0.403782
blockave_all  1000.0  1500.0  1000.0  1500.0        1.0       1.0     4.073384          0.7009  4.658407  3.429115   9.372087  4.774347  1.129181   0.76749    0.205882    0.205882    0.411765
block1all        0.0   500.0     0.0   500.0        1.0       1.0     2.045424         0.03222  1.937461  1.979022   5.040303    2.3317  1.300901  0.768237    0.287333    0.287333    0.574667
block2all      500.0  1000.0   500.0  1000.0        1.0       1.0     3.292432        0.036005  3.753505  2.832755   7.490096  3.949646   1.00634  0.682762    0.259839    0.259839    0.519679
block3all     1000.0  1500.0  1000.0  1500.0        1.0       1.0     3.830534        0.063127   5.02842  2.599705    9.79866   3.62992  1.037019  0.625135    0.130166    0.130166    0.260333
block4all     1500.0  2000.0  1500.0  2000.0        1.0       1.0     5.159309         0.05143   5.94616  4.353535  11.575621  6.247522  1.109166  0.790869    0.173259    0.173259    0.346518
block5all     2000.0  2500.0  2000.0  2500.0        1.0       1.0     6.039219        0.050193   6.62649  5.380558  12.955756  7.712945  1.192478  0.970447    0.178814    0.178814    0.357627
WARNING: Standard error (block average) (kcal/mol)  above threshold (0.701 vs. 0.500)
WARNING: Difference between forward and backward FEP (kcal/mol)  above threshold (1.677 vs. 1.000)
WARNING: Standard deviation of energy difference (kcal/mol) above threshold (2.454 vs. 2.000)

               dF    dF_all  se_dF_block  se_dF_bar    dF_fwd    dF_bwd  ddF_fwd_bwd     sd_dE  overlap1  overlap2    nA    nB
SUMMARY  4.267382  3.979935       0.7009   0.051902  2.859641  4.536655     1.677014  2.454268   0.34839  0.403782  65.0  46.0
******** Analysis of fep-solv-04-solv-05.bar ******** 

             start_A   end_A start_B   end_B       g_A         g_B dF(kcal/mol) se_dF(kcal/mol)    dF_fwd    dF_bwd    dE_fwd    dE_bwd sd_dE_fwd sd_dE_bwd p_A(traj_B) p_B(traj_A) eig_overlap
all              0.0  2500.0     0.0  2500.0       1.0         1.0     1.977954        0.011469  1.679233  2.103319  4.164517  2.796456  1.121127  0.682841    0.340391    0.340391    0.680782
uncorr           0.0  2500.0     0.0  2500.0     500.0  178.571429     2.055736        0.246452  0.952755  2.022789  3.926175  2.806988  1.755686  0.706813    0.444305    0.170886    0.615191
equ           2380.0  2500.0  2205.0  2500.0  2.558244    2.712679     1.964955        0.018727  1.656631  2.060725  4.152194  2.773785  1.117467    0.6794    0.329174    0.349189    0.678363
blockave_all  1000.0  1500.0  1000.0  1500.0       1.0         1.0     2.042993        0.296492  2.162286  2.007955  4.164517  2.796456  0.620114  0.599224    0.368524    0.368524    0.737048
block1all        0.0   500.0     0.0   500.0       1.0         1.0     1.431447        0.018677  0.999864   1.94284  2.184342  2.673647  0.620145  0.654908    0.400415    0.400415    0.800829
block2all      500.0  1000.0   500.0  1000.0       1.0         1.0     1.643959        0.019366  1.855672  1.483762  3.503201  2.093798   0.55074  0.510783    0.394513    0.394513    0.789026
block3all     1000.0  1500.0  1000.0  1500.0       1.0         1.0     1.661876        0.017928   1.73268  1.920871   3.23538  2.423952  0.502675  0.648979    0.406779    0.406779    0.813558
block4all     1500.0  2000.0  1500.0  2000.0       1.0         1.0     2.502966        0.025245   2.86003     2.168  5.353946  3.146192  0.640645  0.580407    0.343793    0.343793    0.687585
block5all     2000.0  2500.0  2000.0  2500.0       1.0         1.0     2.974715        0.030947  3.363182  2.524301  6.545716  3.644694  0.786366  0.601045    0.297121    0.297121    0.594243

               dF    dF_all  se_dF_block  se_dF_bar    dF_fwd    dF_bwd  ddF_fwd_bwd     sd_dE  overlap1  overlap2    nA     nB
SUMMARY  1.964955  1.977954     0.296492   0.018727  1.679233  2.103319     0.424085  1.312706  0.680782  0.678363  46.0  108.0
******** Analysis of fep-solv-05-solv-06.bar ******** 

             start_A   end_A start_B   end_B         g_A        g_B dF(kcal/mol) se_dF(kcal/mol)    dF_fwd    dF_bwd    dE_fwd    dE_bwd sd_dE_fwd sd_dE_bwd p_A(traj_B) p_B(traj_A) eig_overlap
all              0.0  2500.0     0.0  2500.0         1.0        1.0     1.960927         0.01062  1.798162  1.983696  4.073056  2.724488  0.939622   0.62594    0.356612    0.356612    0.713225
uncorr           0.0  2500.0     0.0  2500.0  166.666667  53.191489     2.100505        0.114095   1.82814  2.092604   4.33313  2.762899  0.924311  0.701725    0.533044     0.17012    0.703164
equ           2205.0  2500.0  1960.0  2500.0    2.730075    4.80073     1.940638        0.019727  1.812378  1.950026   4.09794  2.714106  0.946332  0.595121    0.264893    0.466109    0.731002
blockave_all  1000.0  1500.0  1000.0  1500.0         1.0        1.0     1.973587        0.111351  1.920096  1.955693  4.073056  2.724488  0.825206  0.603246    0.361371    0.361371    0.722743
block1all        0.0   500.0     0.0   500.0         1.0        1.0     1.860516        0.024971  1.648956  1.943138  3.909065  2.457666  0.902523  0.714649    0.346124    0.346124    0.692248
block2all      500.0  1000.0   500.0  1000.0         1.0        1.0     1.740434        0.018655  1.488233  2.005132   3.10417  2.834844   0.70277  0.596898      0.4006      0.4006    0.801199
block3all     1000.0  1500.0  1000.0  1500.0         1.0        1.0     1.782911        0.020173  1.657788  1.819101  3.565125  2.645615  0.892069  0.533563    0.387554    0.387554    0.775108
block4all     1500.0  2000.0  1500.0  2000.0         1.0        1.0      2.25525        0.023049  2.211966  2.261457  4.550453  3.157207  0.800787  0.659079     0.36264     0.36264    0.725281
block5all     2000.0  2500.0  2000.0  2500.0         1.0        1.0     2.228824        0.029327  2.593539  1.749638  5.236465  2.527107  0.827882  0.512039    0.309939    0.309939    0.619878

               dF    dF_all  se_dF_block  se_dF_bar    dF_fwd    dF_bwd  ddF_fwd_bwd     sd_dE  overlap1  overlap2     nA     nB
SUMMARY  1.940638  1.960927     0.111351   0.019727  1.798162  1.983696     0.185534  1.129022  0.713225  0.731002  108.0  112.0
******** Analysis of fep-solv-06-solv-07.bar ******** 

             start_A   end_A start_B   end_B        g_A       g_B dF(kcal/mol) se_dF(kcal/mol)    dF_fwd    dF_bwd    dE_fwd    dE_bwd sd_dE_fwd sd_dE_bwd p_A(traj_B) p_B(traj_A) eig_overlap
all              0.0  2500.0     0.0  1544.0        1.0       1.0     1.556112        0.014153  1.808474  1.099287  3.968225   1.37127  0.857197  0.536931    0.247075    0.400056    0.647131
uncorr           0.0  2500.0     0.0  1544.0  53.191489     48.25     1.480797        0.103794   1.62876  0.820554  4.016509  1.190643  0.962761   0.39365    0.255573    0.375373    0.630947
equ           1960.0  2500.0  1323.0  1544.0   4.832637  3.176762     1.511479        0.028056    1.8297  1.094368  3.928822   1.36476  0.834187   0.55406    0.310139    0.329922    0.640061
blockave_all  1000.0  1500.0   617.2   926.0        1.0       1.0      1.55705        0.066524  1.851815  1.062383  3.968225   1.37109  0.825583  0.506578    0.248483    0.402334    0.650817
block1all        0.0   500.0     0.0   308.0        1.0       1.0     1.325232         0.03203  1.457591  0.934186  3.600571  1.092894  0.979096  0.547235    0.244722    0.397276    0.641998
block2all      500.0  1000.0   308.0   617.0        1.0       1.0     1.693824        0.029838  1.960214  1.190375  4.122868  1.670292  0.814883  0.468928    0.257225    0.416221    0.673446
block3all     1000.0  1500.0   617.0   926.0        1.0       1.0     1.652008        0.028902  1.890219  1.394112  3.860385  1.700566  0.730754  0.632106    0.262516    0.424784      0.6873
block4all     1500.0  2000.0   926.0  1235.0        1.0       1.0     1.616443        0.038795  2.108176   0.82408  4.565228  1.058311  0.903085  0.440274    0.209897    0.339638    0.549535
block5all     2000.0  2500.0  1235.0  1544.0        1.0       1.0     1.497745        0.027931  1.842874  0.969161  3.692076  1.333385  0.700096  0.444348    0.268057    0.433749    0.701806

               dF    dF_all  se_dF_block  se_dF_bar    dF_fwd    dF_bwd  ddF_fwd_bwd     sd_dE  overlap1  overlap2     nA    nB
SUMMARY  1.511479  1.556112     0.066524   0.028056  1.808474  1.099287     0.709187  1.011475  0.647131  0.640061  111.0  69.0
******** Analysis of fep-solv-07-solv-08.bar ******** 

             start_A   end_A start_B   end_B      g_A        g_B dF(kcal/mol) se_dF(kcal/mol)    dF_fwd    dF_bwd    dE_fwd    dE_bwd sd_dE_fwd sd_dE_bwd p_A(traj_B) p_B(traj_A) eig_overlap
all              0.0  1544.0     0.0  2500.0      1.0        1.0     0.927469        0.010173  0.892042  0.964588  2.118369  1.100254   0.72703  0.554165    0.482327    0.297885    0.780212
uncorr           0.0  1544.0     0.0  2500.0    48.25  80.645161      0.79207        0.074975  0.824321   0.97222   1.88112  0.823244  0.534747    0.5881    0.392888    0.405562     0.79845
equ           1323.0  1544.0   595.0  2500.0  3.23508  28.026764     0.885395        0.026531  0.880657  1.006208  2.118339  1.028585  0.731332  0.565131    0.136666    0.732467    0.869133
blockave_all   617.2   926.0  1000.0  1500.0      1.0        1.0     0.926023        0.064835   0.92319  0.937792  2.118127  1.100254  0.686186  0.523013    0.485731    0.299982    0.785713
block1all        0.0   308.0     0.0   500.0      1.0        1.0     1.043107        0.020829  0.665758  1.246157   1.74471  1.642374  0.743439  0.540249    0.500729    0.308449    0.809178
block2all      308.0   617.0   500.0  1000.0      1.0        1.0     1.078529         0.02251  1.214075  0.995262  2.530659   1.24645     0.637  0.517204    0.484376    0.299345    0.783721
block3all      617.0   926.0  1000.0  1500.0      1.0        1.0     0.947605        0.026374  1.028859  0.795163   2.55295  0.908814  0.853045  0.503391    0.448239    0.277012     0.72525
block4all      926.0  1235.0  1500.0  2000.0      1.0        1.0     0.734353        0.020149  0.758091  0.866558  1.689586  0.872742  0.595322  0.531775    0.506135    0.312791    0.818926
block5all     1235.0  1544.0  2000.0  2500.0      1.0        1.0     0.826522        0.021993  0.949167  0.785821  2.072731   0.83089  0.602121  0.522444    0.489178    0.302312    0.791489

               dF    dF_all  se_dF_block  se_dF_bar    dF_fwd    dF_bwd  ddF_fwd_bwd     sd_dE  overlap1  overlap2    nA    nB
SUMMARY  0.885395  0.927469     0.064835   0.026531  0.892042  0.964588     0.072546  0.914151  0.780212  0.869133  68.0  67.0
******** Analysis of fep-solv-08-solv-09.bar ******** 

             start_A   end_A start_B   end_B        g_A        g_B dF(kcal/mol) se_dF(kcal/mol)    dF_fwd    dF_bwd    dE_fwd    dE_bwd sd_dE_fwd sd_dE_bwd p_A(traj_B) p_B(traj_A) eig_overlap
all              0.0  2500.0     0.0  2500.0        1.0        1.0     1.122004        0.012554  0.906958  1.755068  2.947627  1.213492  1.208018  0.803643    0.320136    0.320136    0.640272
uncorr           0.0  2500.0     0.0  2500.0  80.645161  69.444444     1.035117        0.102424  0.606362  2.099763   2.35907  1.452494  1.294938   1.00349    0.358607    0.308801    0.667408
equ            595.0  2500.0  1540.0  2500.0  27.733688   4.737101      1.22321        0.044808  0.944263  1.697398  2.725174  1.234123  1.113321  0.804024     0.59308    0.101285    0.694365
blockave_all  1000.0  1500.0  1000.0  1500.0        1.0        1.0     1.131255        0.123394  0.988887  1.538763  2.947627  1.213492  1.138306   0.73973    0.325594    0.325594    0.651187
block1all        0.0   500.0     0.0   500.0        1.0        1.0     1.311334        0.035594  1.562434  1.043271  4.146125  0.755995  1.179478   0.72293    0.262706    0.262706    0.525412
block2all      500.0  1000.0   500.0  1000.0        1.0        1.0     1.473319        0.027498  1.164507  2.127672  3.267166  1.982297  1.127339  0.881941    0.324863    0.324863    0.649726
block3all     1000.0  1500.0  1000.0  1500.0        1.0        1.0     1.141839        0.024607  0.821364  1.612833  2.526178  1.600112  1.092842  0.760622    0.349233    0.349233    0.698465
block4all     1500.0  2000.0  1500.0  2000.0        1.0        1.0     0.945743        0.023945  0.769275  2.115964  2.439028  1.109515  1.154738  0.689145    0.354918    0.354918    0.709837
block5all     2000.0  2500.0  2000.0  2500.0        1.0        1.0     0.784041        0.026135  0.626853  0.794077  2.359639  0.619542  1.137133  0.644012    0.336248    0.336248    0.672496

              dF    dF_all  se_dF_block  se_dF_bar    dF_fwd    dF_bwd  ddF_fwd_bwd     sd_dE  overlap1  overlap2    nA     nB
SUMMARY  1.22321  1.122004     0.123394   0.044808  0.906958  1.755068      0.84811  1.450914  0.640272  0.694365  68.0  202.0
******** Analysis of fep-solv-09-solv-10.bar ******** 

             start_A   end_A start_B   end_B        g_A        g_B dF(kcal/mol) se_dF(kcal/mol)    dF_fwd    dF_bwd    dE_fwd    dE_bwd sd_dE_fwd sd_dE_bwd p_A(traj_B) p_B(traj_A) eig_overlap
all              0.0  2500.0     0.0  2500.0        1.0        1.0     0.414743        0.014607  0.687684  0.027197  2.576748 -0.604757   1.22253   0.57758    0.283989    0.283989    0.567978
uncorr           0.0  2500.0     0.0  2500.0  69.444444  49.019608     0.419022        0.116178  0.462169 -0.082362  2.944885 -0.618522  1.539872  0.586125    0.321984    0.231829    0.553813
equ           1540.0  2500.0  1890.0  2500.0   4.513677   1.905481     0.361574        0.026628  0.642344  0.034125  2.667163 -0.601935  1.286155  0.580219    0.393736    0.165958    0.559694
blockave_all  1000.0  1500.0  1000.0  1500.0        1.0        1.0     0.433016        0.092222  0.777613 -0.014222  2.576748 -0.604757  1.125872  0.552187    0.284519    0.284519    0.569038
block1all        0.0   500.0     0.0   500.0        1.0        1.0     0.200218        0.028031  0.446685 -0.186189  1.886616 -0.738571  1.102621  0.496876     0.32047     0.32047     0.64094
block2all      500.0  1000.0   500.0  1000.0        1.0        1.0     0.762646        0.039832  1.208784  0.193705  3.747839 -0.432952  1.343874  0.626962    0.234611    0.234611    0.469222
block3all     1000.0  1500.0  1000.0  1500.0        1.0        1.0     0.451559        0.039837  1.084311 -0.322373  3.169566 -0.988618  1.155073  0.490787    0.234581    0.234581    0.469161
block4all     1500.0  2000.0  1500.0  2000.0        1.0        1.0     0.386458        0.031722  0.780367 -0.029381  2.387399 -0.672378   1.05251  0.561075    0.291129    0.291129    0.582257
block5all     2000.0  2500.0  2000.0  2500.0        1.0        1.0     0.364198        0.025478   0.36792   0.27313  1.692318 -0.191267  0.975281  0.585234    0.341806    0.341806    0.683611

               dF    dF_all  se_dF_block  se_dF_bar    dF_fwd    dF_bwd  ddF_fwd_bwd     sd_dE  overlap1  overlap2     nA     nB
SUMMARY  0.361574  0.414743     0.092222   0.026628  0.687684  0.027197     0.660486  1.352101  0.567978  0.559694  212.0  320.0
******** Analysis of fep-solv-10-solv-11.bar ******** 

             start_A   end_A start_B   end_B        g_A       g_B dF(kcal/mol) se_dF(kcal/mol)    dF_fwd    dF_bwd    dE_fwd    dE_bwd sd_dE_fwd sd_dE_bwd p_A(traj_B) p_B(traj_A) eig_overlap
all              0.0  2500.0     0.0  2500.0        1.0       1.0     -1.07427        0.015556 -1.133755  -0.92824  0.223206 -3.031145  1.632522  0.791423    0.268427    0.268427    0.536854
uncorr           0.0  2500.0     0.0  2500.0  51.020408  15.72327     -0.92868        0.081698 -0.845548 -0.889249  0.232105 -2.811857  1.560497    0.8464    0.451353    0.136257     0.58761
equ           1890.0  2500.0   560.0  2500.0   1.853829  6.832345    -1.087587         0.02679 -1.133031 -0.968476  0.276371 -2.987254  1.659426  0.808015    0.134187    0.495574    0.629762
blockave_all  1000.0  1500.0  1000.0  1500.0        1.0       1.0    -1.061733        0.093585 -1.047396 -1.007683  0.223206 -3.031145  1.556779  0.784412    0.268756    0.268756    0.537512
block1all        0.0   500.0     0.0   500.0        1.0       1.0    -1.090216        0.033421  -1.14165 -1.054294 -0.115925 -3.004967  1.403269  0.804867    0.278337    0.278337    0.556675
block2all      500.0  1000.0   500.0  1000.0        1.0       1.0    -0.927625        0.035565 -0.945728 -1.027972  0.714365 -2.819777  1.775875  0.764471    0.262907    0.262907    0.525813
block3all     1000.0  1500.0  1000.0  1500.0        1.0       1.0    -1.293707        0.030286 -1.515379  -0.48426 -0.908697 -2.950653  1.372767  0.841128    0.302301    0.302301    0.604602
block4all     1500.0  2000.0  1500.0  2000.0        1.0       1.0    -1.216015        0.034219 -1.143043 -1.390507   0.00742 -3.328853  1.573502  0.746595    0.272506    0.272506    0.545012
block5all     2000.0  2500.0  2000.0  2500.0        1.0       1.0    -0.781105         0.04095 -0.491182  -1.08138  1.418868 -3.051475  1.658485  0.765001    0.227729    0.227729    0.455457

               dF   dF_all  se_dF_block  se_dF_bar    dF_fwd   dF_bwd  ddF_fwd_bwd     sd_dE  overlap1  overlap2     nA     nB
SUMMARY -1.087587 -1.07427     0.093585    0.02679 -1.133755 -0.92824     0.205515  1.814243  0.536854  0.629762  329.0  283.0
******** Analysis of fep-solv-11-solv-12.bar ******** 

             start_A   end_A start_B   end_B        g_A       g_B dF(kcal/mol) se_dF(kcal/mol)    dF_fwd    dF_bwd    dE_fwd    dE_bwd sd_dE_fwd sd_dE_bwd p_A(traj_B) p_B(traj_A) eig_overlap
all              0.0  2500.0     0.0  2500.0        1.0       1.0    -2.458369        0.013277  -2.61088 -2.255364 -2.783203 -5.011827  1.360555  0.767492    0.307055    0.307055    0.614109
uncorr           0.0  2500.0     0.0  2500.0  15.151515  60.97561    -2.536631        0.071853 -2.622201 -2.124294  -2.74609 -5.080343  1.327378  0.901798    0.133073    0.545598    0.678671
equ            560.0  2500.0  1925.0  2500.0   6.947776  1.891022    -2.400943        0.026951 -2.674331 -2.270995 -2.827909 -5.002503  1.422723  0.767646    0.496222    0.134753    0.630975
blockave_all  1000.0  1500.0  1000.0  1500.0        1.0       1.0    -2.462153         0.08814  -2.59311 -2.338644 -2.783203 -5.011827  1.348773  0.728381     0.30963     0.30963     0.61926
block1all        0.0   500.0     0.0   500.0        1.0       1.0    -2.478817        0.029508 -2.643075 -2.437329 -2.782365 -5.031275  1.380682   0.70011    0.308489    0.308489    0.616977
block2all      500.0  1000.0   500.0  1000.0        1.0       1.0    -2.202898        0.029649 -2.394042 -1.969395 -2.434667 -4.552571  1.316921  0.777121     0.30736     0.30736    0.614721
block3all     1000.0  1500.0  1000.0  1500.0        1.0       1.0    -2.338567        0.028484 -2.515913 -2.272335 -2.616037 -4.720766  1.457021  0.731311    0.316761    0.316761    0.633523
block4all     1500.0  2000.0  1500.0  2000.0        1.0       1.0    -2.592481        0.027693 -2.827459 -2.074546 -3.276884 -5.027131  1.263382  0.769835    0.323255    0.323255    0.646509
block5all     2000.0  2500.0  2000.0  2500.0        1.0       1.0    -2.698002        0.031571 -2.585063 -2.939615 -2.806063 -5.727394  1.325858  0.663528    0.292286    0.292286    0.584572

               dF    dF_all  se_dF_block  se_dF_bar   dF_fwd    dF_bwd  ddF_fwd_bwd     sd_dE  overlap1  overlap2     nA     nB
SUMMARY -2.400943 -2.458369      0.08814   0.026951 -2.61088 -2.255364     0.355516  1.562099  0.614109  0.630975  279.0  304.0
******** Analysis of fep-solv-12-solv-13.bar ******** 

             start_A   end_A start_B   end_B        g_A       g_B dF(kcal/mol) se_dF(kcal/mol)    dF_fwd    dF_bwd    dE_fwd    dE_bwd sd_dE_fwd sd_dE_bwd p_A(traj_B) p_B(traj_A) eig_overlap
all              0.0  2500.0     0.0  2500.0        1.0       1.0    -4.297068        0.013206 -4.188452 -4.517059 -5.737604 -8.335005  1.174152  0.630726     0.30831     0.30831     0.61662
uncorr           0.0  2500.0     0.0  2500.0  49.019608  20.16129    -4.320234        0.074885 -4.263049 -4.441665 -6.009282 -8.276002  1.067907  0.712399    0.453955    0.183046    0.637002
equ           1925.0  2500.0  2240.0  2500.0   1.843485  1.245832    -4.322024        0.016377 -4.219409 -4.503507 -5.771698 -8.328724   1.19796  0.633905     0.36857    0.249143    0.617712
blockave_all  1000.0  1500.0  1000.0  1500.0        1.0       1.0    -4.288563        0.053425 -4.121156 -4.533985 -5.737604 -8.335005  1.122432  0.616815    0.309221    0.309221    0.618442
block1all        0.0   500.0     0.0   500.0        1.0       1.0    -4.271535        0.028752 -4.136032 -4.461812 -5.810716 -8.258701  1.072985  0.630197    0.314583    0.314583    0.629166
block2all      500.0  1000.0   500.0  1000.0        1.0       1.0    -4.199786         0.03523 -3.827907 -4.627696 -5.085473 -8.603837  1.197996  0.667166    0.265266    0.265266    0.530532
block3all     1000.0  1500.0  1000.0  1500.0        1.0       1.0    -4.261734         0.03277 -3.905389 -4.756515 -5.322946 -8.567268  1.128452  0.570393    0.283183    0.283183    0.566367
block4all     1500.0  2000.0  1500.0  2000.0        1.0       1.0    -4.214531        0.027974 -4.135851 -4.341804 -5.722265 -8.093389  1.198081   0.64829     0.32094     0.32094    0.641879
block5all     2000.0  2500.0  2000.0  2500.0        1.0       1.0    -4.495231        0.023108 -4.600599 -4.482096 -6.746618  -8.15183  1.014644  0.568028    0.362132    0.362132    0.724265

               dF    dF_all  se_dF_block  se_dF_bar    dF_fwd    dF_bwd  ddF_fwd_bwd     sd_dE  overlap1  overlap2     nA     nB
SUMMARY -4.322024 -4.297068     0.053425   0.016377 -4.188452 -4.517059     0.328608  1.332834   0.61662  0.617712  311.0  208.0
******** Analysis of fep-solv-13-solv-14.bar ******** 

             start_A   end_A start_B   end_B        g_A       g_B dF(kcal/mol) se_dF(kcal/mol)    dF_fwd    dF_bwd     dE_fwd     dE_bwd sd_dE_fwd sd_dE_bwd p_A(traj_B) p_B(traj_A) eig_overlap
all              0.0  2500.0     0.0  2500.0        1.0       1.0    -6.513433        0.009568 -6.598778  -6.48135 -10.332658 -11.509854  0.854664  0.582696    0.376982    0.376982    0.753964
uncorr           0.0  2500.0     0.0  2500.0  16.233766   7.53012    -6.408928        0.034833  -6.49089 -6.369316 -10.104265  -11.40821  0.877886  0.602653    0.500462    0.232843    0.733305
equ           2100.0  2500.0  1015.0  2500.0   1.467421  1.948553    -6.518569        0.012251 -6.596207 -6.449504 -10.355258 -11.490644   0.84072  0.599896    0.327199    0.434311     0.76151
blockave_all  1000.0  1500.0  1000.0  1500.0        1.0       1.0    -6.512452         0.02548 -6.573249 -6.490146 -10.332658 -11.509854  0.837602  0.578514    0.377119    0.377119    0.754239
block1all        0.0   500.0     0.0   500.0        1.0       1.0    -6.475373        0.021629 -6.521553 -6.420719 -10.234033 -11.459911  0.859788  0.603818    0.374946    0.374946    0.749892
block2all      500.0  1000.0   500.0  1000.0        1.0       1.0    -6.568025        0.021222 -6.825924 -6.348801 -10.664097 -11.366274  0.906296   0.61962    0.378468    0.378468    0.756936
block3all     1000.0  1500.0  1000.0  1500.0        1.0       1.0    -6.576401        0.019529 -6.717303 -6.517721 -10.643119 -11.476167  0.772299  0.554535    0.393105    0.393105    0.786211
block4all     1500.0  2000.0  1500.0  2000.0        1.0       1.0    -6.448501        0.022816 -6.429239 -6.508927 -10.013774 -11.562683  0.877387  0.570187    0.364661    0.364661    0.729322
block5all     2000.0  2500.0  2000.0  2500.0        1.0       1.0    -6.493962         0.02169 -6.372228 -6.654562 -10.108267 -11.684234  0.772241  0.544409    0.374416    0.374416    0.748832

               dF    dF_all  se_dF_block  se_dF_bar    dF_fwd   dF_bwd  ddF_fwd_bwd     sd_dE  overlap1  overlap2     nA     nB
SUMMARY -6.518569 -6.513433      0.02548   0.012251 -6.598778 -6.48135     0.117428  1.034401  0.753964   0.76151  272.0  762.0
******** Analysis of fep-solv-14-solv-15.bar ******** 

             start_A   end_A start_B   end_B       g_A         g_B dF(kcal/mol) se_dF(kcal/mol)    dF_fwd    dF_bwd     dE_fwd     dE_bwd sd_dE_fwd sd_dE_bwd p_A(traj_B) p_B(traj_A) eig_overlap
all              0.0  2500.0     0.0  2500.0       1.0         1.0    -9.141986        0.011118 -8.940461 -9.185353  -14.45339  -16.40995  0.720825  0.727633    0.347061    0.347061    0.694122
uncorr           0.0  2500.0     0.0  2500.0  7.621951  192.307692    -9.005883        0.042079 -8.973337 -9.170183 -14.530927 -16.177058  0.720777  0.660932    0.033443    0.911332    0.944776
equ           1015.0  2500.0  2345.0  2500.0  1.979508    3.525616    -9.109446        0.017921 -8.921459 -9.296475 -14.437823 -16.420891  0.714367  0.729247    0.254073    0.452243    0.706317
blockave_all  1000.0  1500.0  1000.0  1500.0       1.0         1.0    -9.156491        0.098563  -8.93822 -9.273984  -14.45339  -16.40995  0.715604  0.634852    0.348867    0.348867    0.697734
block1all        0.0   500.0     0.0   500.0       1.0         1.0     -8.93963        0.020513 -8.901759 -8.808299  -14.39007 -15.676045  0.748185  0.555661    0.384615    0.384615     0.76923
block2all      500.0  1000.0   500.0  1000.0       1.0         1.0    -8.966706          0.0224 -8.887061 -9.126878 -14.271425 -15.896128   0.76651  0.555347     0.36826     0.36826     0.73652
block3all     1000.0  1500.0  1000.0  1500.0       1.0         1.0    -9.160858        0.025207 -8.925718 -9.401829 -14.419521 -16.477289   0.68607  0.624812    0.344115    0.344115     0.68823
block4all     1500.0  2000.0  1500.0  2000.0       1.0         1.0    -9.234519        0.026371 -8.944684 -9.198623 -14.518223 -16.692286  0.704787  0.794586    0.334264    0.334264    0.668529
block5all     2000.0  2500.0  2000.0  2500.0       1.0         1.0    -9.480743        0.028938 -9.031877  -9.83429 -14.667708 -17.308004  0.672466  0.643855     0.31308     0.31308     0.62616

               dF    dF_all  se_dF_block  se_dF_bar    dF_fwd    dF_bwd  ddF_fwd_bwd     sd_dE  overlap1  overlap2     nA    nB
SUMMARY -9.109446 -9.141986     0.098563   0.017921 -8.940461 -9.185353     0.244892  1.024226  0.694122  0.706317  750.0  43.0
******** Analysis of fep-solv-15-solv-16.bar ******** 

             start_A   end_A start_B   end_B         g_A        g_B dF(kcal/mol) se_dF(kcal/mol)     dF_fwd     dF_bwd     dE_fwd     dE_bwd sd_dE_fwd sd_dE_bwd p_A(traj_B) p_B(traj_A) eig_overlap
all              0.0  2500.0     0.0  2500.0         1.0        1.0   -12.457398        0.009798 -12.841384 -12.308315 -20.639621 -21.379586  0.873147  0.621929    0.372523    0.372523    0.745046
uncorr           0.0  2500.0     0.0  2500.0  227.272727  41.666667   -12.187646        0.102701 -12.605483 -12.056119  -20.57693 -21.205266  0.797893  0.742494    0.681447    0.113574    0.795021
equ           2345.0  2500.0  1855.0  2500.0    3.680971   3.509858   -12.436549        0.018671 -12.808541 -12.295727 -20.601384 -21.349818  0.887281  0.621672    0.380421    0.362789    0.743209
blockave_all  1000.0  1500.0  1000.0  1500.0         1.0        1.0    -12.45488        0.110202  -12.63792 -12.340678 -20.639621 -21.379586  0.741336  0.593916    0.379309    0.379309    0.758618
block1all        0.0   500.0     0.0   500.0         1.0        1.0   -12.058945        0.021072 -11.956129 -12.102546 -19.670591 -21.033026  0.646844  0.632062    0.379769    0.379769    0.759538
block2all      500.0  1000.0   500.0  1000.0         1.0        1.0   -12.391043        0.023112  -12.16929 -12.645679 -19.978755 -21.825042  0.650293  0.565212    0.362095    0.362095    0.724191
block3all     1000.0  1500.0  1000.0  1500.0         1.0        1.0   -12.531315        0.019431 -12.670112 -12.441974  -20.72897 -21.514517  0.729701  0.553529    0.393953    0.393953    0.787905
block4all     1500.0  2000.0  1500.0  2000.0         1.0        1.0   -12.609576        0.021983 -13.090612 -12.367405  -21.01975 -21.494409  0.937907   0.62652    0.371873    0.371873    0.743746
block5all     2000.0  2500.0  2000.0  2500.0         1.0        1.0   -12.683519        0.020022 -13.303455 -12.145788 -21.800038 -21.030938  0.741937  0.592257    0.388854    0.388854    0.777708

                dF     dF_all  se_dF_block  se_dF_bar     dF_fwd     dF_bwd  ddF_fwd_bwd     sd_dE  overlap1  overlap2    nA     nB
SUMMARY -12.436549 -12.457398     0.110202   0.018671 -12.841384 -12.308315     0.533069  1.071999  0.745046  0.743209  42.0  183.0
******** Analysis of fep-solv-16-solv-17.bar ******** 

             start_A   end_A start_B   end_B        g_A       g_B dF(kcal/mol) se_dF(kcal/mol)    dF_fwd    dF_bwd    dE_fwd    dE_bwd sd_dE_fwd sd_dE_bwd p_A(traj_B) p_B(traj_A) eig_overlap
all              0.0  2500.0     0.0  2500.0        1.0       1.0    -2.918761        0.013738  -2.90948 -2.884949 -3.705971 -6.139333  0.950611  0.944384    0.298906    0.298906    0.597811
uncorr           0.0  2500.0     0.0  2500.0   7.886435  4.098361    -2.871626        0.033153 -2.634092 -2.928657 -3.491533 -6.191113  0.901933  0.958929    0.397876    0.206765     0.60464
equ             70.0  2500.0  1120.0  2500.0  10.940958  1.595306    -2.909876        0.026756 -2.955209 -2.895382 -3.732506 -6.131976  0.966429  0.934859    0.620742    0.090319     0.71106
blockave_all  1000.0  1500.0  1000.0  1500.0        1.0       1.0    -2.918094        0.061465  -2.88454 -2.908631 -3.705971 -6.139333  0.937288  0.933568    0.299581    0.299581    0.599162
block1all        0.0   500.0     0.0   500.0        1.0       1.0    -3.082628        0.031188 -3.010657 -3.009331 -3.909191 -6.483135  0.944078  0.949055    0.295248    0.295248    0.590496
block2all      500.0  1000.0   500.0  1000.0        1.0       1.0    -2.844325         0.02861   -2.8584 -2.857719 -3.744023 -5.861928  0.907201  0.891107    0.315735    0.315735     0.63147
block3all     1000.0  1500.0  1000.0  1500.0        1.0       1.0    -3.047329        0.029776 -3.132641   -3.0139 -4.059728 -6.267553  0.912021  0.947541     0.30635     0.30635      0.6127
block4all     1500.0  2000.0  1500.0  2000.0        1.0       1.0    -2.840829        0.031927 -2.642614 -3.047352 -3.354463 -6.171058  0.960818  0.882064    0.289559    0.289559    0.579119
block5all     2000.0  2500.0  2000.0  2500.0        1.0       1.0    -2.775358        0.031737 -2.778386 -2.614852 -3.462449 -5.912992  0.962324   0.99807    0.291012    0.291012    0.582025

               dF    dF_all  se_dF_block  se_dF_bar   dF_fwd    dF_bwd  ddF_fwd_bwd     sd_dE  overlap1  overlap2     nA     nB
SUMMARY -2.909876 -2.918761     0.061465   0.026756 -2.90948 -2.884949     0.024531  1.339971  0.597811   0.71106  222.0  865.0
******** Analysis of fep-solv-17-solv-18.bar ******** 

             start_A   end_A start_B   end_B       g_A       g_B dF(kcal/mol) se_dF(kcal/mol)    dF_fwd    dF_bwd    dE_fwd     dE_bwd sd_dE_fwd sd_dE_bwd p_A(traj_B) p_B(traj_A) eig_overlap
all              0.0  2500.0     0.0  2500.0       1.0       1.0    -5.606917        0.014692 -5.503508 -5.655735 -8.068209 -10.875784  0.952475  0.972537    0.282565    0.282565    0.565131
uncorr           0.0  2500.0     0.0  2500.0  5.102041  2.485089    -5.611898        0.026829 -5.480361 -5.694059  -8.10451 -10.853565  0.926051  0.980844    0.401136    0.195384     0.59652
equ           1155.0  2500.0   735.0  2500.0  1.517788  2.224394    -5.613313        0.019693 -5.528929 -5.621544  -8.12282 -10.846302  0.949625  0.969548    0.233202    0.342016    0.575218
blockave_all  1000.0  1500.0  1000.0  1500.0       1.0       1.0    -5.606586        0.070521 -5.476544 -5.667533 -8.068209 -10.875784  0.935967  0.962538    0.283023    0.283023    0.566046
block1all        0.0   500.0     0.0   500.0       1.0       1.0    -5.862424        0.032388 -5.780614 -5.843966 -8.593333 -11.253247  0.951104  1.018443    0.286058    0.286058    0.572117
block2all      500.0  1000.0   500.0  1000.0       1.0       1.0    -5.524592        0.032492 -5.361727 -5.694602 -7.916016 -10.751437   0.89473  0.905249    0.285273    0.285273    0.570546
block3all     1000.0  1500.0  1000.0  1500.0       1.0       1.0    -5.650341        0.033244 -5.555429  -5.72794 -8.118734 -10.964618  0.956223  0.972933    0.279652    0.279652    0.559304
block4all     1500.0  2000.0  1500.0  2000.0       1.0       1.0    -5.526942         0.03306 -5.361114 -5.549727 -7.970072 -10.791746  0.878397  1.013864    0.281015    0.281015    0.562031
block5all     2000.0  2500.0  2000.0  2500.0       1.0       1.0    -5.468632        0.032779 -5.323837 -5.521431 -7.742889 -10.617871   0.99938  0.902203    0.283115    0.283115    0.566231

               dF    dF_all  se_dF_block  se_dF_bar    dF_fwd    dF_bwd  ddF_fwd_bwd     sd_dE  overlap1  overlap2     nA     nB
SUMMARY -5.613313 -5.606917     0.070521   0.019693 -5.503508 -5.655735     0.152226  1.361263  0.565131  0.575218  886.0  793.0
******** Analysis of fep-solv-18-solv-19.bar ******** 

             start_A   end_A start_B   end_B       g_A       g_B dF(kcal/mol) se_dF(kcal/mol)    dF_fwd    dF_bwd     dE_fwd     dE_bwd sd_dE_fwd sd_dE_bwd p_A(traj_B) p_B(traj_A) eig_overlap
all              0.0  2500.0     0.0  2500.0       1.0       1.0    -8.493555        0.014777 -8.539722 -8.423118 -13.030978 -15.721501  0.978117  1.044078    0.281151    0.281151    0.562302
uncorr           0.0  2500.0     0.0  2500.0  2.200704  2.285192    -8.505311        0.021944 -8.605334 -8.464125 -13.063887 -15.741862  0.982926  1.038657    0.277824    0.288754    0.566579
equ              0.0  2500.0   700.0  2500.0  2.011338   1.36116    -8.488951        0.019035   -8.5859 -8.423638 -13.037986 -15.718411  1.000684  1.045107     0.33785    0.228545    0.566395
blockave_all  1000.0  1500.0  1000.0  1500.0       1.0       1.0    -8.494727        0.060049 -8.514044 -8.435787 -13.030978 -15.721501  0.970581  1.035367    0.282102    0.282102    0.564204
block1all        0.0   500.0     0.0   500.0       1.0       1.0    -8.714881        0.033364 -8.770738  -8.61218 -13.360236 -16.087485  1.030928  1.039191    0.278765    0.278765     0.55753
block2all      500.0  1000.0   500.0  1000.0       1.0       1.0    -8.472985        0.034279 -8.354662  -8.43461 -12.913191  -15.81185  0.907571  1.043797    0.272068    0.272068    0.544135
block3all     1000.0  1500.0  1000.0  1500.0       1.0       1.0    -8.496846        0.032576 -8.594802 -8.484287 -13.099643 -15.706163  0.982288  1.071396    0.284639    0.284639    0.569278
block4all     1500.0  2000.0  1500.0  2000.0       1.0       1.0    -8.433621        0.032236 -8.564565 -8.411631 -12.924185  -15.55708  1.023368  0.981179    0.287207    0.287207    0.574415
block5all     2000.0  2500.0  2000.0  2500.0       1.0       1.0    -8.355303        0.032154 -8.285454 -8.236225 -12.857632 -15.444925  0.908748  1.041273     0.28783     0.28783     0.57566

               dF    dF_all  se_dF_block  se_dF_bar    dF_fwd    dF_bwd  ddF_fwd_bwd     sd_dE  overlap1  overlap2      nA      nB
SUMMARY -8.488951 -8.493555     0.060049   0.019035 -8.539722 -8.423118     0.116604  1.430668  0.562302  0.566395  1242.0  1322.0
******** Analysis of fep-solv-19-solv-20.bar ******** 

             start_A   end_A start_B   end_B       g_A       g_B dF(kcal/mol) se_dF(kcal/mol)     dF_fwd     dF_bwd     dE_fwd     dE_bwd sd_dE_fwd sd_dE_bwd p_A(traj_B) p_B(traj_A) eig_overlap
all              0.0  2500.0     0.0  2500.0       1.0       1.0   -11.533073        0.016347 -11.515842 -11.548214 -17.866521 -21.128504  1.055513  1.097826    0.256074    0.256074    0.512149
uncorr           0.0  2500.0     0.0  2500.0  2.230152  1.849112   -11.548648        0.023101 -11.523389  -11.59096 -17.905267 -21.159243   1.02938  1.088147    0.282823    0.234674    0.517496
equ            700.0  2500.0   210.0  2500.0  1.366394  2.412929   -11.542665        0.021699 -11.544181 -11.583927 -17.895382 -21.101268  1.067741  1.084519    0.191515     0.33811    0.529625
blockave_all  1000.0  1500.0  1000.0  1500.0       1.0       1.0   -11.533076        0.042043 -11.495553 -11.549943 -17.866521 -21.128504  1.047946  1.093725    0.256383    0.256383    0.512766
block1all        0.0   500.0     0.0   500.0       1.0       1.0   -11.698935        0.036565 -11.738231 -11.612845 -18.198545 -21.368999  1.052838  1.132806    0.255986    0.255986    0.511972
block2all      500.0  1000.0   500.0  1000.0       1.0       1.0   -11.488071        0.034301 -11.525106 -11.492426 -17.960112  -20.91424  1.056365  1.121679    0.271906    0.271906    0.543812
block3all     1000.0  1500.0  1000.0  1500.0       1.0       1.0   -11.515118        0.036731 -11.553907 -11.518101 -17.855931 -21.030933  1.082921  1.082539    0.254851    0.254851    0.509702
block4all     1500.0  2000.0  1500.0  2000.0       1.0       1.0    -11.49167        0.037058 -11.322676   -11.5921 -17.724201 -21.175313  0.991006  1.076903     0.25264     0.25264     0.50528
block5all     2000.0  2500.0  2000.0  2500.0       1.0       1.0   -11.471584        0.037974 -11.337848 -11.534246 -17.593814 -21.153036  1.056599  1.054699    0.246531    0.246531    0.493062

                dF     dF_all  se_dF_block  se_dF_bar     dF_fwd     dF_bwd  ddF_fwd_bwd     sd_dE  overlap1  overlap2      nA     nB
SUMMARY -11.542665 -11.533073     0.042043   0.021699 -11.515842 -11.548214     0.032372  1.522934  0.512149  0.529625  1317.0  949.0
******** Analysis of fep-solv-20-solv-21.bar ******** 

             start_A   end_A start_B   end_B       g_A       g_B dF(kcal/mol) se_dF(kcal/mol)     dF_fwd     dF_bwd     dE_fwd     dE_bwd sd_dE_fwd sd_dE_bwd p_A(traj_B) p_B(traj_A) eig_overlap
all              0.0  2500.0     0.0  2500.0       1.0       1.0   -14.760113        0.016849 -14.934536 -14.624011 -23.284924 -26.627448  1.114861  1.174817    0.248501    0.248501    0.497003
uncorr           0.0  2500.0     0.0  2500.0  1.803752  4.970179   -14.777797         0.02877 -14.915959 -14.844534 -23.290003  -26.59046  1.114193    1.1038    0.142306    0.392119    0.534424
equ            175.0  2500.0  1610.0  2500.0  2.279378  1.446081   -14.751014        0.022637 -14.882575 -14.609877  -23.24743 -26.641604  1.113807  1.164393    0.309034    0.196008    0.505041
blockave_all  1000.0  1500.0  1000.0  1500.0       1.0       1.0   -14.764173         0.06367 -14.895143 -14.675434 -23.284924 -26.627448  1.111574  1.154948    0.249174    0.249174    0.498348
block1all        0.0   500.0     0.0   500.0       1.0       1.0   -14.966624        0.038222 -15.256667  -14.97539 -23.500874 -27.034906  1.150128  1.108161    0.244906    0.244906    0.489811
block2all      500.0  1000.0   500.0  1000.0       1.0       1.0   -14.712539        0.039193 -14.954384 -14.755253  -23.08626 -26.637467  1.140844  1.138993    0.238645    0.238645    0.477291
block3all     1000.0  1500.0  1000.0  1500.0       1.0       1.0   -14.854814        0.039702 -14.779909 -14.868807 -23.223171 -27.008765  1.097994  1.168951    0.235422    0.235422    0.470844
block4all     1500.0  2000.0  1500.0  2000.0       1.0       1.0   -14.648842        0.036412 -14.856811 -14.340574 -23.329945 -26.282109  1.097612   1.22663    0.257032    0.257032    0.514063
block5all     2000.0  2500.0  2000.0  2500.0       1.0       1.0   -14.638046        0.034584 -14.627946 -14.437144 -23.284371 -26.173994  1.071293  1.132004    0.269866    0.269866    0.539732

                dF     dF_all  se_dF_block  se_dF_bar     dF_fwd     dF_bwd  ddF_fwd_bwd     sd_dE  overlap1  overlap2      nA     nB
SUMMARY -14.751014 -14.760113      0.06367   0.022637 -14.934536 -14.624011     0.310525  1.619602  0.497003  0.505041  1020.0  615.0
******** Analysis of fep-solv-21-solv-22.bar ******** 

             start_A   end_A start_B   end_B       g_A       g_B dF(kcal/mol) se_dF(kcal/mol)     dF_fwd     dF_bwd     dE_fwd     dE_bwd sd_dE_fwd sd_dE_bwd p_A(traj_B) p_B(traj_A) eig_overlap
all              0.0  2500.0     0.0  2500.0       1.0       1.0   -18.445322        0.020596 -18.562167 -18.635191 -28.777386  -33.52073  1.202454  1.185444    0.199026    0.199026    0.398051
uncorr           0.0  2500.0     0.0  2500.0  5.307856  3.949447    -18.41023        0.044174 -18.690874 -18.670114 -28.720777 -33.428047   1.21774   1.19911    0.229024    0.170681    0.399705
equ           1610.0  2500.0    70.0  2500.0  1.450754  4.691962   -18.401554        0.033282 -18.492763  -18.48546 -28.772038 -33.470054  1.208324  1.158097    0.103287    0.334519    0.437807
blockave_all  1000.0  1500.0  1000.0  1500.0       1.0       1.0   -18.440172        0.054248 -18.480664 -18.665304 -28.777386  -33.52073  1.179037  1.182802    0.198685    0.198685     0.39737
block1all        0.0   500.0     0.0   500.0       1.0       1.0   -18.533207        0.043018 -18.822921 -18.641823 -29.255164 -33.489052  1.131663  1.246947    0.215576    0.215576    0.431152
block2all      500.0  1000.0   500.0  1000.0       1.0       1.0   -18.445253        0.045249 -18.655045 -18.339183  -28.85083 -33.475259  1.164434  1.196237    0.203272    0.203272    0.406544
block3all     1000.0  1500.0  1000.0  1500.0       1.0       1.0   -18.568849        0.045333 -18.752643 -18.689075  -29.12919  -33.68241   1.19771  1.234298    0.202821    0.202821    0.405642
block4all     1500.0  2000.0  1500.0  2000.0       1.0       1.0   -18.389623        0.048655 -18.046583 -18.881961 -28.371145 -33.530075  1.252444  1.081896    0.186025    0.186025    0.372051
block5all     2000.0  2500.0  2000.0  2500.0       1.0       1.0   -18.263928        0.048716 -18.126126  -18.77448 -28.280598 -33.426853  1.148932  1.154631     0.18573     0.18573    0.371461

                dF     dF_all  se_dF_block  se_dF_bar     dF_fwd     dF_bwd  ddF_fwd_bwd     sd_dE  overlap1  overlap2     nA     nB
SUMMARY -18.401554 -18.445322     0.054248   0.033282 -18.562167 -18.635191     0.073023  1.688542  0.398051  0.437807  613.0  517.0
******** Analysis of fep-solv-22-solv-23.bar ******** 

             start_A   end_A start_B   end_B       g_A       g_B dF(kcal/mol) se_dF(kcal/mol)     dF_fwd     dF_bwd     dE_fwd     dE_bwd sd_dE_fwd sd_dE_bwd p_A(traj_B) p_B(traj_A) eig_overlap
all              0.0  2500.0     0.0  2500.0       1.0       1.0   -22.431404         0.01881 -22.483937 -22.312194 -35.851328 -39.919422  1.218218  1.226731    0.221111    0.221111    0.442222
uncorr           0.0  2500.0     0.0  2500.0  4.273504  3.894081   -22.493732        0.036951 -22.452098  -22.49871  -36.00208 -39.969871  1.218782  1.223087    0.238632    0.217785    0.456417
equ             70.0  2500.0    35.0  2500.0  5.122329  2.706886   -22.429295        0.036049 -22.498558 -22.262615 -35.851053 -39.892637  1.277923  1.233535    0.299641    0.158423    0.458064
blockave_all  1000.0  1500.0  1000.0  1500.0       1.0       1.0   -22.435864        0.053572 -22.458361 -22.360313 -35.851328 -39.919422  1.215375  1.211202    0.221428    0.221428    0.442856
block1all        0.0   500.0     0.0   500.0       1.0       1.0   -22.534713        0.044678  -22.73215 -22.784369 -35.779891 -40.329609   1.28112   1.22375    0.206339    0.206339    0.412678
block2all      500.0  1000.0   500.0  1000.0       1.0       1.0   -22.485834        0.043692 -22.405359 -22.514013  -35.82328 -40.098704  1.233343  1.217479    0.211769    0.211769    0.423538
block3all     1000.0  1500.0  1000.0  1500.0       1.0       1.0   -22.537183        0.042037 -22.534914 -22.222334 -36.026363  -40.06561  1.263719  1.266792    0.221247    0.221247    0.442494
block4all     1500.0  2000.0  1500.0  2000.0       1.0       1.0   -22.353107        0.039648 -22.204651 -22.159431 -35.860136 -39.674336  1.107182  1.170184    0.235762    0.235762    0.471523
block5all     2000.0  2500.0  2000.0  2500.0       1.0       1.0   -22.268481        0.040248 -22.414731 -22.121418 -35.766971  -39.42885  1.191514  1.177805    0.232025    0.232025    0.464049

                dF     dF_all  se_dF_block  se_dF_bar     dF_fwd     dF_bwd  ddF_fwd_bwd     sd_dE  overlap1  overlap2     nA     nB
SUMMARY -22.429295 -22.431404     0.053572   0.036049 -22.483937 -22.312194     0.171743  1.728851  0.442222  0.458064  474.0  910.0
******** Analysis of fep-solv-23-solv-24.bar ******** 

             start_A   end_A start_B   end_B       g_A       g_B dF(kcal/mol) se_dF(kcal/mol)     dF_fwd     dF_bwd     dE_fwd     dE_bwd sd_dE_fwd sd_dE_bwd p_A(traj_B) p_B(traj_A) eig_overlap
all              0.0  2500.0     0.0  2500.0       1.0       1.0   -26.467806        0.021413 -26.466309 -25.969329 -42.323804 -47.274977   1.25627  1.438734    0.189785    0.189785     0.37957
uncorr           0.0  2500.0     0.0  2500.0  2.990431     100.0    -26.54944        0.097088 -26.648231 -27.038022 -42.325732 -47.599482  1.303496   1.57892    0.017591    0.587548    0.605139
equ             35.0  2500.0  1680.0  2500.0  2.031828  2.532782   -26.491802        0.031994 -26.484508 -25.892655 -42.387581 -47.299471  1.275725  1.469524    0.171325    0.213505     0.38483
blockave_all  1000.0  1500.0  1000.0  1500.0       1.0       1.0    -26.50044         0.17556 -26.406003 -26.402519 -42.323804 -47.274977  1.242359  1.346051    0.191887    0.191887    0.383773
block1all        0.0   500.0     0.0   500.0       1.0       1.0   -26.818168        0.050513 -26.638833  -26.53827 -42.696332 -48.031123  1.256107  1.443651    0.177358    0.177358    0.354716
block2all      500.0  1000.0   500.0  1000.0       1.0       1.0   -26.716676        0.049473 -26.374631 -26.989296 -42.496175 -47.755987  1.249728  1.263998    0.182148    0.182148    0.364296
block3all     1000.0  1500.0  1000.0  1500.0       1.0       1.0   -26.803251        0.052107 -26.772049 -27.058315 -42.483374 -48.069551  1.296552  1.326453    0.170312    0.170312    0.340624
block4all     1500.0  2000.0  1500.0  2000.0       1.0       1.0   -26.198089        0.043667   -26.2041 -26.219981 -42.106342 -46.498699  1.202122  1.289398    0.211911    0.211911    0.423822
block5all     2000.0  2500.0  2000.0  2500.0       1.0       1.0   -25.966016        0.042647 -26.040403 -25.206733 -41.836796 -46.019523  1.207288  1.406755    0.217704    0.217704    0.435408

                dF     dF_all  se_dF_block  se_dF_bar     dF_fwd     dF_bwd  ddF_fwd_bwd     sd_dE  overlap1  overlap2      nA     nB
SUMMARY -26.491802 -26.467806      0.17556   0.031994 -26.466309 -25.969329      0.49698  1.910018   0.37957   0.38483  1213.0  323.0
******** Analysis of fep-solv-24-solv-25.bar ******** 

             start_A   end_A start_B   end_B        g_A       g_B dF(kcal/mol) se_dF(kcal/mol)     dF_fwd     dF_bwd     dE_fwd     dE_bwd sd_dE_fwd sd_dE_bwd p_A(traj_B) p_B(traj_A) eig_overlap
all              0.0  2500.0     0.0  2500.0        1.0       1.0   -31.604378        0.028013 -31.381114 -31.986041  -49.87326 -56.967171  1.471645  1.507813    0.131668    0.131668    0.263336
uncorr           0.0  2500.0     0.0  2500.0  83.333333  7.122507   -31.793577        0.130849 -31.780437 -31.796987 -50.591401 -57.026374  1.741324  1.539136    0.392109    0.033514    0.425623
equ           1680.0  2500.0  1715.0  2500.0   2.861331  2.169331   -31.618718        0.043831 -31.243116 -31.897002 -49.897142 -56.906387  1.477077  1.508881    0.152885    0.115858    0.268744
blockave_all  1000.0  1500.0  1000.0  1500.0        1.0       1.0   -31.582411        0.189013 -31.174028 -32.054625  -49.87326 -56.967171    1.3909  1.480868    0.130942    0.130942    0.261884
block1all        0.0   500.0     0.0   500.0        1.0       1.0   -31.975249        0.059512 -31.892422 -32.398837 -50.546049 -57.348287  1.489957  1.440716     0.14184     0.14184    0.283681
block2all      500.0  1000.0   500.0  1000.0        1.0       1.0   -31.672378        0.061723 -31.186035 -31.867035  -50.30703 -57.120292  1.301782  1.557581    0.134545    0.134545    0.269091
block3all     1000.0  1500.0  1000.0  1500.0        1.0       1.0   -31.976335        0.061215 -31.542578 -32.439844 -50.688799  -57.48186   1.36704  1.434465    0.136177    0.136177    0.272355
block4all     1500.0  2000.0  1500.0  2000.0        1.0       1.0   -31.223416        0.067711 -30.843238 -31.786341 -49.095298 -56.695138  1.334126  1.526597    0.117129    0.117129    0.234257
block5all     2000.0  2500.0  2000.0  2500.0        1.0       1.0   -31.064676        0.064861 -30.405865  -31.78107 -48.729123 -56.190279  1.461594   1.44498    0.125017    0.125017    0.250035
WARNING: Standard deviation of energy difference (kcal/mol) above threshold (2.107 vs. 2.000)
WARNING: Connectivity between two states below threshold (0.263 vs. 0.300)

                dF     dF_all  se_dF_block  se_dF_bar     dF_fwd     dF_bwd  ddF_fwd_bwd    sd_dE  overlap1  overlap2     nA     nB
SUMMARY -31.618718 -31.604378     0.189013   0.043831 -31.381114 -31.986041     0.604926  2.10695  0.263336  0.268744  286.0  361.0
******** Analysis of fep-solv-25-solv-26.bar ******** 

             start_A   end_A start_B   end_B       g_A       g_B dF(kcal/mol) se_dF(kcal/mol)     dF_fwd     dF_bwd     dE_fwd     dE_bwd sd_dE_fwd sd_dE_bwd p_A(traj_B) p_B(traj_A) eig_overlap
all              0.0  2500.0     0.0  2500.0       1.0       1.0   -37.497701        0.027503 -37.260917 -37.711531 -59.742779 -66.799859  1.562124  1.515521     0.13526     0.13526    0.270521
uncorr           0.0  2500.0     0.0  2500.0  5.760369  4.280822   -37.508956        0.063163 -37.207496 -37.763722 -59.745788 -66.903009  1.516929  1.515526    0.149649    0.111403    0.261052
equ           1715.0  2500.0   665.0  2500.0  2.168137  1.919733   -37.538626        0.038626 -37.236175 -37.606552 -59.843344 -66.811369  1.581036  1.524364    0.147243    0.130393    0.277636
blockave_all  1000.0  1500.0  1000.0  1500.0       1.0       1.0   -37.491539        0.057675 -37.198235 -37.748986 -59.742779 -66.799859  1.535428  1.489151    0.135231    0.135231    0.270461
block1all        0.0   500.0     0.0   500.0       1.0       1.0   -37.481987        0.055621 -37.457575 -37.466508 -60.110911 -66.308399  1.489668  1.435245     0.15597     0.15597    0.311941
block2all      500.0  1000.0   500.0  1000.0       1.0       1.0   -37.469334        0.056662 -37.216622 -37.551286 -59.919787 -66.331147  1.615581  1.426593    0.152018    0.152018    0.304037
block3all     1000.0  1500.0  1000.0  1500.0       1.0       1.0    -37.71088        0.060048 -37.390627 -37.777652 -60.267244 -67.027073  1.491817   1.47365    0.140024    0.140024    0.280048
block4all     1500.0  2000.0  1500.0  2000.0       1.0       1.0   -37.386798        0.063948 -37.317909 -37.980415 -59.457397 -66.780266   1.58383  1.524778    0.127694    0.127694    0.255388
block5all     2000.0  2500.0  2000.0  2500.0       1.0       1.0   -37.408696        0.074693 -36.608444 -37.969068 -58.958557 -67.552409  1.496245  1.585489    0.100447    0.100447    0.200894
WARNING: Standard deviation of energy difference (kcal/mol) above threshold (2.176 vs. 2.000)
WARNING: Connectivity between two states below threshold (0.271 vs. 0.300)

                dF     dF_all  se_dF_block  se_dF_bar     dF_fwd     dF_bwd  ddF_fwd_bwd     sd_dE  overlap1  overlap2     nA     nB
SUMMARY -37.538626 -37.497701     0.057675   0.038626 -37.260917 -37.711531     0.450615  2.176473  0.270521  0.277636  362.0  955.0
******** Analysis of fep-solv-26-solv-27.bar ******** 

             start_A   end_A start_B   end_B       g_A        g_B dF(kcal/mol) se_dF(kcal/mol)    dF_fwd    dF_bwd    dE_fwd    dE_bwd sd_dE_fwd sd_dE_bwd p_A(traj_B) p_B(traj_A) eig_overlap
all              0.0  2500.0     0.0  2500.0       1.0        1.0    -1.673459        0.017232 -1.458878 -1.755621 -1.451609 -6.443525   0.58484  3.203438    0.242883    0.242883    0.485766
uncorr           0.0  2500.0     0.0  2500.0  5.747126  36.231884    -1.540861        0.067059 -1.254996 -1.612236  -1.44846 -4.989137  0.564727  1.545402    0.077067    0.493003     0.57007
equ           1680.0  2500.0   350.0  2500.0  1.263167  13.784757    -1.601142        0.043078 -1.320212 -1.713122 -1.452796 -6.520209  0.575144  3.682649    0.044629    0.487958    0.532587
blockave_all  1000.0  1500.0  1000.0  1500.0       1.0        1.0    -1.686925        0.100867 -1.395812 -1.784765 -1.451609 -6.443525   0.57265  2.801926    0.242993    0.242993    0.485986
block1all        0.0   500.0     0.0   500.0       1.0        1.0    -2.034107         0.04618 -1.622296 -2.031882 -1.720795 -9.325632  0.652667  5.237627    0.198376    0.198376    0.396751
block2all      500.0  1000.0   500.0  1000.0       1.0        1.0    -1.510717         0.03504 -1.789749 -1.512883 -1.410306 -5.716024   0.62533   2.76576     0.26661     0.26661    0.533219
block3all     1000.0  1500.0  1000.0  1500.0       1.0        1.0    -1.790137        0.040263 -1.257917  -1.94657 -1.515925 -6.548822  0.543282  2.341634    0.231935    0.231935     0.46387
block4all     1500.0  2000.0  1500.0  2000.0       1.0        1.0    -1.592599        0.035683 -1.275866 -1.678888 -1.424395 -5.162514   0.55863  1.741616    0.262078    0.262078    0.524156
block5all     2000.0  2500.0  2000.0  2500.0       1.0        1.0    -1.507067        0.036568 -1.033235 -1.753605 -1.186625 -5.464634  0.483341  1.922991    0.255966    0.255966    0.511933
WARNING: Standard deviation of energy difference (kcal/mol) above threshold (3.256 vs. 2.000)

               dF    dF_all  se_dF_block  se_dF_bar    dF_fwd    dF_bwd  ddF_fwd_bwd     sd_dE  overlap1  overlap2     nA     nB
SUMMARY -1.601142 -1.673459     0.100867   0.043078 -1.458878 -1.755621     0.296743  3.256386  0.485766  0.532587  649.0  155.0
