
     ######################################################################
   ##########################################################################
  ###                                                                      ###
 ###            Tinker  ---  Software Tools for Molecular Design            ###
 ##                                                                          ##
 ##                         Version 8.9.2  June 2021                         ##
 ##                                                                          ##
 ##               Copyright (c)  Jay William Ponder  1990-2021               ##
 ###                           All Rights Reserved                          ###
  ###                                                                      ###
   ##########################################################################
     ######################################################################


 Simulation Trajectory A and Thermodynamic State 0 :  

 
 Number of Frames :         325
 Temperature :           300.00

 Simulation Trajectory B and Thermodynamic State 1 :  

 
 Number of Frames :         327
 Temperature :           300.00

 Free Energy Difference via FEP Method :

 Free Energy via Forward FEP              -0.8469 +/-   0.0231 Kcal/mol
 Free Energy via Backward FEP             -0.8210 +/-   0.0130 Kcal/mol

 Free Energy Difference via BAR Method :

 BAR Iteration   0                        -0.8226 Kcal/mol
 BAR Iteration   1                        -0.8269 Kcal/mol
 BAR Iteration   2                        -0.8269 Kcal/mol

 Free Energy via BAR Iteration            -0.8269 +/-   0.0173 Kcal/mol
 Free Energy via BAR Bootstrap            -0.8270 +/-   0.0104 Kcal/mol

 Enthalpy from Potential Energy Averages :

 Average Energy for State 0               24.7541 +/-   0.1994 Kcal/mol
 Average Energy for State 1               23.8942 +/-   0.2104 Kcal/mol
 Enthalpy via Direct Estimate             -0.8599 +/-   0.2904 Kcal/mol

 Enthalpy and Entropy via FEP Method :

 Enthalpy via Forward FEP                 -0.2593 +/-   0.4575 Kcal/mol
 Entropy via Forward FEP                 0.001959 Kcal/mol/K
 Forward FEP -T*dS Value                  -0.5876 Kcal/mol

 Enthalpy via Backward FEP                -0.5750 +/-   0.4292 Kcal/mol
 Entropy via Backward FEP                0.000820 Kcal/mol/K
 Backward FEP -T*dS Value                 -0.2460 Kcal/mol

 Enthalpy and Entropy via BAR Method :

 Enthalpy via BAR Estimate                -0.4726 +/-   0.0696 Kcal/mol
 Entropy via BAR Estimate                0.001181 Kcal/mol/K
 BAR Estimate of -T*dS                    -0.3544 Kcal/mol
