
     ######################################################################
   ##########################################################################
  ###                                                                      ###
 ###            Tinker  ---  Software Tools for Molecular Design            ###
 ##                                                                          ##
 ##                         Version 8.9.2  June 2021                         ##
 ##                                                                          ##
 ##               Copyright (c)  Jay William Ponder  1990-2021               ##
 ###                           All Rights Reserved                          ###
  ###                                                                      ###
   ##########################################################################
     ######################################################################


 Simulation Trajectory A and Thermodynamic State 0 :  

 
 Number of Frames :         854
 Temperature :           300.00

 Simulation Trajectory B and Thermodynamic State 1 :  

 
 Number of Frames :         323
 Temperature :           300.00

 Free Energy Difference via FEP Method :

 Free Energy via Forward FEP              -0.0476 +/-   0.0001 Kcal/mol
 Free Energy via Backward FEP             -0.0471 +/-   0.0002 Kcal/mol

 Free Energy Difference via BAR Method :

 BAR Iteration   0                        -0.0473 Kcal/mol
 BAR Iteration   1                        -0.0473 Kcal/mol

 Free Energy via BAR Iteration            -0.0473 +/-   0.0002 Kcal/mol
 Free Energy via BAR Bootstrap            -0.0473 +/-   0.0001 Kcal/mol

 Enthalpy from Potential Energy Averages :

 Average Energy for State 0               30.4118 +/-   0.1250 Kcal/mol
 Average Energy for State 1               30.4279 +/-   0.2045 Kcal/mol
 Enthalpy via Direct Estimate              0.0161 +/-   0.2396 Kcal/mol

 Enthalpy and Entropy via FEP Method :

 Enthalpy via Forward FEP                 -0.0459 +/-   0.2499 Kcal/mol
 Entropy via Forward FEP                 0.000006 Kcal/mol/K
 Forward FEP -T*dS Value                  -0.0017 Kcal/mol

 Enthalpy via Backward FEP                -0.0473 +/-   0.4091 Kcal/mol
 Entropy via Backward FEP               -0.000001 Kcal/mol/K
 Backward FEP -T*dS Value                  0.0002 Kcal/mol

 Enthalpy and Entropy via BAR Method :

 Enthalpy via BAR Estimate                -0.0459 +/-   0.0006 Kcal/mol
 Entropy via BAR Estimate                0.000005 Kcal/mol/K
 BAR Estimate of -T*dS                    -0.0014 Kcal/mol
