
     ######################################################################
   ##########################################################################
  ###                                                                      ###
 ###            Tinker  ---  Software Tools for Molecular Design            ###
 ##                                                                          ##
 ##                         Version 8.9.2  June 2021                         ##
 ##                                                                          ##
 ##               Copyright (c)  Jay William Ponder  1990-2021               ##
 ###                           All Rights Reserved                          ###
  ###                                                                      ###
   ##########################################################################
     ######################################################################


 Simulation Trajectory A and Thermodynamic State 0 :  

 
 Number of Frames :         322
 Temperature :           300.00

 Simulation Trajectory B and Thermodynamic State 1 :  

 
 Number of Frames :         341
 Temperature :           300.00

 Free Energy Difference via FEP Method :

 Free Energy via Forward FEP              -0.2781 +/-   0.0099 Kcal/mol
 Free Energy via Backward FEP             -0.2562 +/-   0.0052 Kcal/mol

 Free Energy Difference via BAR Method :

 BAR Iteration   0                        -0.2618 Kcal/mol
 BAR Iteration   1                        -0.2637 Kcal/mol
 BAR Iteration   2                        -0.2637 Kcal/mol

 Free Energy via BAR Iteration            -0.2637 +/-   0.0073 Kcal/mol
 Free Energy via BAR Bootstrap            -0.2637 +/-   0.0044 Kcal/mol

 Enthalpy from Potential Energy Averages :

 Average Energy for State 0               23.5928 +/-   0.2178 Kcal/mol
 Average Energy for State 1               23.3794 +/-   0.1917 Kcal/mol
 Enthalpy via Direct Estimate             -0.2134 +/-   0.2898 Kcal/mol

 Enthalpy and Entropy via FEP Method :

 Enthalpy via Forward FEP                 -0.0578 +/-   0.4489 Kcal/mol
 Entropy via Forward FEP                 0.000734 Kcal/mol/K
 Forward FEP -T*dS Value                  -0.2203 Kcal/mol

 Enthalpy via Backward FEP                -0.1768 +/-   0.3852 Kcal/mol
 Entropy via Backward FEP                0.000264 Kcal/mol/K
 Backward FEP -T*dS Value                 -0.0793 Kcal/mol

 Enthalpy and Entropy via BAR Method :

 Enthalpy via BAR Estimate                -0.1348 +/-   0.0279 Kcal/mol
 Entropy via BAR Estimate                0.000430 Kcal/mol/K
 BAR Estimate of -T*dS                    -0.1289 Kcal/mol
