
     ######################################################################
   ##########################################################################
  ###                                                                      ###
 ###            Tinker  ---  Software Tools for Molecular Design            ###
 ##                                                                          ##
 ##                         Version 8.9.2  June 2021                         ##
 ##                                                                          ##
 ##               Copyright (c)  Jay William Ponder  1990-2021               ##
 ###                           All Rights Reserved                          ###
  ###                                                                      ###
   ##########################################################################
     ######################################################################


 Simulation Trajectory A and Thermodynamic State 0 :  

 
 Number of Frames :        1000
 Temperature :           300.00

 Simulation Trajectory B and Thermodynamic State 1 :  

 
 Number of Frames :        1000
 Temperature :           300.00

 Free Energy Difference via FEP Method :

 Free Energy via Forward FEP              -0.7057 +/-   0.0234 Kcal/mol
 Free Energy via Backward FEP             -0.7361 +/-   0.0248 Kcal/mol

 Free Energy Difference via BAR Method :

 BAR Iteration   0                        -0.7083 Kcal/mol
 BAR Iteration   1                        -0.7002 Kcal/mol
 BAR Iteration   2                        -0.7003 Kcal/mol

 Free Energy via BAR Iteration            -0.7003 +/-   0.0223 Kcal/mol
 Free Energy via BAR Bootstrap            -0.7002 +/-   0.0132 Kcal/mol

 Enthalpy from Potential Energy Averages :

 Average Energy for State 0           -21630.6157 +/-   2.9850 Kcal/mol
 Average Energy for State 1           -21630.7670 +/-   3.0677 Kcal/mol
 Enthalpy via Direct Estimate             -0.1513 +/-   4.2779 Kcal/mol

 Enthalpy and Entropy via FEP Method :

 Enthalpy via Forward FEP                 -4.4639 +/-   8.6787 Kcal/mol
 Entropy via Forward FEP                -0.012527 Kcal/mol/K
 Forward FEP -T*dS Value                   3.7582 Kcal/mol

 Enthalpy via Backward FEP                -9.0988 +/-   7.6347 Kcal/mol
 Entropy via Backward FEP               -0.027876 Kcal/mol/K
 Backward FEP -T*dS Value                  8.3627 Kcal/mol

 Enthalpy and Entropy via BAR Method :

 Enthalpy via BAR Estimate                -5.9299 +/-   2.1263 Kcal/mol
 Entropy via BAR Estimate               -0.017432 Kcal/mol/K
 BAR Estimate of -T*dS                     5.2297 Kcal/mol
