
     ######################################################################
   ##########################################################################
  ###                                                                      ###
 ###            Tinker  ---  Software Tools for Molecular Design            ###
 ##                                                                          ##
 ##                         Version 8.9.2  June 2021                         ##
 ##                                                                          ##
 ##               Copyright (c)  Jay William Ponder  1990-2021               ##
 ###                           All Rights Reserved                          ###
  ###                                                                      ###
   ##########################################################################
     ######################################################################


 Simulation Trajectory A and Thermodynamic State 0 :  

 
 Number of Frames :         828
 Temperature :           300.00

 Simulation Trajectory B and Thermodynamic State 1 :  

 
 Number of Frames :         885
 Temperature :           300.00

 Free Energy Difference via FEP Method :

 Free Energy via Forward FEP              -0.0632 +/-   0.0002 Kcal/mol
 Free Energy via Backward FEP             -0.0630 +/-   0.0002 Kcal/mol

 Free Energy Difference via BAR Method :

 BAR Iteration   0                        -0.0631 Kcal/mol
 BAR Iteration   1                        -0.0631 Kcal/mol

 Free Energy via BAR Iteration            -0.0631 +/-   0.0002 Kcal/mol
 Free Energy via BAR Bootstrap            -0.0631 +/-   0.0001 Kcal/mol

 Enthalpy from Potential Energy Averages :

 Average Energy for State 0               30.4154 +/-   0.1254 Kcal/mol
 Average Energy for State 1               30.4301 +/-   0.1220 Kcal/mol
 Enthalpy via Direct Estimate              0.0146 +/-   0.1749 Kcal/mol

 Enthalpy and Entropy via FEP Method :

 Enthalpy via Forward FEP                 -0.0593 +/-   0.2508 Kcal/mol
 Entropy via Forward FEP                 0.000013 Kcal/mol/K
 Forward FEP -T*dS Value                  -0.0038 Kcal/mol

 Enthalpy via Backward FEP                -0.0605 +/-   0.2442 Kcal/mol
 Entropy via Backward FEP                0.000008 Kcal/mol/K
 Backward FEP -T*dS Value                 -0.0024 Kcal/mol

 Enthalpy and Entropy via BAR Method :

 Enthalpy via BAR Estimate                -0.0601 +/-   0.0008 Kcal/mol
 Entropy via BAR Estimate                0.000010 Kcal/mol/K
 BAR Estimate of -T*dS                    -0.0030 Kcal/mol
