
     ######################################################################
   ##########################################################################
  ###                                                                      ###
 ###            Tinker  ---  Software Tools for Molecular Design            ###
 ##                                                                          ##
 ##                         Version 8.9.2  June 2021                         ##
 ##                                                                          ##
 ##               Copyright (c)  Jay William Ponder  1990-2021               ##
 ###                           All Rights Reserved                          ###
  ###                                                                      ###
   ##########################################################################
     ######################################################################


 Simulation Trajectory A and Thermodynamic State 0 :  

 
 Number of Frames :         298
 Temperature :           300.00

 Simulation Trajectory B and Thermodynamic State 1 :  

 
 Number of Frames :         980
 Temperature :           300.00

 Free Energy Difference via FEP Method :

 Free Energy via Forward FEP              -0.0102 +/-   0.0000 Kcal/mol
 Free Energy via Backward FEP             -0.0105 +/-   0.0000 Kcal/mol

 Free Energy Difference via BAR Method :

 BAR Iteration   0                        -0.0104 Kcal/mol
 BAR Iteration   1                        -0.0104 Kcal/mol

 Free Energy via BAR Iteration            -0.0104 +/-   0.0000 Kcal/mol
 Free Energy via BAR Bootstrap            -0.0104 +/-   0.0000 Kcal/mol

 Enthalpy from Potential Energy Averages :

 Average Energy for State 0               29.8297 +/-   0.2200 Kcal/mol
 Average Energy for State 1               30.4856 +/-   0.1169 Kcal/mol
 Enthalpy via Direct Estimate              0.6559 +/-   0.2483 Kcal/mol

 Enthalpy and Entropy via FEP Method :

 Enthalpy via Forward FEP                 -0.0106 +/-   0.4399 Kcal/mol
 Entropy via Forward FEP                -0.000001 Kcal/mol/K
 Forward FEP -T*dS Value                   0.0004 Kcal/mol

 Enthalpy via Backward FEP                -0.0100 +/-   0.2338 Kcal/mol
 Entropy via Backward FEP                0.000002 Kcal/mol/K
 Backward FEP -T*dS Value                 -0.0005 Kcal/mol

 Enthalpy and Entropy via BAR Method :

 Enthalpy via BAR Estimate                -0.0102 +/-   0.0001 Kcal/mol
 Entropy via BAR Estimate                0.000001 Kcal/mol/K
 BAR Estimate of -T*dS                    -0.0002 Kcal/mol
