
     ######################################################################
   ##########################################################################
  ###                                                                      ###
 ###            Tinker  ---  Software Tools for Molecular Design            ###
 ##                                                                          ##
 ##                         Version 8.9.2  June 2021                         ##
 ##                                                                          ##
 ##               Copyright (c)  Jay William Ponder  1990-2021               ##
 ###                           All Rights Reserved                          ###
  ###                                                                      ###
   ##########################################################################
     ######################################################################


 Simulation Trajectory A and Thermodynamic State 0 :  

 
 Number of Frames :        1000
 Temperature :           300.00

 Simulation Trajectory B and Thermodynamic State 1 :  

 
 Number of Frames :        1000
 Temperature :           300.00

 Free Energy Difference via FEP Method :

 Free Energy via Forward FEP              -0.0493 +/-   0.0016 Kcal/mol
 Free Energy via Backward FEP             -0.0477 +/-   0.0016 Kcal/mol

 Free Energy Difference via BAR Method :

 BAR Iteration   0                        -0.0484 Kcal/mol
 BAR Iteration   1                        -0.0485 Kcal/mol

 Free Energy via BAR Iteration            -0.0485 +/-   0.0019 Kcal/mol
 Free Energy via BAR Bootstrap            -0.0485 +/-   0.0011 Kcal/mol

 Enthalpy from Potential Energy Averages :

 Average Energy for State 0           -21638.1077 +/-   2.9625 Kcal/mol
 Average Energy for State 1           -21637.0649 +/-   3.0336 Kcal/mol
 Enthalpy via Direct Estimate              1.0429 +/-   4.2439 Kcal/mol

 Enthalpy and Entropy via FEP Method :

 Enthalpy via Forward FEP                 -0.0090 +/-   5.9455 Kcal/mol
 Entropy via Forward FEP                 0.000134 Kcal/mol/K
 Forward FEP -T*dS Value                  -0.0403 Kcal/mol

 Enthalpy via Backward FEP                -0.3972 +/-   6.0974 Kcal/mol
 Entropy via Backward FEP               -0.001165 Kcal/mol/K
 Backward FEP -T*dS Value                  0.3495 Kcal/mol

 Enthalpy and Entropy via BAR Method :

 Enthalpy via BAR Estimate                -0.2475 +/-   0.1784 Kcal/mol
 Entropy via BAR Estimate               -0.000664 Kcal/mol/K
 BAR Estimate of -T*dS                     0.1991 Kcal/mol
