
     ######################################################################
   ##########################################################################
  ###                                                                      ###
 ###            Tinker  ---  Software Tools for Molecular Design            ###
 ##                                                                          ##
 ##                         Version 8.9.2  June 2021                         ##
 ##                                                                          ##
 ##               Copyright (c)  Jay William Ponder  1990-2021               ##
 ###                           All Rights Reserved                          ###
  ###                                                                      ###
   ##########################################################################
     ######################################################################


 Simulation Trajectory A and Thermodynamic State 0 :  

 
 Number of Frames :        1000
 Temperature :           300.00

 Simulation Trajectory B and Thermodynamic State 1 :  

 
 Number of Frames :        1000
 Temperature :           300.00

 Free Energy Difference via FEP Method :

 Free Energy via Forward FEP               0.5192 +/-   0.0227 Kcal/mol
 Free Energy via Backward FEP              0.4997 +/-   0.0275 Kcal/mol

 Free Energy Difference via BAR Method :

 BAR Iteration   0                         0.5276 Kcal/mol
 BAR Iteration   1                         0.5333 Kcal/mol
 BAR Iteration   2                         0.5333 Kcal/mol

 Free Energy via BAR Iteration             0.5333 +/-   0.0258 Kcal/mol
 Free Energy via BAR Bootstrap             0.5334 +/-   0.0156 Kcal/mol

 Enthalpy from Potential Energy Averages :

 Average Energy for State 0           -21630.2539 +/-   2.9296 Kcal/mol
 Average Energy for State 1           -21633.3886 +/-   3.0016 Kcal/mol
 Enthalpy via Direct Estimate             -3.1347 +/-   4.1994 Kcal/mol

 Enthalpy and Entropy via FEP Method :

 Enthalpy via Forward FEP                  3.4820 +/-   7.8785 Kcal/mol
 Entropy via Forward FEP                 0.009876 Kcal/mol/K
 Forward FEP -T*dS Value                  -2.9629 Kcal/mol

 Enthalpy via Backward FEP                -1.4504 +/-   9.0540 Kcal/mol
 Entropy via Backward FEP               -0.006500 Kcal/mol/K
 Backward FEP -T*dS Value                  1.9501 Kcal/mol

 Enthalpy and Entropy via BAR Method :

 Enthalpy via BAR Estimate                 1.2930 +/-   2.5444 Kcal/mol
 Entropy via BAR Estimate                0.002532 Kcal/mol/K
 BAR Estimate of -T*dS                    -0.7596 Kcal/mol
