
     ######################################################################
   ##########################################################################
  ###                                                                      ###
 ###            Tinker  ---  Software Tools for Molecular Design            ###
 ##                                                                          ##
 ##                         Version 8.9.2  June 2021                         ##
 ##                                                                          ##
 ##               Copyright (c)  Jay William Ponder  1990-2021               ##
 ###                           All Rights Reserved                          ###
  ###                                                                      ###
   ##########################################################################
     ######################################################################


 Simulation Trajectory A and Thermodynamic State 0 :  

 
 Number of Frames :         372
 Temperature :           300.00

 Simulation Trajectory B and Thermodynamic State 1 :  

 
 Number of Frames :         404
 Temperature :           300.00

 Free Energy Difference via FEP Method :

 Free Energy via Forward FEP              -0.1138 +/-   0.0067 Kcal/mol
 Free Energy via Backward FEP             -0.0443 +/-   0.0022 Kcal/mol

 Free Energy Difference via BAR Method :

 BAR Iteration   0                        -0.0721 Kcal/mol
 BAR Iteration   1                        -0.0741 Kcal/mol
 BAR Iteration   2                        -0.0742 Kcal/mol

 Free Energy via BAR Iteration            -0.0742 +/-   0.0049 Kcal/mol
 Free Energy via BAR Bootstrap            -0.0742 +/-   0.0030 Kcal/mol

 Enthalpy from Potential Energy Averages :

 Average Energy for State 0               23.2988 +/-   0.1906 Kcal/mol
 Average Energy for State 1               22.9297 +/-   0.1784 Kcal/mol
 Enthalpy via Direct Estimate             -0.3691 +/-   0.2610 Kcal/mol

 Enthalpy and Entropy via FEP Method :

 Enthalpy via Forward FEP                 -0.0141 +/-   0.3827 Kcal/mol
 Entropy via Forward FEP                 0.000332 Kcal/mol/K
 Forward FEP -T*dS Value                  -0.0997 Kcal/mol

 Enthalpy via Backward FEP                -0.0242 +/-   0.3565 Kcal/mol
 Entropy via Backward FEP                0.000067 Kcal/mol/K
 Backward FEP -T*dS Value                 -0.0201 Kcal/mol

 Enthalpy and Entropy via BAR Method :

 Enthalpy via BAR Estimate                -0.0115 +/-   0.0174 Kcal/mol
 Entropy via BAR Estimate                0.000209 Kcal/mol/K
 BAR Estimate of -T*dS                    -0.0627 Kcal/mol
