
     ######################################################################
   ##########################################################################
  ###                                                                      ###
 ###            Tinker  ---  Software Tools for Molecular Design            ###
 ##                                                                          ##
 ##                         Version 8.9.2  June 2021                         ##
 ##                                                                          ##
 ##               Copyright (c)  Jay William Ponder  1990-2021               ##
 ###                           All Rights Reserved                          ###
  ###                                                                      ###
   ##########################################################################
     ######################################################################


 Simulation Trajectory A and Thermodynamic State 0 :  

 
 Number of Frames :        1000
 Temperature :           300.00

 Simulation Trajectory B and Thermodynamic State 1 :  

 
 Number of Frames :        1000
 Temperature :           300.00

 Free Energy Difference via FEP Method :

 Free Energy via Forward FEP               1.5007 +/-   0.0268 Kcal/mol
 Free Energy via Backward FEP              1.6270 +/-   0.1354 Kcal/mol

 Free Energy Difference via BAR Method :

 BAR Iteration   0                         1.4966 Kcal/mol
 BAR Iteration   1                         1.5117 Kcal/mol
 BAR Iteration   2                         1.5120 Kcal/mol
 BAR Iteration   3                         1.5120 Kcal/mol

 Free Energy via BAR Iteration             1.5120 +/-   0.0313 Kcal/mol
 Free Energy via BAR Bootstrap             1.5121 +/-   0.0190 Kcal/mol

 Enthalpy from Potential Energy Averages :

 Average Energy for State 0           -21627.2088 +/-   3.0951 Kcal/mol
 Average Energy for State 1           -21631.6844 +/-   2.9708 Kcal/mol
 Enthalpy via Direct Estimate             -4.4756 +/-   4.2908 Kcal/mol

 Enthalpy and Entropy via FEP Method :

 Enthalpy via Forward FEP                  2.9258 +/-   7.9431 Kcal/mol
 Entropy via Forward FEP                 0.004750 Kcal/mol/K
 Forward FEP -T*dS Value                  -1.4251 Kcal/mol

 Enthalpy via Backward FEP               -12.2797 +/-  36.4797 Kcal/mol
 Entropy via Backward FEP               -0.046356 Kcal/mol/K
 Backward FEP -T*dS Value                 13.9067 Kcal/mol

 Enthalpy and Entropy via BAR Method :

 Enthalpy via BAR Estimate                 4.7521 +/-   3.0832 Kcal/mol
 Entropy via BAR Estimate                0.010800 Kcal/mol/K
 BAR Estimate of -T*dS                    -3.2400 Kcal/mol
