
     ######################################################################
   ##########################################################################
  ###                                                                      ###
 ###            Tinker  ---  Software Tools for Molecular Design            ###
 ##                                                                          ##
 ##                         Version 8.9.2  June 2021                         ##
 ##                                                                          ##
 ##               Copyright (c)  Jay William Ponder  1990-2021               ##
 ###                           All Rights Reserved                          ###
  ###                                                                      ###
   ##########################################################################
     ######################################################################


 Simulation Trajectory A and Thermodynamic State 0 :  

 
 Number of Frames :        1000
 Temperature :           300.00

 Simulation Trajectory B and Thermodynamic State 1 :  

 
 Number of Frames :        1000
 Temperature :           300.00

 Free Energy Difference via FEP Method :

 Free Energy via Forward FEP               1.6505 +/-   0.0129 Kcal/mol
 Free Energy via Backward FEP              1.5841 +/-   0.0124 Kcal/mol

 Free Energy Difference via BAR Method :

 BAR Iteration   0                         1.6421 Kcal/mol
 BAR Iteration   1                         1.6098 Kcal/mol
 BAR Iteration   2                         1.6106 Kcal/mol
 BAR Iteration   3                         1.6105 Kcal/mol

 Free Energy via BAR Iteration             1.6105 +/-   0.0142 Kcal/mol
 Free Energy via BAR Bootstrap             1.6106 +/-   0.0083 Kcal/mol

 Enthalpy from Potential Energy Averages :

 Average Energy for State 0           -21625.2036 +/-   2.9741 Kcal/mol
 Average Energy for State 1           -21624.4934 +/-   3.0291 Kcal/mol
 Enthalpy via Direct Estimate              0.7102 +/-   4.2482 Kcal/mol

 Enthalpy and Entropy via FEP Method :

 Enthalpy via Forward FEP                  3.1986 +/-   6.4536 Kcal/mol
 Entropy via Forward FEP                 0.005160 Kcal/mol/K
 Forward FEP -T*dS Value                  -1.5481 Kcal/mol

 Enthalpy via Backward FEP                -0.8143 +/-   6.6917 Kcal/mol
 Entropy via Backward FEP               -0.007995 Kcal/mol/K
 Backward FEP -T*dS Value                  2.3984 Kcal/mol

 Enthalpy and Entropy via BAR Method :

 Enthalpy via BAR Estimate                 1.5084 +/-   1.3204 Kcal/mol
 Entropy via BAR Estimate               -0.000341 Kcal/mol/K
 BAR Estimate of -T*dS                     0.1022 Kcal/mol
