
     ######################################################################
   ##########################################################################
  ###                                                                      ###
 ###            Tinker  ---  Software Tools for Molecular Design            ###
 ##                                                                          ##
 ##                         Version 8.9.2  June 2021                         ##
 ##                                                                          ##
 ##               Copyright (c)  Jay William Ponder  1990-2021               ##
 ###                           All Rights Reserved                          ###
  ###                                                                      ###
   ##########################################################################
     ######################################################################


 Simulation Trajectory A and Thermodynamic State 0 :  

 
 Number of Frames :        1000
 Temperature :           300.00

 Simulation Trajectory B and Thermodynamic State 1 :  

 
 Number of Frames :        1000
 Temperature :           300.00

 Free Energy Difference via FEP Method :

 Free Energy via Forward FEP              -0.0027 +/-   0.0016 Kcal/mol
 Free Energy via Backward FEP             -0.0022 +/-   0.0016 Kcal/mol

 Free Energy Difference via BAR Method :

 BAR Iteration   0                        -0.0024 Kcal/mol
 BAR Iteration   1                        -0.0024 Kcal/mol

 Free Energy via BAR Iteration            -0.0024 +/-   0.0019 Kcal/mol
 Free Energy via BAR Bootstrap            -0.0024 +/-   0.0012 Kcal/mol

 Enthalpy from Potential Energy Averages :

 Average Energy for State 0           -21635.2760 +/-   3.0284 Kcal/mol
 Average Energy for State 1           -21637.3611 +/-   3.0173 Kcal/mol
 Enthalpy via Direct Estimate             -2.0851 +/-   4.2780 Kcal/mol

 Enthalpy and Entropy via FEP Method :

 Enthalpy via Forward FEP                  0.1953 +/-   6.0668 Kcal/mol
 Entropy via Forward FEP                 0.000660 Kcal/mol/K
 Forward FEP -T*dS Value                  -0.1980 Kcal/mol

 Enthalpy via Backward FEP                 0.3387 +/-   6.0661 Kcal/mol
 Entropy via Backward FEP                0.001136 Kcal/mol/K
 Backward FEP -T*dS Value                 -0.3409 Kcal/mol

 Enthalpy and Entropy via BAR Method :

 Enthalpy via BAR Estimate                 0.2726 +/-   0.1877 Kcal/mol
 Entropy via BAR Estimate                0.000917 Kcal/mol/K
 BAR Estimate of -T*dS                    -0.2751 Kcal/mol
