
     ######################################################################
   ##########################################################################
  ###                                                                      ###
 ###            Tinker  ---  Software Tools for Molecular Design            ###
 ##                                                                          ##
 ##                         Version 8.9.2  June 2021                         ##
 ##                                                                          ##
 ##               Copyright (c)  Jay William Ponder  1990-2021               ##
 ###                           All Rights Reserved                          ###
  ###                                                                      ###
   ##########################################################################
     ######################################################################


 Simulation Trajectory A and Thermodynamic State 0 :  

 
 Number of Frames :        2500
 Temperature :           298.00

 Simulation Trajectory B and Thermodynamic State 1 :  

 
 Number of Frames :        2500
 Temperature :           298.00

 Free Energy Difference via FEP Method :

 Free Energy via Forward FEP             -22.4811 +/-   0.0582 Kcal/mol
 Free Energy via Backward FEP            -22.3197 +/-   0.0917 Kcal/mol

 Free Energy Difference via BAR Method :

 BAR Iteration   0                       -22.3123 Kcal/mol
 BAR Iteration   1                       -22.4297 Kcal/mol
 BAR Iteration   2                       -22.4314 Kcal/mol
 BAR Iteration   3                       -22.4314 Kcal/mol

 Free Energy via BAR Iteration           -22.4314 +/-   0.0318 Kcal/mol
 Free Energy via BAR Bootstrap           -22.4314 +/-   0.0192 Kcal/mol

 Enthalpy from Potential Energy Averages :

 Average Energy for State 0          -119260.8062 +/-   4.8183 Kcal/mol
 Average Energy for State 1          -119309.0477 +/-   4.9396 Kcal/mol
 Enthalpy via Direct Estimate            -48.2416 +/-   6.9148 Kcal/mol

 Enthalpy and Entropy via FEP Method :

 Enthalpy via Forward FEP                -46.8975 +/-  48.9089 Kcal/mol
 Entropy via Forward FEP                -0.081934 Kcal/mol/K
 Forward FEP -T*dS Value                  24.4163 Kcal/mol

 Enthalpy via Backward FEP                 4.1268 +/-  27.9573 Kcal/mol
 Entropy via Backward FEP                0.088746 Kcal/mol/K
 Backward FEP -T*dS Value                -26.4464 Kcal/mol

 Enthalpy and Entropy via BAR Method :

 Enthalpy via BAR Estimate               -26.8691 +/-   9.1615 Kcal/mol
 Entropy via BAR Estimate               -0.014892 Kcal/mol/K
 BAR Estimate of -T*dS                     4.4377 Kcal/mol
