
     ######################################################################
   ##########################################################################
  ###                                                                      ###
 ###            Tinker  ---  Software Tools for Molecular Design            ###
 ##                                                                          ##
 ##                         Version 8.9.2  June 2021                         ##
 ##                                                                          ##
 ##               Copyright (c)  Jay William Ponder  1990-2021               ##
 ###                           All Rights Reserved                          ###
  ###                                                                      ###
   ##########################################################################
     ######################################################################


 Simulation Trajectory A and Thermodynamic State 0 :  

 
 Number of Frames :        2500
 Temperature :           298.00

 Simulation Trajectory B and Thermodynamic State 1 :  

 
 Number of Frames :        2500
 Temperature :           298.00

 Free Energy Difference via FEP Method :

 Free Energy via Forward FEP               1.7984 +/-   0.0205 Kcal/mol
 Free Energy via Backward FEP              1.9831 +/-   0.0206 Kcal/mol

 Free Energy Difference via BAR Method :

 BAR Iteration   0                         1.8328 Kcal/mol
 BAR Iteration   1                         1.9530 Kcal/mol
 BAR Iteration   2                         1.9605 Kcal/mol
 BAR Iteration   3                         1.9609 Kcal/mol
 BAR Iteration   4                         1.9609 Kcal/mol

 Free Energy via BAR Iteration             1.9609 +/-   0.0178 Kcal/mol
 Free Energy via BAR Bootstrap             1.9610 +/-   0.0113 Kcal/mol

 Enthalpy from Potential Energy Averages :

 Average Energy for State 0          -119177.6161 +/-   4.9174 Kcal/mol
 Average Energy for State 1          -119185.7299 +/-   4.8396 Kcal/mol
 Enthalpy via Direct Estimate             -8.1137 +/-   6.8937 Kcal/mol

 Enthalpy and Entropy via FEP Method :

 Enthalpy via Forward FEP                 15.0889 +/-  21.6372 Kcal/mol
 Entropy via Forward FEP                 0.044599 Kcal/mol/K
 Forward FEP -T*dS Value                 -13.2904 Kcal/mol

 Enthalpy via Backward FEP               -10.3739 +/-  12.6933 Kcal/mol
 Entropy via Backward FEP               -0.041467 Kcal/mol/K
 Backward FEP -T*dS Value                 12.3570 Kcal/mol

 Enthalpy and Entropy via BAR Method :

 Enthalpy via BAR Estimate                12.8901 +/-   5.3989 Kcal/mol
 Entropy via BAR Estimate                0.036675 Kcal/mol/K
 BAR Estimate of -T*dS                   -10.9290 Kcal/mol
