
     ######################################################################
   ##########################################################################
  ###                                                                      ###
 ###            Tinker  ---  Software Tools for Molecular Design            ###
 ##                                                                          ##
 ##                         Version 8.9.2  June 2021                         ##
 ##                                                                          ##
 ##               Copyright (c)  Jay William Ponder  1990-2021               ##
 ###                           All Rights Reserved                          ###
  ###                                                                      ###
   ##########################################################################
     ######################################################################


 Simulation Trajectory A and Thermodynamic State 0 :  

 
 Number of Frames :        2500
 Temperature :           298.00

 Simulation Trajectory B and Thermodynamic State 1 :  

 
 Number of Frames :        2500
 Temperature :           298.00

 Free Energy Difference via FEP Method :

 Free Energy via Forward FEP               2.9074 +/-   0.1084 Kcal/mol
 Free Energy via Backward FEP              4.8701 +/-   0.0877 Kcal/mol

 Free Energy Difference via BAR Method :

 BAR Iteration   0                         3.0726 Kcal/mol
 BAR Iteration   1                         3.9505 Kcal/mol
 BAR Iteration   2                         4.2699 Kcal/mol
 BAR Iteration   3                         4.3731 Kcal/mol
 BAR Iteration   4                         4.4043 Kcal/mol
 BAR Iteration   5                         4.4135 Kcal/mol
 BAR Iteration   6                         4.4162 Kcal/mol
 BAR Iteration   7                         4.4170 Kcal/mol
 BAR Iteration   8                         4.4172 Kcal/mol
 BAR Iteration   9                         4.4173 Kcal/mol

 Free Energy via BAR Iteration             4.4173 +/-   0.0314 Kcal/mol
 Free Energy via BAR Bootstrap             4.4171 +/-   0.0263 Kcal/mol

 Enthalpy from Potential Energy Averages :

 Average Energy for State 0          -119198.8255 +/-   4.7306 Kcal/mol
 Average Energy for State 1          -119180.3722 +/-   4.8386 Kcal/mol
 Enthalpy via Direct Estimate             18.4533 +/-   6.7744 Kcal/mol

 Enthalpy and Entropy via FEP Method :

 Enthalpy via Forward FEP                 25.9496 +/-  76.5763 Kcal/mol
 Entropy via Forward FEP                 0.077323 Kcal/mol/K
 Forward FEP -T*dS Value                 -23.0421 Kcal/mol

 Enthalpy via Backward FEP                -7.1203 +/-  21.4200 Kcal/mol
 Entropy via Backward FEP               -0.040236 Kcal/mol/K
 Backward FEP -T*dS Value                 11.9904 Kcal/mol

 Enthalpy and Entropy via BAR Method :

 Enthalpy via BAR Estimate                43.2836 +/-  11.9836 Kcal/mol
 Entropy via BAR Estimate                0.130425 Kcal/mol/K
 BAR Estimate of -T*dS                   -38.8665 Kcal/mol
