
     ######################################################################
   ##########################################################################
  ###                                                                      ###
 ###            Tinker  ---  Software Tools for Molecular Design            ###
 ##                                                                          ##
 ##                         Version 8.9.2  June 2021                         ##
 ##                                                                          ##
 ##               Copyright (c)  Jay William Ponder  1990-2021               ##
 ###                           All Rights Reserved                          ###
  ###                                                                      ###
   ##########################################################################
     ######################################################################


 Simulation Trajectory A and Thermodynamic State 0 :  

 
 Number of Frames :        2500
 Temperature :           298.00

 Simulation Trajectory B and Thermodynamic State 1 :  

 
 Number of Frames :        2500
 Temperature :           298.00

 Free Energy Difference via FEP Method :

 Free Energy via Forward FEP               2.8633 +/-   0.0693 Kcal/mol
 Free Energy via Backward FEP              4.5334 +/-   0.0643 Kcal/mol

 Free Energy Difference via BAR Method :

 BAR Iteration   0                         2.9469 Kcal/mol
 BAR Iteration   1                         3.6494 Kcal/mol
 BAR Iteration   2                         3.8759 Kcal/mol
 BAR Iteration   3                         3.9476 Kcal/mol
 BAR Iteration   4                         3.9699 Kcal/mol
 BAR Iteration   5                         3.9769 Kcal/mol
 BAR Iteration   6                         3.9790 Kcal/mol
 BAR Iteration   7                         3.9796 Kcal/mol
 BAR Iteration   8                         3.9798 Kcal/mol
 BAR Iteration   9                         3.9799 Kcal/mol

 Free Energy via BAR Iteration             3.9799 +/-   0.0357 Kcal/mol
 Free Energy via BAR Bootstrap             3.9801 +/-   0.0307 Kcal/mol

 Enthalpy from Potential Energy Averages :

 Average Energy for State 0          -119180.3734 +/-   4.8130 Kcal/mol
 Average Energy for State 1          -119175.3489 +/-   4.7917 Kcal/mol
 Enthalpy via Direct Estimate              5.0246 +/-   6.8092 Kcal/mol

 Enthalpy and Entropy via FEP Method :

 Enthalpy via Forward FEP               -311.2407 +/- 310.4632 Kcal/mol
 Entropy via Forward FEP                -1.054040 Kcal/mol/K
 Forward FEP -T*dS Value                 314.1040 Kcal/mol

 Enthalpy via Backward FEP                13.5943 +/-  20.1249 Kcal/mol
 Entropy via Backward FEP                0.030406 Kcal/mol/K
 Backward FEP -T*dS Value                 -9.0609 Kcal/mol

 Enthalpy and Entropy via BAR Method :

 Enthalpy via BAR Estimate                27.7295 +/-  14.1911 Kcal/mol
 Entropy via BAR Estimate                0.079696 Kcal/mol/K
 BAR Estimate of -T*dS                   -23.7494 Kcal/mol
