
     ######################################################################
   ##########################################################################
  ###                                                                      ###
 ###            Tinker  ---  Software Tools for Molecular Design            ###
 ##                                                                          ##
 ##                         Version 8.9.2  June 2021                         ##
 ##                                                                          ##
 ##               Copyright (c)  Jay William Ponder  1990-2021               ##
 ###                           All Rights Reserved                          ###
  ###                                                                      ###
   ##########################################################################
     ######################################################################


 Simulation Trajectory A and Thermodynamic State 0 :  

 
 Number of Frames :        2500
 Temperature :           298.00

 Simulation Trajectory B and Thermodynamic State 1 :  

 
 Number of Frames :        2500
 Temperature :           298.00

 Free Energy Difference via FEP Method :

 Free Energy via Forward FEP              -2.6106 +/-   0.0231 Kcal/mol
 Free Energy via Backward FEP             -2.2583 +/-   0.0567 Kcal/mol

 Free Energy Difference via BAR Method :

 BAR Iteration   0                        -2.2939 Kcal/mol
 BAR Iteration   1                        -2.4456 Kcal/mol
 BAR Iteration   2                        -2.4574 Kcal/mol
 BAR Iteration   3                        -2.4583 Kcal/mol
 BAR Iteration   4                        -2.4584 Kcal/mol

 Free Energy via BAR Iteration            -2.4584 +/-   0.0222 Kcal/mol
 Free Energy via BAR Bootstrap            -2.4583 +/-   0.0143 Kcal/mol

 Enthalpy from Potential Energy Averages :

 Average Energy for State 0          -119183.2501 +/-   4.8322 Kcal/mol
 Average Energy for State 1          -119179.3996 +/-   4.8344 Kcal/mol
 Enthalpy via Direct Estimate              3.8505 +/-   6.8312 Kcal/mol

 Enthalpy and Entropy via FEP Method :

 Enthalpy via Forward FEP                -11.6434 +/-  14.5285 Kcal/mol
 Entropy via Forward FEP                -0.030311 Kcal/mol/K
 Forward FEP -T*dS Value                   9.0327 Kcal/mol

 Enthalpy via Backward FEP               -16.4228 +/-  21.9090 Kcal/mol
 Entropy via Backward FEP               -0.047532 Kcal/mol/K
 Backward FEP -T*dS Value                 14.1645 Kcal/mol

 Enthalpy and Entropy via BAR Method :

 Enthalpy via BAR Estimate               -18.9271 +/-   5.7493 Kcal/mol
 Entropy via BAR Estimate               -0.055265 Kcal/mol/K
 BAR Estimate of -T*dS                    16.4688 Kcal/mol
