
     ######################################################################
   ##########################################################################
  ###                                                                      ###
 ###            Tinker  ---  Software Tools for Molecular Design            ###
 ##                                                                          ##
 ##                         Version 8.9.2  June 2021                         ##
 ##                                                                          ##
 ##               Copyright (c)  Jay William Ponder  1990-2021               ##
 ###                           All Rights Reserved                          ###
  ###                                                                      ###
   ##########################################################################
     ######################################################################


 Simulation Trajectory A and Thermodynamic State 0 :  

 
 Number of Frames :         322
 Temperature :           300.00

 Simulation Trajectory B and Thermodynamic State 1 :  

 
 Number of Frames :         333
 Temperature :           300.00

 Free Energy Difference via FEP Method :

 Free Energy via Forward FEP              -1.4002 +/-   0.0266 Kcal/mol
 Free Energy via Backward FEP             -1.4091 +/-   0.0164 Kcal/mol

 Free Energy Difference via BAR Method :

 BAR Iteration   0                        -1.4054 Kcal/mol
 BAR Iteration   1                        -1.3938 Kcal/mol
 BAR Iteration   2                        -1.3939 Kcal/mol

 Free Energy via BAR Iteration            -1.3939 +/-   0.0206 Kcal/mol
 Free Energy via BAR Bootstrap            -1.3939 +/-   0.0122 Kcal/mol

 Enthalpy from Potential Energy Averages :

 Average Energy for State 0               26.3698 +/-   0.1985 Kcal/mol
 Average Energy for State 1               24.5323 +/-   0.1890 Kcal/mol
 Enthalpy via Direct Estimate             -1.8375 +/-   0.2736 Kcal/mol

 Enthalpy and Entropy via FEP Method :

 Enthalpy via Forward FEP                 -0.9984 +/-   0.4343 Kcal/mol
 Entropy via Forward FEP                 0.001339 Kcal/mol/K
 Forward FEP -T*dS Value                  -0.4017 Kcal/mol

 Enthalpy via Backward FEP                -1.0400 +/-   0.4029 Kcal/mol
 Entropy via Backward FEP                0.001231 Kcal/mol/K
 Backward FEP -T*dS Value                 -0.3692 Kcal/mol

 Enthalpy and Entropy via BAR Method :

 Enthalpy via BAR Estimate                -1.0004 +/-   0.0755 Kcal/mol
 Entropy via BAR Estimate                0.001312 Kcal/mol/K
 BAR Estimate of -T*dS                    -0.3935 Kcal/mol
