
     ######################################################################
   ##########################################################################
  ###                                                                      ###
 ###            Tinker  ---  Software Tools for Molecular Design            ###
 ##                                                                          ##
 ##                         Version 8.9.2  June 2021                         ##
 ##                                                                          ##
 ##               Copyright (c)  Jay William Ponder  1990-2021               ##
 ###                           All Rights Reserved                          ###
  ###                                                                      ###
   ##########################################################################
     ######################################################################


 Simulation Trajectory A and Thermodynamic State 0 :  

 
 Number of Frames :        1000
 Temperature :           300.00

 Simulation Trajectory B and Thermodynamic State 1 :  

 
 Number of Frames :        1000
 Temperature :           300.00

 Free Energy Difference via FEP Method :

 Free Energy via Forward FEP              -0.0036 +/-   0.0023 Kcal/mol
 Free Energy via Backward FEP             -0.0100 +/-   0.0023 Kcal/mol

 Free Energy Difference via BAR Method :

 BAR Iteration   0                        -0.0068 Kcal/mol
 BAR Iteration   1                        -0.0067 Kcal/mol

 Free Energy via BAR Iteration            -0.0067 +/-   0.0027 Kcal/mol
 Free Energy via BAR Bootstrap            -0.0068 +/-   0.0016 Kcal/mol

 Enthalpy from Potential Energy Averages :

 Average Energy for State 0           -21645.9695 +/-   2.9462 Kcal/mol
 Average Energy for State 1           -21635.2626 +/-   2.9450 Kcal/mol
 Enthalpy via Direct Estimate             10.7069 +/-   4.1674 Kcal/mol

 Enthalpy and Entropy via FEP Method :

 Enthalpy via Forward FEP                 -0.1288 +/-   5.9129 Kcal/mol
 Entropy via Forward FEP                -0.000417 Kcal/mol/K
 Forward FEP -T*dS Value                   0.1252 Kcal/mol

 Enthalpy via Backward FEP                 0.1986 +/-   5.9131 Kcal/mol
 Entropy via Backward FEP                0.000695 Kcal/mol/K
 Backward FEP -T*dS Value                 -0.2086 Kcal/mol

 Enthalpy and Entropy via BAR Method :

 Enthalpy via BAR Estimate                 0.0938 +/-   0.2512 Kcal/mol
 Entropy via BAR Estimate                0.000335 Kcal/mol/K
 BAR Estimate of -T*dS                    -0.1006 Kcal/mol
