
     ######################################################################
   ##########################################################################
  ###                                                                      ###
 ###            Tinker  ---  Software Tools for Molecular Design            ###
 ##                                                                          ##
 ##                         Version 8.9.2  June 2021                         ##
 ##                                                                          ##
 ##               Copyright (c)  Jay William Ponder  1990-2021               ##
 ###                           All Rights Reserved                          ###
  ###                                                                      ###
   ##########################################################################
     ######################################################################


 Simulation Trajectory A and Thermodynamic State 0 :  

 
 Number of Frames :         329
 Temperature :           300.00

 Simulation Trajectory B and Thermodynamic State 1 :  

 
 Number of Frames :         359
 Temperature :           300.00

 Free Energy Difference via FEP Method :

 Free Energy via Forward FEP              -0.1293 +/-   0.0034 Kcal/mol
 Free Energy via Backward FEP             -0.1306 +/-   0.0032 Kcal/mol

 Free Energy Difference via BAR Method :

 BAR Iteration   0                        -0.1304 Kcal/mol
 BAR Iteration   1                        -0.1304 Kcal/mol

 Free Energy via BAR Iteration            -0.1304 +/-   0.0040 Kcal/mol
 Free Energy via BAR Bootstrap            -0.1304 +/-   0.0024 Kcal/mol

 Enthalpy from Potential Energy Averages :

 Average Energy for State 0               23.3762 +/-   0.1970 Kcal/mol
 Average Energy for State 1               23.2996 +/-   0.1888 Kcal/mol
 Enthalpy via Direct Estimate             -0.0766 +/-   0.2726 Kcal/mol

 Enthalpy and Entropy via FEP Method :

 Enthalpy via Forward FEP                 -0.0954 +/-   0.3942 Kcal/mol
 Entropy via Forward FEP                 0.000113 Kcal/mol/K
 Forward FEP -T*dS Value                  -0.0338 Kcal/mol

 Enthalpy via Backward FEP                -0.0659 +/-   0.3770 Kcal/mol
 Entropy via Backward FEP                0.000216 Kcal/mol/K
 Backward FEP -T*dS Value                 -0.0647 Kcal/mol

 Enthalpy and Entropy via BAR Method :

 Enthalpy via BAR Estimate                -0.0771 +/-   0.0134 Kcal/mol
 Entropy via BAR Estimate                0.000178 Kcal/mol/K
 BAR Estimate of -T*dS                    -0.0533 Kcal/mol
