
     ######################################################################
   ##########################################################################
  ###                                                                      ###
 ###            Tinker  ---  Software Tools for Molecular Design            ###
 ##                                                                          ##
 ##                         Version 8.9.2  June 2021                         ##
 ##                                                                          ##
 ##               Copyright (c)  Jay William Ponder  1990-2021               ##
 ###                           All Rights Reserved                          ###
  ###                                                                      ###
   ##########################################################################
     ######################################################################


 Simulation Trajectory A and Thermodynamic State 0 :  

 
 Number of Frames :        1000
 Temperature :           300.00

 Simulation Trajectory B and Thermodynamic State 1 :  

 
 Number of Frames :        1000
 Temperature :           300.00

 Free Energy Difference via FEP Method :

 Free Energy via Forward FEP               2.1975 +/-   0.0209 Kcal/mol
 Free Energy via Backward FEP              2.2430 +/-   0.0127 Kcal/mol

 Free Energy Difference via BAR Method :

 BAR Iteration   0                         2.2055 Kcal/mol
 BAR Iteration   1                         2.2382 Kcal/mol
 BAR Iteration   2                         2.2385 Kcal/mol
 BAR Iteration   3                         2.2385 Kcal/mol

 Free Energy via BAR Iteration             2.2385 +/-   0.0150 Kcal/mol
 Free Energy via BAR Bootstrap             2.2385 +/-   0.0090 Kcal/mol

 Enthalpy from Potential Energy Averages :

 Average Energy for State 0           -21628.7175 +/-   2.9947 Kcal/mol
 Average Energy for State 1           -21625.1975 +/-   2.9846 Kcal/mol
 Enthalpy via Direct Estimate              3.5200 +/-   4.2228 Kcal/mol

 Enthalpy and Entropy via FEP Method :

 Enthalpy via Forward FEP                  0.6938 +/-   7.2043 Kcal/mol
 Entropy via Forward FEP                -0.005012 Kcal/mol/K
 Forward FEP -T*dS Value                   1.5037 Kcal/mol

 Enthalpy via Backward FEP                 3.9941 +/-   6.4816 Kcal/mol
 Entropy via Backward FEP                0.005837 Kcal/mol/K
 Backward FEP -T*dS Value                 -1.7511 Kcal/mol

 Enthalpy and Entropy via BAR Method :

 Enthalpy via BAR Estimate                 3.2912 +/-   1.4183 Kcal/mol
 Entropy via BAR Estimate                0.003509 Kcal/mol/K
 BAR Estimate of -T*dS                    -1.0527 Kcal/mol
