
     ######################################################################
   ##########################################################################
  ###                                                                      ###
 ###            Tinker  ---  Software Tools for Molecular Design            ###
 ##                                                                          ##
 ##                         Version 8.9.2  June 2021                         ##
 ##                                                                          ##
 ##               Copyright (c)  Jay William Ponder  1990-2021               ##
 ###                           All Rights Reserved                          ###
  ###                                                                      ###
   ##########################################################################
     ######################################################################


 Simulation Trajectory A and Thermodynamic State 0 :  

 
 Number of Frames :         359
 Temperature :           300.00

 Simulation Trajectory B and Thermodynamic State 1 :  

 
 Number of Frames :         385
 Temperature :           300.00

 Free Energy Difference via FEP Method :

 Free Energy via Forward FEP              -0.1025 +/-   0.0055 Kcal/mol
 Free Energy via Backward FEP             -0.1491 +/-   0.0062 Kcal/mol

 Free Energy Difference via BAR Method :

 BAR Iteration   0                        -0.1318 Kcal/mol
 BAR Iteration   1                        -0.1294 Kcal/mol
 BAR Iteration   2                        -0.1294 Kcal/mol

 Free Energy via BAR Iteration            -0.1294 +/-   0.0073 Kcal/mol
 Free Energy via BAR Bootstrap            -0.1294 +/-   0.0043 Kcal/mol

 Enthalpy from Potential Energy Averages :

 Average Energy for State 0               23.4112 +/-   0.1947 Kcal/mol
 Average Energy for State 1               23.2946 +/-   0.1852 Kcal/mol
 Enthalpy via Direct Estimate             -0.1166 +/-   0.2691 Kcal/mol

 Enthalpy and Entropy via FEP Method :

 Enthalpy via Forward FEP                 -0.0571 +/-   0.3905 Kcal/mol
 Entropy via Forward FEP                 0.000151 Kcal/mol/K
 Forward FEP -T*dS Value                  -0.0454 Kcal/mol

 Enthalpy via Backward FEP                -0.0075 +/-   0.3733 Kcal/mol
 Entropy via Backward FEP                0.000472 Kcal/mol/K
 Backward FEP -T*dS Value                 -0.1416 Kcal/mol

 Enthalpy and Entropy via BAR Method :

 Enthalpy via BAR Estimate                -0.0360 +/-   0.0254 Kcal/mol
 Entropy via BAR Estimate                0.000311 Kcal/mol/K
 BAR Estimate of -T*dS                    -0.0934 Kcal/mol
