
     ######################################################################
   ##########################################################################
  ###                                                                      ###
 ###            Tinker  ---  Software Tools for Molecular Design            ###
 ##                                                                          ##
 ##                         Version 8.9.2  June 2021                         ##
 ##                                                                          ##
 ##               Copyright (c)  Jay William Ponder  1990-2021               ##
 ###                           All Rights Reserved                          ###
  ###                                                                      ###
   ##########################################################################
     ######################################################################


 Simulation Trajectory A and Thermodynamic State 0 :  

 
 Number of Frames :         312
 Temperature :           300.00

 Simulation Trajectory B and Thermodynamic State 1 :  

 
 Number of Frames :         333
 Temperature :           300.00

 Free Energy Difference via FEP Method :

 Free Energy via Forward FEP              -1.7099 +/-   0.0238 Kcal/mol
 Free Energy via Backward FEP             -1.7614 +/-   0.0219 Kcal/mol

 Free Energy Difference via BAR Method :

 BAR Iteration   0                        -1.7587 Kcal/mol
 BAR Iteration   1                        -1.7403 Kcal/mol
 BAR Iteration   2                        -1.7406 Kcal/mol
 BAR Iteration   3                        -1.7406 Kcal/mol

 Free Energy via BAR Iteration            -1.7406 +/-   0.0255 Kcal/mol
 Free Energy via BAR Bootstrap            -1.7406 +/-   0.0149 Kcal/mol

 Enthalpy from Potential Energy Averages :

 Average Energy for State 0               28.7911 +/-   0.2109 Kcal/mol
 Average Energy for State 1               27.3872 +/-   0.2003 Kcal/mol
 Enthalpy via Direct Estimate             -1.4039 +/-   0.2899 Kcal/mol

 Enthalpy and Entropy via FEP Method :

 Enthalpy via Forward FEP                 -1.3545 +/-   0.4643 Kcal/mol
 Entropy via Forward FEP                 0.001185 Kcal/mol/K
 Forward FEP -T*dS Value                  -0.3554 Kcal/mol

 Enthalpy via Backward FEP                -1.2648 +/-   0.4358 Kcal/mol
 Entropy via Backward FEP                0.001656 Kcal/mol/K
 Backward FEP -T*dS Value                 -0.4967 Kcal/mol

 Enthalpy and Entropy via BAR Method :

 Enthalpy via BAR Estimate                -1.3620 +/-   0.0919 Kcal/mol
 Entropy via BAR Estimate                0.001262 Kcal/mol/K
 BAR Estimate of -T*dS                    -0.3786 Kcal/mol
