
     ######################################################################
   ##########################################################################
  ###                                                                      ###
 ###            Tinker  ---  Software Tools for Molecular Design            ###
 ##                                                                          ##
 ##                         Version 8.9.2  June 2021                         ##
 ##                                                                          ##
 ##               Copyright (c)  Jay William Ponder  1990-2021               ##
 ###                           All Rights Reserved                          ###
  ###                                                                      ###
   ##########################################################################
     ######################################################################


 Simulation Trajectory A and Thermodynamic State 0 :  

 
 Number of Frames :         348
 Temperature :           300.00

 Simulation Trajectory B and Thermodynamic State 1 :  

 
 Number of Frames :         352
 Temperature :           300.00

 Free Energy Difference via FEP Method :

 Free Energy via Forward FEP              -0.1050 +/-   0.0039 Kcal/mol
 Free Energy via Backward FEP             -0.1214 +/-   0.0036 Kcal/mol

 Free Energy Difference via BAR Method :

 BAR Iteration   0                        -0.1144 Kcal/mol
 BAR Iteration   1                        -0.1136 Kcal/mol
 BAR Iteration   2                        -0.1136 Kcal/mol

 Free Energy via BAR Iteration            -0.1136 +/-   0.0043 Kcal/mol
 Free Energy via BAR Bootstrap            -0.1137 +/-   0.0025 Kcal/mol

 Enthalpy from Potential Energy Averages :

 Average Energy for State 0               23.2898 +/-   0.1904 Kcal/mol
 Average Energy for State 1               23.2157 +/-   0.2007 Kcal/mol
 Enthalpy via Direct Estimate             -0.0742 +/-   0.2766 Kcal/mol

 Enthalpy and Entropy via FEP Method :

 Enthalpy via Forward FEP                 -0.0532 +/-   0.3807 Kcal/mol
 Entropy via Forward FEP                 0.000173 Kcal/mol/K
 Forward FEP -T*dS Value                  -0.0518 Kcal/mol

 Enthalpy via Backward FEP                -0.0709 +/-   0.4041 Kcal/mol
 Entropy via Backward FEP                0.000168 Kcal/mol/K
 Backward FEP -T*dS Value                 -0.0505 Kcal/mol

 Enthalpy and Entropy via BAR Method :

 Enthalpy via BAR Estimate                -0.0663 +/-   0.0146 Kcal/mol
 Entropy via BAR Estimate                0.000158 Kcal/mol/K
 BAR Estimate of -T*dS                    -0.0474 Kcal/mol
