
     ######################################################################
   ##########################################################################
  ###                                                                      ###
 ###            Tinker  ---  Software Tools for Molecular Design            ###
 ##                                                                          ##
 ##                         Version 8.9.2  June 2021                         ##
 ##                                                                          ##
 ##               Copyright (c)  Jay William Ponder  1990-2021               ##
 ###                           All Rights Reserved                          ###
  ###                                                                      ###
   ##########################################################################
     ######################################################################


 Simulation Trajectory A and Thermodynamic State 0 :  

 
 Number of Frames :        1000
 Temperature :           300.00

 Simulation Trajectory B and Thermodynamic State 1 :  

 
 Number of Frames :        1000
 Temperature :           300.00

 Free Energy Difference via FEP Method :

 Free Energy via Forward FEP               1.1614 +/-   0.0235 Kcal/mol
 Free Energy via Backward FEP              1.2073 +/-   0.0561 Kcal/mol

 Free Energy Difference via BAR Method :

 BAR Iteration   0                         1.1628 Kcal/mol
 BAR Iteration   1                         1.1653 Kcal/mol
 BAR Iteration   2                         1.1653 Kcal/mol

 Free Energy via BAR Iteration             1.1653 +/-   0.0269 Kcal/mol
 Free Energy via BAR Bootstrap             1.1654 +/-   0.0161 Kcal/mol

 Enthalpy from Potential Energy Averages :

 Average Energy for State 0           -21631.6965 +/-   2.9674 Kcal/mol
 Average Energy for State 1           -21628.3809 +/-   3.0932 Kcal/mol
 Enthalpy via Direct Estimate              3.3156 +/-   4.2877 Kcal/mol

 Enthalpy and Entropy via FEP Method :

 Enthalpy via Forward FEP                 11.3760 +/-   7.4654 Kcal/mol
 Entropy via Forward FEP                 0.034049 Kcal/mol/K
 Forward FEP -T*dS Value                 -10.2146 Kcal/mol

 Enthalpy via Backward FEP                -2.0202 +/-   8.3901 Kcal/mol
 Entropy via Backward FEP               -0.010759 Kcal/mol/K
 Backward FEP -T*dS Value                  3.2276 Kcal/mol

 Enthalpy and Entropy via BAR Method :

 Enthalpy via BAR Estimate                 3.6856 +/-   2.5621 Kcal/mol
 Entropy via BAR Estimate                0.008401 Kcal/mol/K
 BAR Estimate of -T*dS                    -2.5203 Kcal/mol
