
     ######################################################################
   ##########################################################################
  ###                                                                      ###
 ###            Tinker  ---  Software Tools for Molecular Design            ###
 ##                                                                          ##
 ##                         Version 8.9.2  June 2021                         ##
 ##                                                                          ##
 ##               Copyright (c)  Jay William Ponder  1990-2021               ##
 ###                           All Rights Reserved                          ###
  ###                                                                      ###
   ##########################################################################
     ######################################################################


 Simulation Trajectory A and Thermodynamic State 0 :  

 
 Number of Frames :        1000
 Temperature :           300.00

 Simulation Trajectory B and Thermodynamic State 1 :  

 
 Number of Frames :        1000
 Temperature :           300.00

 Free Energy Difference via FEP Method :

 Free Energy via Forward FEP               0.9931 +/-   0.0283 Kcal/mol
 Free Energy via Backward FEP              0.8735 +/-   0.0600 Kcal/mol

 Free Energy Difference via BAR Method :

 BAR Iteration   0                         0.9786 Kcal/mol
 BAR Iteration   1                         0.9598 Kcal/mol
 BAR Iteration   2                         0.9602 Kcal/mol
 BAR Iteration   3                         0.9602 Kcal/mol

 Free Energy via BAR Iteration             0.9602 +/-   0.0304 Kcal/mol
 Free Energy via BAR Bootstrap             0.9603 +/-   0.0177 Kcal/mol

 Enthalpy from Potential Energy Averages :

 Average Energy for State 0           -21629.0313 +/-   3.0868 Kcal/mol
 Average Energy for State 1           -21630.2728 +/-   2.9295 Kcal/mol
 Enthalpy via Direct Estimate             -1.2415 +/-   4.2538 Kcal/mol

 Enthalpy and Entropy via FEP Method :

 Enthalpy via Forward FEP                  0.5766 +/-   8.7162 Kcal/mol
 Entropy via Forward FEP                -0.001388 Kcal/mol/K
 Forward FEP -T*dS Value                   0.4165 Kcal/mol

 Enthalpy via Backward FEP                -0.5531 +/-   9.0735 Kcal/mol
 Entropy via Backward FEP               -0.004755 Kcal/mol/K
 Backward FEP -T*dS Value                  1.4265 Kcal/mol

 Enthalpy and Entropy via BAR Method :

 Enthalpy via BAR Estimate                 2.1622 +/-   2.8911 Kcal/mol
 Entropy via BAR Estimate                0.004007 Kcal/mol/K
 BAR Estimate of -T*dS                    -1.2020 Kcal/mol
