
     ######################################################################
   ##########################################################################
  ###                                                                      ###
 ###            Tinker  ---  Software Tools for Molecular Design            ###
 ##                                                                          ##
 ##                         Version 8.9.2  June 2021                         ##
 ##                                                                          ##
 ##               Copyright (c)  Jay William Ponder  1990-2021               ##
 ###                           All Rights Reserved                          ###
  ###                                                                      ###
   ##########################################################################
     ######################################################################


 Simulation Trajectory A and Thermodynamic State 0 :  

 
 Number of Frames :         363
 Temperature :           300.00

 Simulation Trajectory B and Thermodynamic State 1 :  

 
 Number of Frames :         371
 Temperature :           300.00

 Free Energy Difference via FEP Method :

 Free Energy via Forward FEP              -0.0555 +/-   0.0015 Kcal/mol
 Free Energy via Backward FEP             -0.0763 +/-   0.0029 Kcal/mol

 Free Energy Difference via BAR Method :

 BAR Iteration   0                        -0.0676 Kcal/mol
 BAR Iteration   1                        -0.0670 Kcal/mol
 BAR Iteration   2                        -0.0670 Kcal/mol

 Free Energy via BAR Iteration            -0.0670 +/-   0.0030 Kcal/mol
 Free Energy via BAR Bootstrap            -0.0670 +/-   0.0018 Kcal/mol

 Enthalpy from Potential Energy Averages :

 Average Energy for State 0               22.6435 +/-   0.1995 Kcal/mol
 Average Energy for State 1               23.4112 +/-   0.1903 Kcal/mol
 Enthalpy via Direct Estimate              0.7677 +/-   0.2758 Kcal/mol

 Enthalpy and Entropy via FEP Method :

 Enthalpy via Forward FEP                 -0.0402 +/-   0.3992 Kcal/mol
 Entropy via Forward FEP                 0.000051 Kcal/mol/K
 Forward FEP -T*dS Value                  -0.0152 Kcal/mol

 Enthalpy via Backward FEP                -0.0448 +/-   0.3811 Kcal/mol
 Entropy via Backward FEP                0.000105 Kcal/mol/K
 Backward FEP -T*dS Value                 -0.0316 Kcal/mol

 Enthalpy and Entropy via BAR Method :

 Enthalpy via BAR Estimate                -0.0436 +/-   0.0108 Kcal/mol
 Entropy via BAR Estimate                0.000078 Kcal/mol/K
 BAR Estimate of -T*dS                    -0.0235 Kcal/mol
