
     ######################################################################
   ##########################################################################
  ###                                                                      ###
 ###            Tinker  ---  Software Tools for Molecular Design            ###
 ##                                                                          ##
 ##                         Version 8.9.2  June 2021                         ##
 ##                                                                          ##
 ##               Copyright (c)  Jay William Ponder  1990-2021               ##
 ###                           All Rights Reserved                          ###
  ###                                                                      ###
   ##########################################################################
     ######################################################################


 Simulation Trajectory A and Thermodynamic State 0 :  

 
 Number of Frames :        1000
 Temperature :           300.00

 Simulation Trajectory B and Thermodynamic State 1 :  

 
 Number of Frames :        1000
 Temperature :           300.00

 Free Energy Difference via FEP Method :

 Free Energy via Forward FEP               0.0110 +/-   0.0017 Kcal/mol
 Free Energy via Backward FEP              0.0092 +/-   0.0017 Kcal/mol

 Free Energy Difference via BAR Method :

 BAR Iteration   0                         0.0100 Kcal/mol
 BAR Iteration   1                         0.0100 Kcal/mol

 Free Energy via BAR Iteration             0.0100 +/-   0.0020 Kcal/mol
 Free Energy via BAR Bootstrap             0.0100 +/-   0.0012 Kcal/mol

 Enthalpy from Potential Energy Averages :

 Average Energy for State 0           -21636.1128 +/-   2.9043 Kcal/mol
 Average Energy for State 1           -21634.7656 +/-   2.9817 Kcal/mol
 Enthalpy via Direct Estimate              1.3473 +/-   4.1602 Kcal/mol

 Enthalpy and Entropy via FEP Method :

 Enthalpy via Forward FEP                  0.1676 +/-   5.8089 Kcal/mol
 Entropy via Forward FEP                 0.000522 Kcal/mol/K
 Forward FEP -T*dS Value                  -0.1567 Kcal/mol

 Enthalpy via Backward FEP                 0.4206 +/-   5.9933 Kcal/mol
 Entropy via Backward FEP                0.001371 Kcal/mol/K
 Backward FEP -T*dS Value                 -0.4114 Kcal/mol

 Enthalpy and Entropy via BAR Method :

 Enthalpy via BAR Estimate                 0.2803 +/-   0.1872 Kcal/mol
 Entropy via BAR Estimate                0.000901 Kcal/mol/K
 BAR Estimate of -T*dS                    -0.2703 Kcal/mol
