
     ######################################################################
   ##########################################################################
  ###                                                                      ###
 ###            Tinker  ---  Software Tools for Molecular Design            ###
 ##                                                                          ##
 ##                         Version 8.9.2  June 2021                         ##
 ##                                                                          ##
 ##               Copyright (c)  Jay William Ponder  1990-2021               ##
 ###                           All Rights Reserved                          ###
  ###                                                                      ###
   ##########################################################################
     ######################################################################


 Simulation Trajectory A and Thermodynamic State 0 :  

 
 Number of Frames :        1000
 Temperature :           300.00

 Simulation Trajectory B and Thermodynamic State 1 :  

 
 Number of Frames :        1000
 Temperature :           300.00

 Free Energy Difference via FEP Method :

 Free Energy via Forward FEP               0.0034 +/-   0.0021 Kcal/mol
 Free Energy via Backward FEP              0.0098 +/-   0.0020 Kcal/mol

 Free Energy Difference via BAR Method :

 BAR Iteration   0                         0.0066 Kcal/mol
 BAR Iteration   1                         0.0066 Kcal/mol

 Free Energy via BAR Iteration             0.0066 +/-   0.0025 Kcal/mol
 Free Energy via BAR Bootstrap             0.0066 +/-   0.0015 Kcal/mol

 Enthalpy from Potential Energy Averages :

 Average Energy for State 0           -21631.6542 +/-   2.9996 Kcal/mol
 Average Energy for State 1           -21645.9884 +/-   2.9328 Kcal/mol
 Enthalpy via Direct Estimate            -14.3342 +/-   4.2013 Kcal/mol

 Enthalpy and Entropy via FEP Method :

 Enthalpy via Forward FEP                  0.5614 +/-   5.9994 Kcal/mol
 Entropy via Forward FEP                 0.001860 Kcal/mol/K
 Forward FEP -T*dS Value                  -0.5580 Kcal/mol

 Enthalpy via Backward FEP                 0.0307 +/-   5.8790 Kcal/mol
 Entropy via Backward FEP                0.000070 Kcal/mol/K
 Backward FEP -T*dS Value                 -0.0209 Kcal/mol

 Enthalpy and Entropy via BAR Method :

 Enthalpy via BAR Estimate                 0.2847 +/-   0.2225 Kcal/mol
 Entropy via BAR Estimate                0.000927 Kcal/mol/K
 BAR Estimate of -T*dS                    -0.2781 Kcal/mol
